# JRE version: OpenJDK Runtime Environment (11.0.8+10) (build 11.0.8+10-b944.6842174)
# Java VM: OpenJDK 64-Bit Server VM (11.0.8+10-b944.6842174, mixed mode, tiered, compressed oops, g1 gc, windows-amd64)
Heap:
 garbage-first heap   total 189440K, used 79165K [0x0000000080000000, 0x0000000100000000)
  region size 1024K, 18 young (18432K), 7 survivors (7168K)
 Metaspace       used 62535K, capacity 64294K, committed 64496K, reserved 1105920K
  class space    used 7960K, capacity 8543K, committed 8600K, reserved 1048576K
GC Heap History (20 events):
Event: 1.660 GC heap before
{Heap before GC invocations=2 (full 0):
 garbage-first heap   total 131072K, used 37216K [0x0000000080000000, 0x0000000100000000)
  region size 1024K, 30 young (30720K), 1 survivors (1024K)
 Metaspace       used 10626K, capacity 10821K, committed 11008K, reserved 1058816K
  class space    used 1102K, capacity 1164K, committed 1280K, reserved 1048576K
}
Event: 1.664 GC heap after
{Heap after GC invocations=3 (full 0):
 garbage-first heap   total 131072K, used 12746K [0x0000000080000000, 0x0000000100000000)
  region size 1024K, 4 young (4096K), 4 survivors (4096K)
 Metaspace       used 10626K, capacity 10821K, committed 11008K, reserved 1058816K
  class space    used 1102K, capacity 1164K, committed 1280K, reserved 1048576K
}
Event: 3.186 GC heap before
{Heap before GC invocations=3 (full 0):
 garbage-first heap   total 131072K, used 55754K [0x0000000080000000, 0x0000000100000000)
  region size 1024K, 46 young (47104K), 4 survivors (4096K)
 Metaspace       used 19141K, capacity 19581K, committed 19712K, reserved 1067008K
  class space    used 2323K, capacity 2468K, committed 2560K, reserved 1048576K
}
Event: 3.194 GC heap after
{Heap after GC invocations=4 (full 0):
 garbage-first heap   total 131072K, used 15807K [0x0000000080000000, 0x0000000100000000)
  region size 1024K, 4 young (4096K), 4 survivors (4096K)
 Metaspace       used 19141K, capacity 19581K, committed 19712K, reserved 1067008K
  class space    used 2323K, capacity 2468K, committed 2560K, reserved 1048576K
}
Event: 3.306 GC heap before
{Heap before GC invocations=4 (full 0):
 garbage-first heap   total 131072K, used 25023K [0x0000000080000000, 0x0000000100000000)
  region size 1024K, 14 young (14336K), 4 survivors (4096K)
 Metaspace       used 20573K, capacity 21123K, committed 21296K, reserved 1069056K
  class space    used 2513K, capacity 2688K, committed 2688K, reserved 1048576K
}
Event: 3.311 GC heap after
{Heap after GC invocations=5 (full 0):
 garbage-first heap   total 131072K, used 16118K [0x0000000080000000, 0x0000000100000000)
  region size 1024K, 4 young (4096K), 4 survivors (4096K)
 Metaspace       used 20573K, capacity 21123K, committed 21296K, reserved 1069056K
  class space    used 2513K, capacity 2688K, committed 2688K, reserved 1048576K
}
Event: 4.143 GC heap before
{Heap before GC invocations=6 (full 0):
 garbage-first heap   total 131072K, used 79606K [0x0000000080000000, 0x0000000100000000)
  region size 1024K, 58 young (59392K), 4 survivors (4096K)
 Metaspace       used 26184K, capacity 26993K, committed 27184K, reserved 1073152K
  class space    used 3417K, capacity 3652K, committed 3712K, reserved 1048576K
}
Event: 4.152 GC heap after
{Heap after GC invocations=7 (full 0):
 garbage-first heap   total 131072K, used 30380K [0x0000000080000000, 0x0000000100000000)
  region size 1024K, 8 young (8192K), 8 survivors (8192K)
 Metaspace       used 26184K, capacity 26993K, committed 27184K, reserved 1073152K
  class space    used 3417K, capacity 3652K, committed 3712K, reserved 1048576K
}
Event: 4.952 GC heap before
{Heap before GC invocations=7 (full 0):
 garbage-first heap   total 131072K, used 79532K [0x0000000080000000, 0x0000000100000000)
  region size 1024K, 58 young (59392K), 8 survivors (8192K)
 Metaspace       used 34888K, capacity 35660K, committed 35708K, reserved 1081344K
  class space    used 4522K, capacity 4831K, committed 4864K, reserved 1048576K
}
Event: 4.966 GC heap after
{Heap after GC invocations=8 (full 0):
 garbage-first heap   total 131072K, used 34028K [0x0000000080000000, 0x0000000100000000)
  region size 1024K, 4 young (4096K), 4 survivors (4096K)
 Metaspace       used 34888K, capacity 35660K, committed 35708K, reserved 1081344K
  class space    used 4522K, capacity 4831K, committed 4864K, reserved 1048576K
}
Event: 6.043 GC heap before
{Heap before GC invocations=9 (full 0):
 garbage-first heap   total 131072K, used 100588K [0x0000000080000000, 0x0000000100000000)
  region size 1024K, 60 young (61440K), 4 survivors (4096K)
 Metaspace       used 40710K, capacity 41766K, committed 41800K, reserved 1085440K
  class space    used 5214K, capacity 5565K, committed 5580K, reserved 1048576K
}
Event: 6.054 GC heap after
{Heap after GC invocations=10 (full 0):
 garbage-first heap   total 157696K, used 46012K [0x0000000080000000, 0x0000000100000000)
  region size 1024K, 8 young (8192K), 8 survivors (8192K)
 Metaspace       used 40710K, capacity 41766K, committed 41800K, reserved 1085440K
  class space    used 5214K, capacity 5565K, committed 5580K, reserved 1048576K
}
Event: 7.274 GC heap before
{Heap before GC invocations=10 (full 0):
 garbage-first heap   total 157696K, used 118716K [0x0000000080000000, 0x0000000100000000)
  region size 1024K, 79 young (80896K), 8 survivors (8192K)
 Metaspace       used 46345K, capacity 47661K, committed 47816K, reserved 1091584K
  class space    used 5948K, capacity 6349K, committed 6476K, reserved 1048576K
}
Event: 7.291 GC heap after
{Heap after GC invocations=11 (full 0):
 garbage-first heap   total 157696K, used 51040K [0x0000000080000000, 0x0000000100000000)
  region size 1024K, 10 young (10240K), 10 survivors (10240K)
 Metaspace       used 46345K, capacity 47661K, committed 47816K, reserved 1091584K
  class space    used 5948K, capacity 6349K, committed 6476K, reserved 1048576K
}
Event: 8.405 GC heap before
{Heap before GC invocations=11 (full 0):
 garbage-first heap   total 157696K, used 121696K [0x0000000080000000, 0x0000000100000000)
  region size 1024K, 77 young (78848K), 10 survivors (10240K)
 Metaspace       used 52039K, capacity 53430K, committed 53576K, reserved 1095680K
  class space    used 6611K, capacity 7055K, committed 7116K, reserved 1048576K
}
Event: 8.420 GC heap after
{Heap after GC invocations=12 (full 0):
 garbage-first heap   total 157696K, used 60770K [0x0000000080000000, 0x0000000100000000)
  region size 1024K, 10 young (10240K), 10 survivors (10240K)
 Metaspace       used 52039K, capacity 53430K, committed 53576K, reserved 1095680K
  class space    used 6611K, capacity 7055K, committed 7116K, reserved 1048576K
}
Event: 9.427 GC heap before
{Heap before GC invocations=12 (full 0):
 garbage-first heap   total 157696K, used 106850K [0x0000000080000000, 0x0000000100000000)
  region size 1024K, 57 young (58368K), 10 survivors (10240K)
 Metaspace       used 58287K, capacity 59928K, committed 60068K, reserved 1101824K
  class space    used 7417K, capacity 7957K, committed 8012K, reserved 1048576K
}
Event: 9.449 GC heap after
{Heap after GC invocations=13 (full 0):
 garbage-first heap   total 157696K, used 64930K [0x0000000080000000, 0x0000000100000000)
  region size 1024K, 4 young (4096K), 4 survivors (4096K)
 Metaspace       used 58287K, capacity 59928K, committed 60068K, reserved 1101824K
  class space    used 7417K, capacity 7957K, committed 8012K, reserved 1048576K
}
Event: 10.693 GC heap before
{Heap before GC invocations=14 (full 0):
 garbage-first heap   total 157696K, used 118178K [0x0000000080000000, 0x0000000100000000)
  region size 1024K, 56 young (57344K), 4 survivors (4096K)
 Metaspace       used 61130K, capacity 62878K, committed 63088K, reserved 1103872K
  class space    used 7779K, capacity 8349K, committed 8472K, reserved 1048576K
}
Event: 10.713 GC heap after
{Heap after GC invocations=15 (full 0):
 garbage-first heap   total 189440K, used 68925K [0x0000000080000000, 0x0000000100000000)
  region size 1024K, 7 young (7168K), 7 survivors (7168K)
 Metaspace       used 61130K, capacity 62878K, committed 63088K, reserved 1103872K
  class space    used 7779K, capacity 8349K, committed 8472K, reserved 1048576K
}

