# JRE version: OpenJDK Runtime Environment (11.0.8+10) (build 11.0.8+10-b944.6842174)
# Java VM: OpenJDK 64-Bit Server VM (11.0.8+10-b944.6842174, mixed mode, tiered, compressed oops, g1 gc, windows-amd64)
Heap:
 garbage-first heap   total 227328K, used 176533K [0x0000000080000000, 0x0000000100000000)
  region size 1024K, 31 young (31744K), 1 survivors (1024K)
 Metaspace       used 115129K, capacity 118793K, committed 119152K, reserved 1153024K
  class space    used 14248K, capacity 15489K, committed 15616K, reserved 1048576K
GC Heap History (20 events):
Event: 823.382 GC heap before
{Heap before GC invocations=84 (full 0):
 garbage-first heap   total 189440K, used 156946K [0x0000000080000000, 0x0000000100000000)
  region size 1024K, 14 young (14336K), 1 survivors (1024K)
 Metaspace       used 114769K, capacity 118401K, committed 118512K, reserved 1153024K
  class space    used 14245K, capacity 15487K, committed 15488K, reserved 1048576K
}
Event: 823.391 GC heap after
{Heap after GC invocations=85 (full 0):
 garbage-first heap   total 189440K, used 144794K [0x0000000080000000, 0x0000000100000000)
  region size 1024K, 1 young (1024K), 1 survivors (1024K)
 Metaspace       used 114769K, capacity 118401K, committed 118512K, reserved 1153024K
  class space    used 14245K, capacity 15487K, committed 15488K, reserved 1048576K
}
Event: 824.007 GC heap before
{Heap before GC invocations=85 (full 0):
 garbage-first heap   total 189440K, used 159130K [0x0000000080000000, 0x0000000100000000)
  region size 1024K, 15 young (15360K), 1 survivors (1024K)
 Metaspace       used 114896K, capacity 118529K, committed 118768K, reserved 1153024K
  class space    used 14245K, capacity 15487K, committed 15488K, reserved 1048576K
}
Event: 824.011 GC heap after
{Heap after GC invocations=86 (full 0):
 garbage-first heap   total 189440K, used 144691K [0x0000000080000000, 0x0000000100000000)
  region size 1024K, 1 young (1024K), 1 survivors (1024K)
 Metaspace       used 114896K, capacity 118529K, committed 118768K, reserved 1153024K
  class space    used 14245K, capacity 15487K, committed 15488K, reserved 1048576K
}
Event: 824.539 GC heap before
{Heap before GC invocations=87 (full 0):
 garbage-first heap   total 189440K, used 160051K [0x0000000080000000, 0x0000000100000000)
  region size 1024K, 16 young (16384K), 1 survivors (1024K)
 Metaspace       used 114951K, capacity 118596K, committed 118768K, reserved 1153024K
  class space    used 14245K, capacity 15487K, committed 15488K, reserved 1048576K
}
Event: 824.543 GC heap after
{Heap after GC invocations=88 (full 0):
 garbage-first heap   total 189440K, used 145128K [0x0000000080000000, 0x0000000100000000)
  region size 1024K, 2 young (2048K), 2 survivors (2048K)
 Metaspace       used 114951K, capacity 118596K, committed 118768K, reserved 1153024K
  class space    used 14245K, capacity 15487K, committed 15488K, reserved 1048576K
}
Event: 824.960 GC heap before
{Heap before GC invocations=88 (full 0):
 garbage-first heap   total 189440K, used 152296K [0x0000000080000000, 0x0000000100000000)
  region size 1024K, 9 young (9216K), 2 survivors (2048K)
 Metaspace       used 114953K, capacity 118596K, committed 118768K, reserved 1153024K
  class space    used 14245K, capacity 15487K, committed 15488K, reserved 1048576K
}
Event: 824.969 GC heap after
{Heap after GC invocations=89 (full 0):
 garbage-first heap   total 189440K, used 143185K [0x0000000080000000, 0x0000000100000000)
  region size 1024K, 1 young (1024K), 1 survivors (1024K)
 Metaspace       used 114953K, capacity 118596K, committed 118768K, reserved 1153024K
  class space    used 14245K, capacity 15487K, committed 15488K, reserved 1048576K
}
Event: 825.476 GC heap before
{Heap before GC invocations=89 (full 0):
 garbage-first heap   total 189440K, used 160593K [0x0000000080000000, 0x0000000100000000)
  region size 1024K, 18 young (18432K), 1 survivors (1024K)
 Metaspace       used 114968K, capacity 118596K, committed 118768K, reserved 1153024K
  class space    used 14245K, capacity 15487K, committed 15488K, reserved 1048576K
}
Event: 825.481 GC heap after
{Heap after GC invocations=90 (full 0):
 garbage-first heap   total 189440K, used 143811K [0x0000000080000000, 0x0000000100000000)
  region size 1024K, 2 young (2048K), 2 survivors (2048K)
 Metaspace       used 114968K, capacity 118596K, committed 118768K, reserved 1153024K
  class space    used 14245K, capacity 15487K, committed 15488K, reserved 1048576K
}
Event: 826.085 GC heap before
{Heap before GC invocations=90 (full 0):
 garbage-first heap   total 189440K, used 160195K [0x0000000080000000, 0x0000000100000000)
  region size 1024K, 19 young (19456K), 2 survivors (2048K)
 Metaspace       used 115087K, capacity 118660K, committed 118768K, reserved 1153024K
  class space    used 14246K, capacity 15487K, committed 15488K, reserved 1048576K
}
Event: 826.091 GC heap after
{Heap after GC invocations=91 (full 0):
 garbage-first heap   total 189440K, used 144983K [0x0000000080000000, 0x0000000100000000)
  region size 1024K, 3 young (3072K), 3 survivors (3072K)
 Metaspace       used 115087K, capacity 118660K, committed 118768K, reserved 1153024K
  class space    used 14246K, capacity 15487K, committed 15488K, reserved 1048576K
}
Event: 826.964 GC heap before
{Heap before GC invocations=92 (full 0):
 garbage-first heap   total 189440K, used 161367K [0x0000000080000000, 0x0000000100000000)
  region size 1024K, 20 young (20480K), 3 survivors (3072K)
 Metaspace       used 115090K, capacity 118724K, committed 118768K, reserved 1153024K
  class space    used 14246K, capacity 15487K, committed 15488K, reserved 1048576K
}
Event: 826.972 GC heap after
{Heap after GC invocations=93 (full 0):
 garbage-first heap   total 189440K, used 146452K [0x0000000080000000, 0x0000000100000000)
  region size 1024K, 3 young (3072K), 3 survivors (3072K)
 Metaspace       used 115090K, capacity 118724K, committed 118768K, reserved 1153024K
  class space    used 14246K, capacity 15487K, committed 15488K, reserved 1048576K
}
Event: 827.066 GC heap before
{Heap before GC invocations=93 (full 0):
 garbage-first heap   total 189440K, used 152596K [0x0000000080000000, 0x0000000100000000)
  region size 1024K, 9 young (9216K), 3 survivors (3072K)
 Metaspace       used 115094K, capacity 118724K, committed 118768K, reserved 1153024K
  class space    used 14246K, capacity 15487K, committed 15488K, reserved 1048576K
}
Event: 827.076 GC heap after
{Heap after GC invocations=94 (full 0):
 garbage-first heap   total 189440K, used 146480K [0x0000000080000000, 0x0000000100000000)
  region size 1024K, 1 young (1024K), 1 survivors (1024K)
 Metaspace       used 115094K, capacity 118724K, committed 118768K, reserved 1153024K
  class space    used 14246K, capacity 15487K, committed 15488K, reserved 1048576K
}
Event: 827.375 GC heap before
{Heap before GC invocations=94 (full 0):
 garbage-first heap   total 189440K, used 162864K [0x0000000080000000, 0x0000000100000000)
  region size 1024K, 17 young (17408K), 1 survivors (1024K)
 Metaspace       used 115114K, capacity 118724K, committed 118768K, reserved 1153024K
  class space    used 14246K, capacity 15487K, committed 15488K, reserved 1048576K
}
Event: 827.383 GC heap after
{Heap after GC invocations=95 (full 0):
 garbage-first heap   total 189440K, used 146647K [0x0000000080000000, 0x0000000100000000)
  region size 1024K, 1 young (1024K), 1 survivors (1024K)
 Metaspace       used 115114K, capacity 118724K, committed 118768K, reserved 1153024K
  class space    used 14246K, capacity 15487K, committed 15488K, reserved 1048576K
}
Event: 827.895 GC heap before
{Heap before GC invocations=95 (full 0):
 garbage-first heap   total 189440K, used 162007K [0x0000000080000000, 0x0000000100000000)
  region size 1024K, 17 young (17408K), 1 survivors (1024K)
 Metaspace       used 115114K, capacity 118724K, committed 118768K, reserved 1153024K
  class space    used 14246K, capacity 15487K, committed 15488K, reserved 1048576K
}
Event: 827.901 GC heap after
{Heap after GC invocations=96 (full 0):
 garbage-first heap   total 227328K, used 146837K [0x0000000080000000, 0x0000000100000000)
  region size 1024K, 1 young (1024K), 1 survivors (1024K)
 Metaspace       used 115114K, capacity 118724K, committed 118768K, reserved 1153024K
  class space    used 14246K, capacity 15487K, committed 15488K, reserved 1048576K
}

