# JRE version: OpenJDK Runtime Environment (11.0.8+10) (build 11.0.8+10-b944.6842174)
# Java VM: OpenJDK 64-Bit Server VM (11.0.8+10-b944.6842174, mixed mode, tiered, compressed oops, g1 gc, windows-amd64)
Heap:
 garbage-first heap   total 378880K, used 207203K [0x0000000080000000, 0x0000000100000000)
  region size 1024K, 4 young (4096K), 4 survivors (4096K)
 Metaspace       used 97608K, capacity 100107K, committed 100684K, reserved 1136640K
  class space    used 12707K, capacity 13652K, committed 13900K, reserved 1048576K
GC Heap History (20 events):
Event: 30.837 GC heap after
{Heap after GC invocations=36 (full 0):
 garbage-first heap   total 227328K, used 155380K [0x0000000080000000, 0x0000000100000000)
  region size 1024K, 3 young (3072K), 3 survivors (3072K)
 Metaspace       used 97093K, capacity 99534K, committed 100172K, reserved 1136640K
  class space    used 12700K, capacity 13617K, committed 13900K, reserved 1048576K
}
Event: 31.704 GC heap before
{Heap before GC invocations=37 (full 0):
 garbage-first heap   total 227328K, used 174836K [0x0000000080000000, 0x0000000100000000)
  region size 1024K, 20 young (20480K), 3 survivors (3072K)
 Metaspace       used 97213K, capacity 99711K, committed 100428K, reserved 1136640K
  class space    used 12703K, capacity 13647K, committed 13900K, reserved 1048576K
}
Event: 31.723 GC heap after
{Heap after GC invocations=38 (full 0):
 garbage-first heap   total 227328K, used 164251K [0x0000000080000000, 0x0000000100000000)
  region size 1024K, 3 young (3072K), 3 survivors (3072K)
 Metaspace       used 97213K, capacity 99711K, committed 100428K, reserved 1136640K
  class space    used 12703K, capacity 13647K, committed 13900K, reserved 1048576K
}
Event: 31.775 GC heap before
{Heap before GC invocations=38 (full 0):
 garbage-first heap   total 227328K, used 168347K [0x0000000080000000, 0x0000000100000000)
  region size 1024K, 8 young (8192K), 3 survivors (3072K)
 Metaspace       used 97223K, capacity 99782K, committed 100428K, reserved 1136640K
  class space    used 12704K, capacity 13649K, committed 13900K, reserved 1048576K
}
Event: 31.793 GC heap after
{Heap after GC invocations=39 (full 0):
 garbage-first heap   total 227328K, used 166399K [0x0000000080000000, 0x0000000100000000)
  region size 1024K, 2 young (2048K), 2 survivors (2048K)
 Metaspace       used 97223K, capacity 99782K, committed 100428K, reserved 1136640K
  class space    used 12704K, capacity 13649K, committed 13900K, reserved 1048576K
}
Event: 32.327 GC heap before
{Heap before GC invocations=39 (full 0):
 garbage-first heap   total 227328K, used 169471K [0x0000000080000000, 0x0000000100000000)
  region size 1024K, 15 young (15360K), 2 survivors (2048K)
 Metaspace       used 97345K, capacity 99858K, committed 100428K, reserved 1136640K
  class space    used 12705K, capacity 13650K, committed 13900K, reserved 1048576K
}
Event: 32.348 GC heap after
{Heap after GC invocations=40 (full 0):
 garbage-first heap   total 288768K, used 158909K [0x0000000080000000, 0x0000000100000000)
  region size 1024K, 2 young (2048K), 2 survivors (2048K)
 Metaspace       used 97345K, capacity 99858K, committed 100428K, reserved 1136640K
  class space    used 12705K, capacity 13650K, committed 13900K, reserved 1048576K
}
Event: 33.474 GC heap before
{Heap before GC invocations=41 (full 0):
 garbage-first heap   total 288768K, used 194749K [0x0000000080000000, 0x0000000100000000)
  region size 1024K, 35 young (35840K), 2 survivors (2048K)
 Metaspace       used 97371K, capacity 99861K, committed 100428K, reserved 1136640K
  class space    used 12705K, capacity 13650K, committed 13900K, reserved 1048576K
}
Event: 33.509 GC heap after
{Heap after GC invocations=42 (full 0):
 garbage-first heap   total 288768K, used 170824K [0x0000000080000000, 0x0000000100000000)
  region size 1024K, 5 young (5120K), 5 survivors (5120K)
 Metaspace       used 97371K, capacity 99861K, committed 100428K, reserved 1136640K
  class space    used 12705K, capacity 13650K, committed 13900K, reserved 1048576K
}
Event: 33.771 GC heap before
{Heap before GC invocations=42 (full 0):
 garbage-first heap   total 288768K, used 185160K [0x0000000080000000, 0x0000000100000000)
  region size 1024K, 14 young (14336K), 5 survivors (5120K)
 Metaspace       used 97439K, capacity 99934K, committed 100428K, reserved 1136640K
  class space    used 12705K, capacity 13650K, committed 13900K, reserved 1048576K
}
Event: 33.787 GC heap after
{Heap after GC invocations=43 (full 0):
 garbage-first heap   total 288768K, used 177479K [0x0000000080000000, 0x0000000100000000)
  region size 1024K, 2 young (2048K), 2 survivors (2048K)
 Metaspace       used 97439K, capacity 99934K, committed 100428K, reserved 1136640K
  class space    used 12705K, capacity 13650K, committed 13900K, reserved 1048576K
}
Event: 34.179 GC heap before
{Heap before GC invocations=43 (full 0):
 garbage-first heap   total 288768K, used 180551K [0x0000000080000000, 0x0000000100000000)
  region size 1024K, 7 young (7168K), 2 survivors (2048K)
 Metaspace       used 97448K, capacity 99935K, committed 100428K, reserved 1136640K
  class space    used 12705K, capacity 13650K, committed 13900K, reserved 1048576K
}
Event: 34.185 GC heap after
{Heap after GC invocations=44 (full 0):
 garbage-first heap   total 288768K, used 177515K [0x0000000080000000, 0x0000000100000000)
  region size 1024K, 2 young (2048K), 2 survivors (2048K)
 Metaspace       used 97448K, capacity 99935K, committed 100428K, reserved 1136640K
  class space    used 12705K, capacity 13650K, committed 13900K, reserved 1048576K
}
Event: 35.398 GC heap before
{Heap before GC invocations=45 (full 0):
 garbage-first heap   total 288768K, used 214379K [0x0000000080000000, 0x0000000100000000)
  region size 1024K, 33 young (33792K), 2 survivors (2048K)
 Metaspace       used 97490K, capacity 100007K, committed 100684K, reserved 1136640K
  class space    used 12706K, capacity 13651K, committed 13900K, reserved 1048576K
}
Event: 35.402 GC heap after
{Heap after GC invocations=46 (full 0):
 garbage-first heap   total 288768K, used 186283K [0x0000000080000000, 0x0000000100000000)
  region size 1024K, 5 young (5120K), 5 survivors (5120K)
 Metaspace       used 97490K, capacity 100007K, committed 100684K, reserved 1136640K
  class space    used 12706K, capacity 13651K, committed 13900K, reserved 1048576K
}
Event: 35.685 GC heap before
{Heap before GC invocations=46 (full 0):
 garbage-first heap   total 288768K, used 199595K [0x0000000080000000, 0x0000000100000000)
  region size 1024K, 14 young (14336K), 5 survivors (5120K)
 Metaspace       used 97530K, capacity 100015K, committed 100684K, reserved 1136640K
  class space    used 12707K, capacity 13652K, committed 13900K, reserved 1048576K
}
Event: 35.695 GC heap after
{Heap after GC invocations=47 (full 0):
 garbage-first heap   total 288768K, used 187121K [0x0000000080000000, 0x0000000100000000)
  region size 1024K, 2 young (2048K), 2 survivors (2048K)
 Metaspace       used 97530K, capacity 100015K, committed 100684K, reserved 1136640K
  class space    used 12707K, capacity 13652K, committed 13900K, reserved 1048576K
}
Event: 35.868 GC heap before
{Heap before GC invocations=47 (full 0):
 garbage-first heap   total 288768K, used 218865K [0x0000000080000000, 0x0000000100000000)
  region size 1024K, 32 young (32768K), 2 survivors (2048K)
 Metaspace       used 97530K, capacity 100016K, committed 100684K, reserved 1136640K
  class space    used 12707K, capacity 13652K, committed 13900K, reserved 1048576K
}
Event: 35.882 GC heap after
{Heap after GC invocations=48 (full 0):
 garbage-first heap   total 288768K, used 193754K [0x0000000080000000, 0x0000000100000000)
  region size 1024K, 4 young (4096K), 4 survivors (4096K)
 Metaspace       used 97530K, capacity 100016K, committed 100684K, reserved 1136640K
  class space    used 12707K, capacity 13652K, committed 13900K, reserved 1048576K
}
Event: 36.769 GC heap before
{Heap before GC invocations=49 (full 0):
 garbage-first heap   total 288768K, used 233690K [0x0000000080000000, 0x0000000100000000)
  region size 1024K, 34 young (34816K), 4 survivors (4096K)
 Metaspace       used 97608K, capacity 100107K, committed 100684K, reserved 1136640K
  class space    used 12707K, capacity 13652K, committed 13900K, reserved 1048576K
}

