# JRE version: OpenJDK Runtime Environment (11.0.8+10) (build 11.0.8+10-b944.6842174)
# Java VM: OpenJDK 64-Bit Server VM (11.0.8+10-b944.6842174, mixed mode, tiered, compressed oops, g1 gc, windows-amd64)
Heap:
 garbage-first heap   total 357376K, used 196702K [0x0000000080000000, 0x0000000100000000)
  region size 1024K, 52 young (53248K), 3 survivors (3072K)
 Metaspace       used 112656K, capacity 115230K, committed 116352K, reserved 1150976K
  class space    used 13979K, capacity 14907K, committed 15232K, reserved 1048576K
GC Heap History (20 events):
Event: 3787.145 GC heap before
{Heap before GC invocations=91 (full 0):
 garbage-first heap   total 189440K, used 163504K [0x0000000080000000, 0x0000000100000000)
  region size 1024K, 9 young (9216K), 2 survivors (2048K)
 Metaspace       used 107543K, capacity 110457K, committed 110592K, reserved 1144832K
  class space    used 13476K, capacity 14531K, committed 14592K, reserved 1048576K
}
Event: 3787.156 GC heap after
{Heap after GC invocations=92 (full 0):
 garbage-first heap   total 189440K, used 161563K [0x0000000080000000, 0x0000000100000000)
  region size 1024K, 2 young (2048K), 2 survivors (2048K)
 Metaspace       used 107543K, capacity 110457K, committed 110592K, reserved 1144832K
  class space    used 13476K, capacity 14531K, committed 14592K, reserved 1048576K
}
Event: 3787.453 GC heap before
{Heap before GC invocations=92 (full 0):
 garbage-first heap   total 189440K, used 167707K [0x0000000080000000, 0x0000000100000000)
  region size 1024K, 9 young (9216K), 2 survivors (2048K)
 Metaspace       used 106905K, capacity 109416K, committed 110848K, reserved 1144832K
  class space    used 13342K, capacity 14246K, committed 14592K, reserved 1048576K
}
Event: 3787.474 GC heap after
{Heap after GC invocations=93 (full 0):
 garbage-first heap   total 189440K, used 164576K [0x0000000080000000, 0x0000000100000000)
  region size 1024K, 2 young (2048K), 2 survivors (2048K)
 Metaspace       used 106905K, capacity 109416K, committed 110848K, reserved 1144832K
  class space    used 13342K, capacity 14246K, committed 14592K, reserved 1048576K
}
Event: 3787.738 GC heap before
{Heap before GC invocations=94 (full 0):
 garbage-first heap   total 189440K, used 171744K [0x0000000080000000, 0x0000000100000000)
  region size 1024K, 9 young (9216K), 2 survivors (2048K)
 Metaspace       used 106933K, capacity 109425K, committed 110848K, reserved 1144832K
  class space    used 13350K, capacity 14249K, committed 14592K, reserved 1048576K
}
Event: 3787.744 GC heap after
{Heap after GC invocations=95 (full 0):
 garbage-first heap   total 189440K, used 164848K [0x0000000080000000, 0x0000000100000000)
  region size 1024K, 1 young (1024K), 1 survivors (1024K)
 Metaspace       used 106933K, capacity 109425K, committed 110848K, reserved 1144832K
  class space    used 13350K, capacity 14249K, committed 14592K, reserved 1048576K
}
Event: 3787.849 GC heap before
{Heap before GC invocations=95 (full 0):
 garbage-first heap   total 189440K, used 172016K [0x0000000080000000, 0x0000000100000000)
  region size 1024K, 9 young (9216K), 1 survivors (1024K)
 Metaspace       used 107040K, capacity 109521K, committed 110848K, reserved 1144832K
  class space    used 13360K, capacity 14281K, committed 14592K, reserved 1048576K
}
Event: 3787.866 GC heap after
{Heap after GC invocations=96 (full 0):
 garbage-first heap   total 189440K, used 150231K [0x0000000080000000, 0x0000000100000000)
  region size 1024K, 2 young (2048K), 2 survivors (2048K)
 Metaspace       used 107040K, capacity 109521K, committed 110848K, reserved 1144832K
  class space    used 13360K, capacity 14281K, committed 14592K, reserved 1048576K
}
Event: 3787.970 GC heap before
{Heap before GC invocations=96 (full 0):
 garbage-first heap   total 189440K, used 157399K [0x0000000080000000, 0x0000000100000000)
  region size 1024K, 9 young (9216K), 2 survivors (2048K)
 Metaspace       used 107083K, capacity 109585K, committed 110848K, reserved 1144832K
  class space    used 13363K, capacity 14281K, committed 14592K, reserved 1048576K
}
Event: 3787.989 GC heap after
{Heap after GC invocations=97 (full 0):
 garbage-first heap   total 189440K, used 139637K [0x0000000080000000, 0x0000000100000000)
  region size 1024K, 1 young (1024K), 1 survivors (1024K)
 Metaspace       used 107083K, capacity 109585K, committed 110848K, reserved 1144832K
  class space    used 13363K, capacity 14281K, committed 14592K, reserved 1048576K
}
Event: 3788.218 GC heap before
{Heap before GC invocations=97 (full 0):
 garbage-first heap   total 189440K, used 147829K [0x0000000080000000, 0x0000000100000000)
  region size 1024K, 9 young (9216K), 1 survivors (1024K)
 Metaspace       used 107179K, capacity 109649K, committed 110848K, reserved 1144832K
  class space    used 13367K, capacity 14281K, committed 14592K, reserved 1048576K
}
Event: 3788.255 GC heap after
{Heap after GC invocations=98 (full 0):
 garbage-first heap   total 189440K, used 141665K [0x0000000080000000, 0x0000000100000000)
  region size 1024K, 2 young (2048K), 2 survivors (2048K)
 Metaspace       used 107179K, capacity 109649K, committed 110848K, reserved 1144832K
  class space    used 13367K, capacity 14281K, committed 14592K, reserved 1048576K
}
Event: 3788.429 GC heap before
{Heap before GC invocations=98 (full 0):
 garbage-first heap   total 189440K, used 152929K [0x0000000080000000, 0x0000000100000000)
  region size 1024K, 8 young (8192K), 2 survivors (2048K)
 Metaspace       used 107192K, capacity 109649K, committed 110848K, reserved 1144832K
  class space    used 13367K, capacity 14281K, committed 14592K, reserved 1048576K
}
Event: 3788.448 GC heap after
{Heap after GC invocations=99 (full 0):
 garbage-first heap   total 189440K, used 149504K [0x0000000080000000, 0x0000000100000000)
  region size 1024K, 2 young (2048K), 2 survivors (2048K)
 Metaspace       used 107192K, capacity 109649K, committed 110848K, reserved 1144832K
  class space    used 13367K, capacity 14281K, committed 14592K, reserved 1048576K
}
Event: 3789.058 GC heap before
{Heap before GC invocations=100 (full 0):
 garbage-first heap   total 189440K, used 177152K [0x0000000080000000, 0x0000000100000000)
  region size 1024K, 9 young (9216K), 2 survivors (2048K)
 Metaspace       used 107782K, capacity 110307K, committed 111360K, reserved 1146880K
  class space    used 13426K, capacity 14323K, committed 14592K, reserved 1048576K
}
Event: 3789.073 GC heap after
{Heap after GC invocations=101 (full 0):
 garbage-first heap   total 357376K, used 146945K [0x0000000080000000, 0x0000000100000000)
  region size 1024K, 1 young (1024K), 1 survivors (1024K)
 Metaspace       used 107782K, capacity 110307K, committed 111360K, reserved 1146880K
  class space    used 13426K, capacity 14323K, committed 14592K, reserved 1048576K
}
Event: 3789.420 GC heap before
{Heap before GC invocations=101 (full 0):
 garbage-first heap   total 357376K, used 162305K [0x0000000080000000, 0x0000000100000000)
  region size 1024K, 17 young (17408K), 1 survivors (1024K)
 Metaspace       used 108549K, capacity 111032K, committed 112256K, reserved 1146880K
  class space    used 13508K, capacity 14394K, committed 14720K, reserved 1048576K
}
Event: 3789.425 GC heap after
{Heap after GC invocations=102 (full 0):
 garbage-first heap   total 357376K, used 147191K [0x0000000080000000, 0x0000000100000000)
  region size 1024K, 1 young (1024K), 1 survivors (1024K)
 Metaspace       used 108549K, capacity 111032K, committed 112256K, reserved 1146880K
  class space    used 13508K, capacity 14394K, committed 14720K, reserved 1048576K
}
Event: 3791.016 GC heap before
{Heap before GC invocations=102 (full 0):
 garbage-first heap   total 357376K, used 208631K [0x0000000080000000, 0x0000000100000000)
  region size 1024K, 59 young (60416K), 1 survivors (1024K)
 Metaspace       used 109621K, capacity 112221K, committed 113152K, reserved 1146880K
  class space    used 13606K, capacity 14546K, committed 14848K, reserved 1048576K
}
Event: 3791.023 GC heap after
{Heap after GC invocations=103 (full 0):
 garbage-first heap   total 357376K, used 148574K [0x0000000080000000, 0x0000000100000000)
  region size 1024K, 3 young (3072K), 3 survivors (3072K)
 Metaspace       used 109621K, capacity 112221K, committed 113152K, reserved 1146880K
  class space    used 13606K, capacity 14546K, committed 14848K, reserved 1048576K
}

