# JRE version: OpenJDK Runtime Environment (11.0.8+10) (build 11.0.8+10-b944.6842174)
# Java VM: OpenJDK 64-Bit Server VM (11.0.8+10-b944.6842174, mixed mode, tiered, compressed oops, g1 gc, windows-amd64)
Heap:
 garbage-first heap   total 227328K, used 131431K [0x0000000080000000, 0x0000000100000000)
  region size 1024K, 20 young (20480K), 4 survivors (4096K)
 Metaspace       used 112729K, capacity 115491K, committed 115584K, reserved 1148928K
  class space    used 14148K, capacity 15207K, committed 15232K, reserved 1048576K
GC Heap History (20 events):
Event: 1147.363 GC heap before
{Heap before GC invocations=44 (full 0):
 garbage-first heap   total 227328K, used 215040K [0x0000000080000000, 0x0000000100000000)
  region size 1024K, 43 young (44032K), 9 survivors (9216K)
 Metaspace       used 110639K, capacity 113358K, committed 113664K, reserved 1148928K
  class space    used 14009K, capacity 15022K, committed 15104K, reserved 1048576K
}
Event: 1147.387 GC heap after
{Heap after GC invocations=45 (full 0):
 garbage-first heap   total 227328K, used 149157K [0x0000000080000000, 0x0000000100000000)
  region size 1024K, 2 young (2048K), 2 survivors (2048K)
 Metaspace       used 110639K, capacity 113358K, committed 113664K, reserved 1148928K
  class space    used 14009K, capacity 15022K, committed 15104K, reserved 1048576K
}
Event: 1147.480 GC heap before
{Heap before GC invocations=45 (full 0):
 garbage-first heap   total 227328K, used 157349K [0x0000000080000000, 0x0000000100000000)
  region size 1024K, 11 young (11264K), 2 survivors (2048K)
 Metaspace       used 110645K, capacity 113358K, committed 113664K, reserved 1148928K
  class space    used 14009K, capacity 15022K, committed 15104K, reserved 1048576K
}
Event: 1147.492 GC heap after
{Heap after GC invocations=46 (full 0):
 garbage-first heap   total 227328K, used 148449K [0x0000000080000000, 0x0000000100000000)
  region size 1024K, 2 young (2048K), 2 survivors (2048K)
 Metaspace       used 110645K, capacity 113358K, committed 113664K, reserved 1148928K
  class space    used 14009K, capacity 15022K, committed 15104K, reserved 1048576K
}
Event: 1148.141 GC heap before
{Heap before GC invocations=46 (full 0):
 garbage-first heap   total 227328K, used 184289K [0x0000000080000000, 0x0000000100000000)
  region size 1024K, 38 young (38912K), 2 survivors (2048K)
 Metaspace       used 110658K, capacity 113358K, committed 113664K, reserved 1148928K
  class space    used 14009K, capacity 15022K, committed 15104K, reserved 1048576K
}
Event: 1148.150 GC heap after
{Heap after GC invocations=47 (full 0):
 garbage-first heap   total 227328K, used 149051K [0x0000000080000000, 0x0000000100000000)
  region size 1024K, 2 young (2048K), 2 survivors (2048K)
 Metaspace       used 110658K, capacity 113358K, committed 113664K, reserved 1148928K
  class space    used 14009K, capacity 15022K, committed 15104K, reserved 1048576K
}
Event: 1149.138 GC heap before
{Heap before GC invocations=48 (full 0):
 garbage-first heap   total 227328K, used 183867K [0x0000000080000000, 0x0000000100000000)
  region size 1024K, 40 young (40960K), 2 survivors (2048K)
 Metaspace       used 110658K, capacity 113358K, committed 113664K, reserved 1148928K
  class space    used 14009K, capacity 15022K, committed 15104K, reserved 1048576K
}
Event: 1149.147 GC heap after
{Heap after GC invocations=49 (full 0):
 garbage-first heap   total 227328K, used 146502K [0x0000000080000000, 0x0000000100000000)
  region size 1024K, 3 young (3072K), 3 survivors (3072K)
 Metaspace       used 110658K, capacity 113358K, committed 113664K, reserved 1148928K
  class space    used 14009K, capacity 15022K, committed 15104K, reserved 1048576K
}
Event: 1149.358 GC heap before
{Heap before GC invocations=49 (full 0):
 garbage-first heap   total 227328K, used 153670K [0x0000000080000000, 0x0000000100000000)
  region size 1024K, 11 young (11264K), 3 survivors (3072K)
 Metaspace       used 110864K, capacity 113533K, committed 113664K, reserved 1148928K
  class space    used 14025K, capacity 15057K, committed 15104K, reserved 1048576K
}
Event: 1149.378 GC heap after
{Heap after GC invocations=50 (full 0):
 garbage-first heap   total 227328K, used 130127K [0x0000000080000000, 0x0000000100000000)
  region size 1024K, 2 young (2048K), 2 survivors (2048K)
 Metaspace       used 110864K, capacity 113533K, committed 113664K, reserved 1148928K
  class space    used 14025K, capacity 15057K, committed 15104K, reserved 1048576K
}
Event: 1149.570 GC heap before
{Heap before GC invocations=50 (full 0):
 garbage-first heap   total 227328K, used 138319K [0x0000000080000000, 0x0000000100000000)
  region size 1024K, 11 young (11264K), 2 survivors (2048K)
 Metaspace       used 110935K, capacity 113661K, committed 113920K, reserved 1148928K
  class space    used 14031K, capacity 15057K, committed 15104K, reserved 1048576K
}
Event: 1149.586 GC heap after
{Heap after GC invocations=51 (full 0):
 garbage-first heap   total 227328K, used 127830K [0x0000000080000000, 0x0000000100000000)
  region size 1024K, 1 young (1024K), 1 survivors (1024K)
 Metaspace       used 110935K, capacity 113661K, committed 113920K, reserved 1148928K
  class space    used 14031K, capacity 15057K, committed 15104K, reserved 1048576K
}
Event: 1150.383 GC heap before
{Heap before GC invocations=51 (full 0):
 garbage-first heap   total 227328K, used 175958K [0x0000000080000000, 0x0000000100000000)
  region size 1024K, 49 young (50176K), 1 survivors (1024K)
 Metaspace       used 111130K, capacity 113874K, committed 113920K, reserved 1148928K
  class space    used 14062K, capacity 15066K, committed 15104K, reserved 1048576K
}
Event: 1150.392 GC heap after
{Heap after GC invocations=52 (full 0):
 garbage-first heap   total 227328K, used 128495K [0x0000000080000000, 0x0000000100000000)
  region size 1024K, 2 young (2048K), 2 survivors (2048K)
 Metaspace       used 111130K, capacity 113874K, committed 113920K, reserved 1148928K
  class space    used 14062K, capacity 15066K, committed 15104K, reserved 1048576K
}
Event: 1151.037 GC heap before
{Heap before GC invocations=53 (full 0):
 garbage-first heap   total 227328K, used 176623K [0x0000000080000000, 0x0000000100000000)
  region size 1024K, 52 young (53248K), 2 survivors (2048K)
 Metaspace       used 111168K, capacity 113908K, committed 114048K, reserved 1148928K
  class space    used 14066K, capacity 15099K, committed 15232K, reserved 1048576K
}
Event: 1151.045 GC heap after
{Heap after GC invocations=54 (full 0):
 garbage-first heap   total 227328K, used 127038K [0x0000000080000000, 0x0000000100000000)
  region size 1024K, 3 young (3072K), 3 survivors (3072K)
 Metaspace       used 111168K, capacity 113908K, committed 114048K, reserved 1148928K
  class space    used 14066K, capacity 15099K, committed 15232K, reserved 1048576K
}
Event: 1151.170 GC heap before
{Heap before GC invocations=54 (full 0):
 garbage-first heap   total 227328K, used 134206K [0x0000000080000000, 0x0000000100000000)
  region size 1024K, 11 young (11264K), 3 survivors (3072K)
 Metaspace       used 111168K, capacity 113908K, committed 114048K, reserved 1148928K
  class space    used 14066K, capacity 15099K, committed 15232K, reserved 1048576K
}
Event: 1151.187 GC heap after
{Heap after GC invocations=55 (full 0):
 garbage-first heap   total 227328K, used 115071K [0x0000000080000000, 0x0000000100000000)
  region size 1024K, 2 young (2048K), 2 survivors (2048K)
 Metaspace       used 111168K, capacity 113908K, committed 114048K, reserved 1148928K
  class space    used 14066K, capacity 15099K, committed 15232K, reserved 1048576K
}
Event: 1153.316 GC heap before
{Heap before GC invocations=55 (full 0):
 garbage-first heap   total 227328K, used 173439K [0x0000000080000000, 0x0000000100000000)
  region size 1024K, 60 young (61440K), 2 survivors (2048K)
 Metaspace       used 112452K, capacity 115259K, committed 115328K, reserved 1148928K
  class space    used 14145K, capacity 15202K, committed 15232K, reserved 1048576K
}
Event: 1153.332 GC heap after
{Heap after GC invocations=56 (full 0):
 garbage-first heap   total 227328K, used 117095K [0x0000000080000000, 0x0000000100000000)
  region size 1024K, 4 young (4096K), 4 survivors (4096K)
 Metaspace       used 112452K, capacity 115259K, committed 115328K, reserved 1148928K
  class space    used 14145K, capacity 15202K, committed 15232K, reserved 1048576K
}

