# JRE version: OpenJDK Runtime Environment (11.0.8+10) (build 11.0.8+10-b944.6842174)
# Java VM: OpenJDK 64-Bit Server VM (11.0.8+10-b944.6842174, mixed mode, tiered, compressed oops, g1 gc, windows-amd64)
Heap:
 garbage-first heap   total 293888K, used 185179K [0x0000000080000000, 0x0000000100000000)
  region size 1024K, 3 young (3072K), 3 survivors (3072K)
 Metaspace       used 106046K, capacity 108713K, committed 109004K, reserved 1144832K
  class space    used 13493K, capacity 14439K, committed 14592K, reserved 1048576K
GC Heap History (20 events):
Event: 31.710 GC heap after
{Heap after GC invocations=27 (full 0):
 garbage-first heap   total 189440K, used 111561K [0x0000000080000000, 0x0000000100000000)
  region size 1024K, 6 young (6144K), 6 survivors (6144K)
 Metaspace       used 104559K, capacity 107258K, committed 107468K, reserved 1142784K
  class space    used 13329K, capacity 14325K, committed 14336K, reserved 1048576K
}
Event: 32.328 GC heap before
{Heap before GC invocations=28 (full 0):
 garbage-first heap   total 189440K, used 115657K [0x0000000080000000, 0x0000000100000000)
  region size 1024K, 11 young (11264K), 6 survivors (6144K)
 Metaspace       used 104817K, capacity 107489K, committed 107852K, reserved 1142784K
  class space    used 13336K, capacity 14327K, committed 14464K, reserved 1048576K
}
Event: 32.338 GC heap after
{Heap after GC invocations=29 (full 0):
 garbage-first heap   total 189440K, used 104675K [0x0000000080000000, 0x0000000100000000)
  region size 1024K, 1 young (1024K), 1 survivors (1024K)
 Metaspace       used 104817K, capacity 107489K, committed 107852K, reserved 1142784K
  class space    used 13336K, capacity 14327K, committed 14464K, reserved 1048576K
}
Event: 32.975 GC heap before
{Heap before GC invocations=30 (full 0):
 garbage-first heap   total 189440K, used 174307K [0x0000000080000000, 0x0000000100000000)
  region size 1024K, 45 young (46080K), 1 survivors (1024K)
 Metaspace       used 105118K, capacity 107817K, committed 108108K, reserved 1142784K
  class space    used 13372K, capacity 14372K, committed 14464K, reserved 1048576K
}
Event: 33.013 GC heap after
{Heap after GC invocations=31 (full 0):
 garbage-first heap   total 194560K, used 137712K [0x0000000080000000, 0x0000000100000000)
  region size 1024K, 6 young (6144K), 6 survivors (6144K)
 Metaspace       used 105118K, capacity 107817K, committed 108108K, reserved 1142784K
  class space    used 13372K, capacity 14372K, committed 14464K, reserved 1048576K
}
Event: 33.077 GC heap before
{Heap before GC invocations=31 (full 0):
 garbage-first heap   total 194560K, used 140784K [0x0000000080000000, 0x0000000100000000)
  region size 1024K, 9 young (9216K), 6 survivors (6144K)
 Metaspace       used 105686K, capacity 108432K, committed 108748K, reserved 1142784K
  class space    used 13526K, capacity 14514K, committed 14592K, reserved 1048576K
}
Event: 33.102 GC heap after
{Heap after GC invocations=32 (full 0):
 garbage-first heap   total 194560K, used 129125K [0x0000000080000000, 0x0000000100000000)
  region size 1024K, 2 young (2048K), 2 survivors (2048K)
 Metaspace       used 105686K, capacity 108432K, committed 108748K, reserved 1142784K
  class space    used 13526K, capacity 14514K, committed 14592K, reserved 1048576K
}
Event: 33.562 GC heap before
{Heap before GC invocations=32 (full 0):
 garbage-first heap   total 194560K, used 156773K [0x0000000080000000, 0x0000000100000000)
  region size 1024K, 30 young (30720K), 2 survivors (2048K)
 Metaspace       used 105995K, capacity 108704K, committed 109004K, reserved 1144832K
  class space    used 13531K, capacity 14515K, committed 14592K, reserved 1048576K
}
Event: 33.587 GC heap after
{Heap after GC invocations=33 (full 0):
 garbage-first heap   total 194560K, used 145408K [0x0000000080000000, 0x0000000100000000)
  region size 1024K, 4 young (4096K), 4 survivors (4096K)
 Metaspace       used 105995K, capacity 108704K, committed 109004K, reserved 1144832K
  class space    used 13531K, capacity 14515K, committed 14592K, reserved 1048576K
}
Event: 33.981 GC heap before
{Heap before GC invocations=33 (full 0):
 garbage-first heap   total 194560K, used 160768K [0x0000000080000000, 0x0000000100000000)
  region size 1024K, 19 young (19456K), 4 survivors (4096K)
 Metaspace       used 106001K, capacity 108704K, committed 109004K, reserved 1144832K
  class space    used 13531K, capacity 14515K, committed 14592K, reserved 1048576K
}
Event: 34.005 GC heap after
{Heap after GC invocations=34 (full 0):
 garbage-first heap   total 194560K, used 154624K [0x0000000080000000, 0x0000000100000000)
  region size 1024K, 3 young (3072K), 3 survivors (3072K)
 Metaspace       used 106001K, capacity 108704K, committed 109004K, reserved 1144832K
  class space    used 13531K, capacity 14515K, committed 14592K, reserved 1048576K
}
Event: 34.197 GC heap before
{Heap before GC invocations=34 (full 0):
 garbage-first heap   total 194560K, used 162816K [0x0000000080000000, 0x0000000100000000)
  region size 1024K, 12 young (12288K), 3 survivors (3072K)
 Metaspace       used 105888K, capacity 108497K, committed 109004K, reserved 1144832K
  class space    used 13486K, capacity 14435K, committed 14592K, reserved 1048576K
}
Event: 34.214 GC heap after
{Heap after GC invocations=35 (full 0):
 garbage-first heap   total 233472K, used 161769K [0x0000000080000000, 0x0000000100000000)
  region size 1024K, 2 young (2048K), 2 survivors (2048K)
 Metaspace       used 105888K, capacity 108497K, committed 109004K, reserved 1144832K
  class space    used 13486K, capacity 14435K, committed 14592K, reserved 1048576K
}
Event: 34.468 GC heap before
{Heap before GC invocations=36 (full 0):
 garbage-first heap   total 233472K, used 186345K [0x0000000080000000, 0x0000000100000000)
  region size 1024K, 24 young (24576K), 2 survivors (2048K)
 Metaspace       used 105972K, capacity 108577K, committed 109004K, reserved 1144832K
  class space    used 13491K, capacity 14437K, committed 14592K, reserved 1048576K
}
Event: 34.490 GC heap after
{Heap after GC invocations=37 (full 0):
 garbage-first heap   total 233472K, used 174777K [0x0000000080000000, 0x0000000100000000)
  region size 1024K, 3 young (3072K), 3 survivors (3072K)
 Metaspace       used 105972K, capacity 108577K, committed 109004K, reserved 1144832K
  class space    used 13491K, capacity 14437K, committed 14592K, reserved 1048576K
}
Event: 34.691 GC heap before
{Heap before GC invocations=37 (full 0):
 garbage-first heap   total 233472K, used 182969K [0x0000000080000000, 0x0000000100000000)
  region size 1024K, 11 young (11264K), 3 survivors (3072K)
 Metaspace       used 105983K, capacity 108584K, committed 109004K, reserved 1144832K
  class space    used 13492K, capacity 14439K, committed 14592K, reserved 1048576K
}
Event: 34.714 GC heap after
{Heap after GC invocations=38 (full 0):
 garbage-first heap   total 233472K, used 175104K [0x0000000080000000, 0x0000000100000000)
  region size 1024K, 2 young (2048K), 2 survivors (2048K)
 Metaspace       used 105983K, capacity 108584K, committed 109004K, reserved 1144832K
  class space    used 13492K, capacity 14439K, committed 14592K, reserved 1048576K
}
Event: 35.087 GC heap before
{Heap before GC invocations=38 (full 0):
 garbage-first heap   total 233472K, used 189440K [0x0000000080000000, 0x0000000100000000)
  region size 1024K, 17 young (17408K), 2 survivors (2048K)
 Metaspace       used 106031K, capacity 108649K, committed 109004K, reserved 1144832K
  class space    used 13492K, capacity 14439K, committed 14592K, reserved 1048576K
}
Event: 35.106 GC heap after
{Heap after GC invocations=39 (full 0):
 garbage-first heap   total 233472K, used 180159K [0x0000000080000000, 0x0000000100000000)
  region size 1024K, 3 young (3072K), 3 survivors (3072K)
 Metaspace       used 106031K, capacity 108649K, committed 109004K, reserved 1144832K
  class space    used 13492K, capacity 14439K, committed 14592K, reserved 1048576K
}
Event: 35.417 GC heap before
{Heap before GC invocations=39 (full 0):
 garbage-first heap   total 233472K, used 194495K [0x0000000080000000, 0x0000000100000000)
  region size 1024K, 17 young (17408K), 3 survivors (3072K)
 Metaspace       used 106046K, capacity 108713K, committed 109004K, reserved 1144832K
  class space    used 13493K, capacity 14439K, committed 14592K, reserved 1048576K
}

