# JRE version: OpenJDK Runtime Environment (11.0.8+10) (build 11.0.8+10-b944.6842174)
# Java VM: OpenJDK 64-Bit Server VM (11.0.8+10-b944.6842174, mixed mode, tiered, compressed oops, g1 gc, windows-amd64)
Heap:
 garbage-first heap   total 131072K, used 100271K [0x0000000080000000, 0x0000000100000000)
  region size 1024K, 35 young (35840K), 4 survivors (4096K)
 Metaspace       used 65068K, capacity 66760K, committed 67068K, reserved 1107968K
  class space    used 8439K, capacity 8997K, committed 9088K, reserved 1048576K
GC Heap History (20 events):
Event: 10.624 GC heap before
{Heap before GC invocations=7 (full 0):
 garbage-first heap   total 131072K, used 83390K [0x0000000080000000, 0x0000000100000000)
  region size 1024K, 61 young (62464K), 6 survivors (6144K)
 Metaspace       used 33068K, capacity 33806K, committed 34096K, reserved 1079296K
  class space    used 4327K, capacity 4633K, committed 4736K, reserved 1048576K
}
Event: 10.635 GC heap after
{Heap after GC invocations=8 (full 0):
 garbage-first heap   total 131072K, used 33490K [0x0000000080000000, 0x0000000100000000)
  region size 1024K, 8 young (8192K), 8 survivors (8192K)
 Metaspace       used 33068K, capacity 33806K, committed 34096K, reserved 1079296K
  class space    used 4327K, capacity 4633K, committed 4736K, reserved 1048576K
}
Event: 10.772 GC heap before
{Heap before GC invocations=8 (full 0):
 garbage-first heap   total 131072K, used 34514K [0x0000000080000000, 0x0000000100000000)
  region size 1024K, 10 young (10240K), 8 survivors (8192K)
 Metaspace       used 34823K, capacity 35580K, committed 35708K, reserved 1081344K
  class space    used 4504K, capacity 4799K, committed 4864K, reserved 1048576K
}
Event: 10.784 GC heap after
{Heap after GC invocations=9 (full 0):
 garbage-first heap   total 131072K, used 34411K [0x0000000080000000, 0x0000000100000000)
  region size 1024K, 2 young (2048K), 2 survivors (2048K)
 Metaspace       used 34823K, capacity 35580K, committed 35708K, reserved 1081344K
  class space    used 4504K, capacity 4799K, committed 4864K, reserved 1048576K
}
Event: 11.707 GC heap before
{Heap before GC invocations=10 (full 0):
 garbage-first heap   total 131072K, used 74347K [0x0000000080000000, 0x0000000100000000)
  region size 1024K, 39 young (39936K), 2 survivors (2048K)
 Metaspace       used 39718K, capacity 40649K, committed 40956K, reserved 1085440K
  class space    used 5078K, capacity 5426K, committed 5504K, reserved 1048576K
}
Event: 11.714 GC heap after
{Heap after GC invocations=11 (full 0):
 garbage-first heap   total 131072K, used 36043K [0x0000000080000000, 0x0000000100000000)
  region size 1024K, 3 young (3072K), 3 survivors (3072K)
 Metaspace       used 39718K, capacity 40649K, committed 40956K, reserved 1085440K
  class space    used 5078K, capacity 5426K, committed 5504K, reserved 1048576K
}
Event: 12.880 GC heap before
{Heap before GC invocations=11 (full 0):
 garbage-first heap   total 131072K, used 85195K [0x0000000080000000, 0x0000000100000000)
  region size 1024K, 44 young (45056K), 3 survivors (3072K)
 Metaspace       used 43013K, capacity 44169K, committed 44412K, reserved 1087488K
  class space    used 5451K, capacity 5843K, committed 5888K, reserved 1048576K
}
Event: 12.890 GC heap after
{Heap after GC invocations=12 (full 0):
 garbage-first heap   total 131072K, used 47678K [0x0000000080000000, 0x0000000100000000)
  region size 1024K, 6 young (6144K), 6 survivors (6144K)
 Metaspace       used 43013K, capacity 44169K, committed 44412K, reserved 1087488K
  class space    used 5451K, capacity 5843K, committed 5888K, reserved 1048576K
}
Event: 13.764 GC heap before
{Heap before GC invocations=12 (full 0):
 garbage-first heap   total 131072K, used 86590K [0x0000000080000000, 0x0000000100000000)
  region size 1024K, 44 young (45056K), 6 survivors (6144K)
 Metaspace       used 45430K, capacity 46684K, committed 46844K, reserved 1089536K
  class space    used 5848K, capacity 6235K, committed 6272K, reserved 1048576K
}
Event: 13.775 GC heap after
{Heap after GC invocations=13 (full 0):
 garbage-first heap   total 131072K, used 50395K [0x0000000080000000, 0x0000000100000000)
  region size 1024K, 3 young (3072K), 3 survivors (3072K)
 Metaspace       used 45430K, capacity 46684K, committed 46844K, reserved 1089536K
  class space    used 5848K, capacity 6235K, committed 6272K, reserved 1048576K
}
Event: 14.689 GC heap before
{Heap before GC invocations=13 (full 0):
 garbage-first heap   total 131072K, used 92379K [0x0000000080000000, 0x0000000100000000)
  region size 1024K, 42 young (43008K), 3 survivors (3072K)
 Metaspace       used 47136K, capacity 48475K, committed 48636K, reserved 1091584K
  class space    used 6018K, capacity 6441K, committed 6528K, reserved 1048576K
}
Event: 14.696 GC heap after
{Heap after GC invocations=14 (full 0):
 garbage-first heap   total 131072K, used 59781K [0x0000000080000000, 0x0000000100000000)
  region size 1024K, 6 young (6144K), 6 survivors (6144K)
 Metaspace       used 47136K, capacity 48475K, committed 48636K, reserved 1091584K
  class space    used 6018K, capacity 6441K, committed 6528K, reserved 1048576K
}
Event: 15.269 GC heap before
{Heap before GC invocations=14 (full 0):
 garbage-first heap   total 131072K, used 95621K [0x0000000080000000, 0x0000000100000000)
  region size 1024K, 41 young (41984K), 6 survivors (6144K)
 Metaspace       used 52084K, capacity 53554K, committed 53884K, reserved 1095680K
  class space    used 6615K, capacity 7091K, committed 7168K, reserved 1048576K
}
Event: 15.276 GC heap after
{Heap after GC invocations=15 (full 0):
 garbage-first heap   total 131072K, used 62140K [0x0000000080000000, 0x0000000100000000)
  region size 1024K, 2 young (2048K), 2 survivors (2048K)
 Metaspace       used 52084K, capacity 53554K, committed 53884K, reserved 1095680K
  class space    used 6615K, capacity 7091K, committed 7168K, reserved 1048576K
}
Event: 16.003 GC heap before
{Heap before GC invocations=15 (full 0):
 garbage-first heap   total 131072K, used 97980K [0x0000000080000000, 0x0000000100000000)
  region size 1024K, 37 young (37888K), 2 survivors (2048K)
 Metaspace       used 57814K, capacity 59405K, committed 59516K, reserved 1101824K
  class space    used 7349K, capacity 7863K, committed 7936K, reserved 1048576K
}
Event: 16.010 GC heap after
{Heap after GC invocations=16 (full 0):
 garbage-first heap   total 131072K, used 63928K [0x0000000080000000, 0x0000000100000000)
  region size 1024K, 4 young (4096K), 4 survivors (4096K)
 Metaspace       used 57814K, capacity 59405K, committed 59516K, reserved 1101824K
  class space    used 7349K, capacity 7863K, committed 7936K, reserved 1048576K
}
Event: 16.598 GC heap before
{Heap before GC invocations=17 (full 0):
 garbage-first heap   total 131072K, used 92600K [0x0000000080000000, 0x0000000100000000)
  region size 1024K, 33 young (33792K), 4 survivors (4096K)
 Metaspace       used 60027K, capacity 61611K, committed 61820K, reserved 1103872K
  class space    used 7624K, capacity 8164K, committed 8192K, reserved 1048576K
}
Event: 16.611 GC heap after
{Heap after GC invocations=18 (full 0):
 garbage-first heap   total 131072K, used 66618K [0x0000000080000000, 0x0000000100000000)
  region size 1024K, 5 young (5120K), 5 survivors (5120K)
 Metaspace       used 60027K, capacity 61611K, committed 61820K, reserved 1103872K
  class space    used 7624K, capacity 8164K, committed 8192K, reserved 1048576K
}
Event: 17.155 GC heap before
{Heap before GC invocations=19 (full 0):
 garbage-first heap   total 131072K, used 102458K [0x0000000080000000, 0x0000000100000000)
  region size 1024K, 39 young (39936K), 5 survivors (5120K)
 Metaspace       used 61199K, capacity 62957K, committed 63100K, reserved 1103872K
  class space    used 7790K, capacity 8348K, committed 8448K, reserved 1048576K
}
Event: 17.169 GC heap after
{Heap after GC invocations=20 (full 0):
 garbage-first heap   total 131072K, used 69551K [0x0000000080000000, 0x0000000100000000)
  region size 1024K, 4 young (4096K), 4 survivors (4096K)
 Metaspace       used 61199K, capacity 62957K, committed 63100K, reserved 1103872K
  class space    used 7790K, capacity 8348K, committed 8448K, reserved 1048576K
}

