# JRE version: OpenJDK Runtime Environment (11.0.8+10) (build 11.0.8+10-b944.6842174)
# Java VM: OpenJDK 64-Bit Server VM (11.0.8+10-b944.6842174, mixed mode, tiered, compressed oops, g1 gc, windows-amd64)
Heap:
 garbage-first heap   total 189440K, used 89738K [0x0000000080000000, 0x0000000100000000)
  region size 1024K, 37 young (37888K), 9 survivors (9216K)
 Metaspace       used 55764K, capacity 57208K, committed 57472K, reserved 1099776K
  class space    used 7011K, capacity 7456K, committed 7552K, reserved 1048576K
GC Heap History (20 events):
Event: 0.617 GC heap before
{Heap before GC invocations=0 (full 0):
 garbage-first heap   total 131072K, used 19456K [0x0000000080000000, 0x0000000100000000)
  region size 1024K, 14 young (14336K), 0 survivors (0K)
 Metaspace       used 7467K, capacity 7615K, committed 7680K, reserved 1056768K
  class space    used 688K, capacity 748K, committed 768K, reserved 1048576K
}
Event: 0.621 GC heap after
{Heap after GC invocations=1 (full 0):
 garbage-first heap   total 131072K, used 7979K [0x0000000080000000, 0x0000000100000000)
  region size 1024K, 2 young (2048K), 2 survivors (2048K)
 Metaspace       used 7467K, capacity 7615K, committed 7680K, reserved 1056768K
  class space    used 688K, capacity 748K, committed 768K, reserved 1048576K
}
Event: 0.810 GC heap before
{Heap before GC invocations=1 (full 0):
 garbage-first heap   total 131072K, used 14123K [0x0000000080000000, 0x0000000100000000)
  region size 1024K, 8 young (8192K), 2 survivors (2048K)
 Metaspace       used 9603K, capacity 9820K, committed 10112K, reserved 1058816K
  class space    used 997K, capacity 1060K, committed 1152K, reserved 1048576K
}
Event: 0.813 GC heap after
{Heap after GC invocations=2 (full 0):
 garbage-first heap   total 131072K, used 8409K [0x0000000080000000, 0x0000000100000000)
  region size 1024K, 1 young (1024K), 1 survivors (1024K)
 Metaspace       used 9603K, capacity 9820K, committed 10112K, reserved 1058816K
  class space    used 997K, capacity 1060K, committed 1152K, reserved 1048576K
}
Event: 1.468 GC heap before
{Heap before GC invocations=2 (full 0):
 garbage-first heap   total 131072K, used 31961K [0x0000000080000000, 0x0000000100000000)
  region size 1024K, 24 young (24576K), 1 survivors (1024K)
 Metaspace       used 10580K, capacity 10773K, committed 11008K, reserved 1058816K
  class space    used 1100K, capacity 1164K, committed 1280K, reserved 1048576K
}
Event: 1.471 GC heap after
{Heap after GC invocations=3 (full 0):
 garbage-first heap   total 131072K, used 9741K [0x0000000080000000, 0x0000000100000000)
  region size 1024K, 2 young (2048K), 2 survivors (2048K)
 Metaspace       used 10580K, capacity 10773K, committed 11008K, reserved 1058816K
  class space    used 1100K, capacity 1164K, committed 1280K, reserved 1048576K
}
Event: 2.923 GC heap before
{Heap before GC invocations=3 (full 0):
 garbage-first heap   total 131072K, used 44557K [0x0000000080000000, 0x0000000100000000)
  region size 1024K, 37 young (37888K), 2 survivors (2048K)
 Metaspace       used 16704K, capacity 17073K, committed 17280K, reserved 1064960K
  class space    used 1914K, capacity 2051K, committed 2176K, reserved 1048576K
}
Event: 2.931 GC heap after
{Heap after GC invocations=4 (full 0):
 garbage-first heap   total 131072K, used 15008K [0x0000000080000000, 0x0000000100000000)
  region size 1024K, 5 young (5120K), 5 survivors (5120K)
 Metaspace       used 16704K, capacity 17073K, committed 17280K, reserved 1064960K
  class space    used 1914K, capacity 2051K, committed 2176K, reserved 1048576K
}
Event: 3.371 GC heap before
{Heap before GC invocations=4 (full 0):
 garbage-first heap   total 131072K, used 44704K [0x0000000080000000, 0x0000000100000000)
  region size 1024K, 35 young (35840K), 5 survivors (5120K)
 Metaspace       used 20628K, capacity 21108K, committed 21248K, reserved 1067008K
  class space    used 2528K, capacity 2721K, committed 2816K, reserved 1048576K
}
Event: 3.378 GC heap after
{Heap after GC invocations=5 (full 0):
 garbage-first heap   total 131072K, used 16586K [0x0000000080000000, 0x0000000100000000)
  region size 1024K, 2 young (2048K), 2 survivors (2048K)
 Metaspace       used 20628K, capacity 21108K, committed 21248K, reserved 1067008K
  class space    used 2528K, capacity 2721K, committed 2816K, reserved 1048576K
}
Event: 4.218 GC heap before
{Heap before GC invocations=6 (full 0):
 garbage-first heap   total 131072K, used 63690K [0x0000000080000000, 0x0000000100000000)
  region size 1024K, 48 young (49152K), 2 survivors (2048K)
 Metaspace       used 25897K, capacity 26588K, committed 26752K, reserved 1073152K
  class space    used 3365K, capacity 3593K, committed 3712K, reserved 1048576K
}
Event: 4.226 GC heap after
{Heap after GC invocations=7 (full 0):
 garbage-first heap   total 157696K, used 18962K [0x0000000080000000, 0x0000000100000000)
  region size 1024K, 4 young (4096K), 4 survivors (4096K)
 Metaspace       used 25897K, capacity 26588K, committed 26752K, reserved 1073152K
  class space    used 3365K, capacity 3593K, committed 3712K, reserved 1048576K
}
Event: 5.254 GC heap before
{Heap before GC invocations=7 (full 0):
 garbage-first heap   total 157696K, used 83474K [0x0000000080000000, 0x0000000100000000)
  region size 1024K, 60 young (61440K), 4 survivors (4096K)
 Metaspace       used 35072K, capacity 35835K, committed 35840K, reserved 1081344K
  class space    used 4553K, capacity 4862K, committed 4864K, reserved 1048576K
}
Event: 5.271 GC heap after
{Heap after GC invocations=8 (full 0):
 garbage-first heap   total 157696K, used 33944K [0x0000000080000000, 0x0000000100000000)
  region size 1024K, 10 young (10240K), 10 survivors (10240K)
 Metaspace       used 35072K, capacity 35835K, committed 35840K, reserved 1081344K
  class space    used 4553K, capacity 4862K, committed 4864K, reserved 1048576K
}
Event: 6.499 GC heap before
{Heap before GC invocations=9 (full 0):
 garbage-first heap   total 157696K, used 107672K [0x0000000080000000, 0x0000000100000000)
  region size 1024K, 72 young (73728K), 10 survivors (10240K)
 Metaspace       used 41873K, capacity 42901K, committed 43136K, reserved 1087488K
  class space    used 5284K, capacity 5660K, committed 5760K, reserved 1048576K
}
Event: 6.514 GC heap after
{Heap after GC invocations=10 (full 0):
 garbage-first heap   total 157696K, used 46639K [0x0000000080000000, 0x0000000100000000)
  region size 1024K, 6 young (6144K), 6 survivors (6144K)
 Metaspace       used 41873K, capacity 42901K, committed 43136K, reserved 1087488K
  class space    used 5284K, capacity 5660K, committed 5760K, reserved 1048576K
}
Event: 7.608 GC heap before
{Heap before GC invocations=10 (full 0):
 garbage-first heap   total 157696K, used 112175K [0x0000000080000000, 0x0000000100000000)
  region size 1024K, 70 young (71680K), 6 survivors (6144K)
 Metaspace       used 47878K, capacity 49137K, committed 49280K, reserved 1091584K
  class space    used 6081K, capacity 6496K, committed 6528K, reserved 1048576K
}
Event: 7.626 GC heap after
{Heap after GC invocations=11 (full 0):
 garbage-first heap   total 157696K, used 51984K [0x0000000080000000, 0x0000000100000000)
  region size 1024K, 5 young (5120K), 5 survivors (5120K)
 Metaspace       used 47878K, capacity 49137K, committed 49280K, reserved 1091584K
  class space    used 6081K, capacity 6496K, committed 6528K, reserved 1048576K
}
Event: 8.961 GC heap before
{Heap before GC invocations=11 (full 0):
 garbage-first heap   total 157696K, used 118544K [0x0000000080000000, 0x0000000100000000)
  region size 1024K, 68 young (69632K), 5 survivors (5120K)
 Metaspace       used 51573K, capacity 53018K, committed 53120K, reserved 1095680K
  class space    used 6530K, capacity 6992K, committed 7040K, reserved 1048576K
}
Event: 8.974 GC heap after
{Heap after GC invocations=12 (full 0):
 garbage-first heap   total 189440K, used 62090K [0x0000000080000000, 0x0000000100000000)
  region size 1024K, 9 young (9216K), 9 survivors (9216K)
 Metaspace       used 51573K, capacity 53018K, committed 53120K, reserved 1095680K
  class space    used 6530K, capacity 6992K, committed 7040K, reserved 1048576K
}

