# JRE version: OpenJDK Runtime Environment (11.0.8+10) (build 11.0.8+10-b944.6842174)
# Java VM: OpenJDK 64-Bit Server VM (11.0.8+10-b944.6842174, mixed mode, tiered, compressed oops, g1 gc, windows-amd64)
Heap:
 garbage-first heap   total 261120K, used 158309K [0x0000000080000000, 0x0000000100000000)
  region size 1024K, 49 young (50176K), 3 survivors (3072K)
 Metaspace       used 115138K, capacity 117872K, committed 118144K, reserved 1153024K
  class space    used 14188K, capacity 15183K, committed 15232K, reserved 1048576K
GC Heap History (20 events):
Event: 355.252 GC heap before
{Heap before GC invocations=89 (full 0):
 garbage-first heap   total 217088K, used 173056K [0x0000000080000000, 0x0000000100000000)
  region size 1024K, 37 young (37888K), 5 survivors (5120K)
 Metaspace       used 114134K, capacity 116811K, committed 117120K, reserved 1150976K
  class space    used 14153K, capacity 15120K, committed 15232K, reserved 1048576K
}
Event: 355.267 GC heap after
{Heap after GC invocations=90 (full 0):
 garbage-first heap   total 217088K, used 141507K [0x0000000080000000, 0x0000000100000000)
  region size 1024K, 2 young (2048K), 2 survivors (2048K)
 Metaspace       used 114134K, capacity 116811K, committed 117120K, reserved 1150976K
  class space    used 14153K, capacity 15120K, committed 15232K, reserved 1048576K
}
Event: 355.610 GC heap before
{Heap before GC invocations=90 (full 0):
 garbage-first heap   total 217088K, used 149699K [0x0000000080000000, 0x0000000100000000)
  region size 1024K, 10 young (10240K), 2 survivors (2048K)
 Metaspace       used 114200K, capacity 116887K, committed 117120K, reserved 1150976K
  class space    used 14153K, capacity 15120K, committed 15232K, reserved 1048576K
}
Event: 355.631 GC heap after
{Heap after GC invocations=91 (full 0):
 garbage-first heap   total 261120K, used 133647K [0x0000000080000000, 0x0000000100000000)
  region size 1024K, 2 young (2048K), 2 survivors (2048K)
 Metaspace       used 114200K, capacity 116887K, committed 117120K, reserved 1150976K
  class space    used 14153K, capacity 15120K, committed 15232K, reserved 1048576K
}
Event: 355.939 GC heap before
{Heap before GC invocations=91 (full 0):
 garbage-first heap   total 261120K, used 143887K [0x0000000080000000, 0x0000000100000000)
  region size 1024K, 13 young (13312K), 2 survivors (2048K)
 Metaspace       used 114235K, capacity 116963K, committed 117120K, reserved 1150976K
  class space    used 14154K, capacity 15120K, committed 15232K, reserved 1048576K
}
Event: 355.945 GC heap after
{Heap after GC invocations=92 (full 0):
 garbage-first heap   total 261120K, used 131816K [0x0000000080000000, 0x0000000100000000)
  region size 1024K, 2 young (2048K), 2 survivors (2048K)
 Metaspace       used 114235K, capacity 116963K, committed 117120K, reserved 1150976K
  class space    used 14154K, capacity 15120K, committed 15232K, reserved 1048576K
}
Event: 356.579 GC heap before
{Heap before GC invocations=93 (full 0):
 garbage-first heap   total 261120K, used 135912K [0x0000000080000000, 0x0000000100000000)
  region size 1024K, 7 young (7168K), 2 survivors (2048K)
 Metaspace       used 114237K, capacity 116963K, committed 117120K, reserved 1150976K
  class space    used 14154K, capacity 15120K, committed 15232K, reserved 1048576K
}
Event: 356.586 GC heap after
{Heap after GC invocations=94 (full 0):
 garbage-first heap   total 261120K, used 134098K [0x0000000080000000, 0x0000000100000000)
  region size 1024K, 3 young (3072K), 3 survivors (3072K)
 Metaspace       used 114237K, capacity 116963K, committed 117120K, reserved 1150976K
  class space    used 14154K, capacity 15120K, committed 15232K, reserved 1048576K
}
Event: 358.925 GC heap before
{Heap before GC invocations=95 (full 0):
 garbage-first heap   total 261120K, used 224210K [0x0000000080000000, 0x0000000100000000)
  region size 1024K, 60 young (61440K), 3 survivors (3072K)
 Metaspace       used 114632K, capacity 117392K, committed 117632K, reserved 1150976K
  class space    used 14175K, capacity 15164K, committed 15232K, reserved 1048576K
}
Event: 358.937 GC heap after
{Heap after GC invocations=96 (full 0):
 garbage-first heap   total 261120K, used 135066K [0x0000000080000000, 0x0000000100000000)
  region size 1024K, 3 young (3072K), 3 survivors (3072K)
 Metaspace       used 114632K, capacity 117392K, committed 117632K, reserved 1150976K
  class space    used 14175K, capacity 15164K, committed 15232K, reserved 1048576K
}
Event: 759.460 GC heap before
{Heap before GC invocations=96 (full 0):
 garbage-first heap   total 261120K, used 143258K [0x0000000080000000, 0x0000000100000000)
  region size 1024K, 12 young (12288K), 3 survivors (3072K)
 Metaspace       used 114699K, capacity 117457K, committed 117632K, reserved 1150976K
  class space    used 14177K, capacity 15164K, committed 15232K, reserved 1048576K
}
Event: 759.465 GC heap after
{Heap after GC invocations=97 (full 0):
 garbage-first heap   total 261120K, used 134169K [0x0000000080000000, 0x0000000100000000)
  region size 1024K, 1 young (1024K), 1 survivors (1024K)
 Metaspace       used 114699K, capacity 117457K, committed 117632K, reserved 1150976K
  class space    used 14177K, capacity 15164K, committed 15232K, reserved 1048576K
}
Event: 1210.580 GC heap before
{Heap before GC invocations=97 (full 0):
 garbage-first heap   total 261120K, used 197657K [0x0000000080000000, 0x0000000100000000)
  region size 1024K, 63 young (64512K), 1 survivors (1024K)
 Metaspace       used 115032K, capacity 117788K, committed 117888K, reserved 1153024K
  class space    used 14184K, capacity 15177K, committed 15232K, reserved 1048576K
}
Event: 1210.594 GC heap after
{Heap after GC invocations=98 (full 0):
 garbage-first heap   total 261120K, used 138677K [0x0000000080000000, 0x0000000100000000)
  region size 1024K, 5 young (5120K), 5 survivors (5120K)
 Metaspace       used 115032K, capacity 117788K, committed 117888K, reserved 1153024K
  class space    used 14184K, capacity 15177K, committed 15232K, reserved 1048576K
}
Event: 1211.707 GC heap before
{Heap before GC invocations=99 (full 0):
 garbage-first heap   total 261120K, used 192949K [0x0000000080000000, 0x0000000100000000)
  region size 1024K, 67 young (68608K), 5 survivors (5120K)
 Metaspace       used 115040K, capacity 117788K, committed 117888K, reserved 1153024K
  class space    used 14184K, capacity 15177K, committed 15232K, reserved 1048576K
}
Event: 1211.719 GC heap after
{Heap after GC invocations=100 (full 0):
 garbage-first heap   total 261120K, used 130939K [0x0000000080000000, 0x0000000100000000)
  region size 1024K, 2 young (2048K), 2 survivors (2048K)
 Metaspace       used 115040K, capacity 117788K, committed 117888K, reserved 1153024K
  class space    used 14184K, capacity 15177K, committed 15232K, reserved 1048576K
}
Event: 1211.825 GC heap before
{Heap before GC invocations=100 (full 0):
 garbage-first heap   total 261120K, used 140155K [0x0000000080000000, 0x0000000100000000)
  region size 1024K, 12 young (12288K), 2 survivors (2048K)
 Metaspace       used 115042K, capacity 117788K, committed 117888K, reserved 1153024K
  class space    used 14184K, capacity 15177K, committed 15232K, reserved 1048576K
}
Event: 1211.842 GC heap after
{Heap after GC invocations=101 (full 0):
 garbage-first heap   total 261120K, used 109385K [0x0000000080000000, 0x0000000100000000)
  region size 1024K, 1 young (1024K), 1 survivors (1024K)
 Metaspace       used 115042K, capacity 117788K, committed 117888K, reserved 1153024K
  class space    used 14184K, capacity 15177K, committed 15232K, reserved 1048576K
}
Event: 1212.599 GC heap before
{Heap before GC invocations=101 (full 0):
 garbage-first heap   total 261120K, used 190281K [0x0000000080000000, 0x0000000100000000)
  region size 1024K, 81 young (82944K), 1 survivors (1024K)
 Metaspace       used 115067K, capacity 117806K, committed 117888K, reserved 1153024K
  class space    used 14188K, capacity 15183K, committed 15232K, reserved 1048576K
}
Event: 1212.607 GC heap after
{Heap after GC invocations=102 (full 0):
 garbage-first heap   total 261120K, used 111205K [0x0000000080000000, 0x0000000100000000)
  region size 1024K, 3 young (3072K), 3 survivors (3072K)
 Metaspace       used 115067K, capacity 117806K, committed 117888K, reserved 1153024K
  class space    used 14188K, capacity 15183K, committed 15232K, reserved 1048576K
}

