# JRE version: OpenJDK Runtime Environment (11.0.8+10) (build 11.0.8+10-b944.6842174)
# Java VM: OpenJDK 64-Bit Server VM (11.0.8+10-b944.6842174, mixed mode, tiered, compressed oops, g1 gc, windows-amd64)
Heap:
 garbage-first heap   total 227328K, used 143370K [0x0000000080000000, 0x0000000100000000)
  region size 1024K, 15 young (15360K), 2 survivors (2048K)
 Metaspace       used 106554K, capacity 109186K, committed 109388K, reserved 1144832K
  class space    used 13397K, capacity 14338K, committed 14412K, reserved 1048576K
GC Heap History (20 events):
Event: 31.593 GC heap before
{Heap before GC invocations=20 (full 0):
 garbage-first heap   total 227328K, used 171520K [0x0000000080000000, 0x0000000100000000)
  region size 1024K, 79 young (80896K), 6 survivors (6144K)
 Metaspace       used 81404K, capacity 83460K, committed 83660K, reserved 1122304K
  class space    used 10424K, capacity 11119K, committed 11212K, reserved 1048576K
}
Event: 31.613 GC heap after
{Heap after GC invocations=21 (full 0):
 garbage-first heap   total 227328K, used 101274K [0x0000000080000000, 0x0000000100000000)
  region size 1024K, 9 young (9216K), 9 survivors (9216K)
 Metaspace       used 81404K, capacity 83460K, committed 83660K, reserved 1122304K
  class space    used 10424K, capacity 11119K, committed 11212K, reserved 1048576K
}
Event: 33.696 GC heap before
{Heap before GC invocations=21 (full 0):
 garbage-first heap   total 227328K, used 176026K [0x0000000080000000, 0x0000000100000000)
  region size 1024K, 83 young (84992K), 9 survivors (9216K)
 Metaspace       used 83732K, capacity 85778K, committed 85964K, reserved 1124352K
  class space    used 10725K, capacity 11423K, committed 11468K, reserved 1048576K
}
Event: 33.721 GC heap after
{Heap after GC invocations=22 (full 0):
 garbage-first heap   total 227328K, used 104126K [0x0000000080000000, 0x0000000100000000)
  region size 1024K, 8 young (8192K), 8 survivors (8192K)
 Metaspace       used 83732K, capacity 85778K, committed 85964K, reserved 1124352K
  class space    used 10725K, capacity 11423K, committed 11468K, reserved 1048576K
}
Event: 34.929 GC heap before
{Heap before GC invocations=22 (full 0):
 garbage-first heap   total 227328K, used 178878K [0x0000000080000000, 0x0000000100000000)
  region size 1024K, 82 young (83968K), 8 survivors (8192K)
 Metaspace       used 84325K, capacity 86356K, committed 86476K, reserved 1124352K
  class space    used 10781K, capacity 11468K, committed 11468K, reserved 1048576K
}
Event: 34.954 GC heap after
{Heap after GC invocations=23 (full 0):
 garbage-first heap   total 227328K, used 108256K [0x0000000080000000, 0x0000000100000000)
  region size 1024K, 8 young (8192K), 8 survivors (8192K)
 Metaspace       used 84325K, capacity 86356K, committed 86476K, reserved 1124352K
  class space    used 10781K, capacity 11468K, committed 11468K, reserved 1048576K
}
Event: 44.458 GC heap before
{Heap before GC invocations=23 (full 0):
 garbage-first heap   total 227328K, used 181984K [0x0000000080000000, 0x0000000100000000)
  region size 1024K, 81 young (82944K), 8 survivors (8192K)
 Metaspace       used 84973K, capacity 87033K, committed 87116K, reserved 1124352K
  class space    used 10849K, capacity 11544K, committed 11596K, reserved 1048576K
}
Event: 44.491 GC heap after
{Heap after GC invocations=24 (full 0):
 garbage-first heap   total 227328K, used 113541K [0x0000000080000000, 0x0000000100000000)
  region size 1024K, 10 young (10240K), 10 survivors (10240K)
 Metaspace       used 84973K, capacity 87033K, committed 87116K, reserved 1124352K
  class space    used 10849K, capacity 11544K, committed 11596K, reserved 1048576K
}
Event: 45.933 GC heap before
{Heap before GC invocations=24 (full 0):
 garbage-first heap   total 227328K, used 164741K [0x0000000080000000, 0x0000000100000000)
  region size 1024K, 62 young (63488K), 10 survivors (10240K)
 Metaspace       used 85617K, capacity 87673K, committed 88012K, reserved 1126400K
  class space    used 10895K, capacity 11608K, committed 11724K, reserved 1048576K
}
Event: 45.951 GC heap after
{Heap after GC invocations=25 (full 0):
 garbage-first heap   total 227328K, used 113209K [0x0000000080000000, 0x0000000100000000)
  region size 1024K, 2 young (2048K), 2 survivors (2048K)
 Metaspace       used 85617K, capacity 87673K, committed 88012K, reserved 1126400K
  class space    used 10895K, capacity 11608K, committed 11724K, reserved 1048576K
}
Event: 48.777 GC heap before
{Heap before GC invocations=26 (full 0):
 garbage-first heap   total 227328K, used 170553K [0x0000000080000000, 0x0000000100000000)
  region size 1024K, 75 young (76800K), 2 survivors (2048K)
 Metaspace       used 86760K, capacity 88837K, committed 89036K, reserved 1126400K
  class space    used 11010K, capacity 11717K, committed 11724K, reserved 1048576K
}
Event: 48.808 GC heap after
{Heap after GC invocations=27 (full 0):
 garbage-first heap   total 227328K, used 101949K [0x0000000080000000, 0x0000000100000000)
  region size 1024K, 9 young (9216K), 9 survivors (9216K)
 Metaspace       used 86760K, capacity 88837K, committed 89036K, reserved 1126400K
  class space    used 11010K, capacity 11717K, committed 11724K, reserved 1048576K
}
Event: 56.769 GC heap before
{Heap before GC invocations=27 (full 0):
 garbage-first heap   total 227328K, used 181821K [0x0000000080000000, 0x0000000100000000)
  region size 1024K, 86 young (88064K), 9 survivors (9216K)
 Metaspace       used 93896K, capacity 96019K, committed 96204K, reserved 1132544K
  class space    used 11873K, capacity 12617K, committed 12748K, reserved 1048576K
}
Event: 56.814 GC heap after
{Heap after GC invocations=28 (full 0):
 garbage-first heap   total 227328K, used 117660K [0x0000000080000000, 0x0000000100000000)
  region size 1024K, 11 young (11264K), 11 survivors (11264K)
 Metaspace       used 93896K, capacity 96019K, committed 96204K, reserved 1132544K
  class space    used 11873K, capacity 12617K, committed 12748K, reserved 1048576K
}
Event: 62.925 GC heap before
{Heap before GC invocations=28 (full 0):
 garbage-first heap   total 227328K, used 159644K [0x0000000080000000, 0x0000000100000000)
  region size 1024K, 53 young (54272K), 11 survivors (11264K)
 Metaspace       used 96208K, capacity 98444K, committed 98764K, reserved 1134592K
  class space    used 12086K, capacity 12885K, committed 13004K, reserved 1048576K
}
Event: 62.954 GC heap after
{Heap after GC invocations=29 (full 0):
 garbage-first heap   total 227328K, used 118051K [0x0000000080000000, 0x0000000100000000)
  region size 1024K, 5 young (5120K), 5 survivors (5120K)
 Metaspace       used 96208K, capacity 98444K, committed 98764K, reserved 1134592K
  class space    used 12086K, capacity 12885K, committed 13004K, reserved 1048576K
}
Event: 65.621 GC heap before
{Heap before GC invocations=30 (full 0):
 garbage-first heap   total 227328K, used 177443K [0x0000000080000000, 0x0000000100000000)
  region size 1024K, 60 young (61440K), 5 survivors (5120K)
 Metaspace       used 101101K, capacity 103443K, committed 103756K, reserved 1138688K
  class space    used 12724K, capacity 13558K, committed 13644K, reserved 1048576K
}
Event: 65.657 GC heap after
{Heap after GC invocations=31 (full 0):
 garbage-first heap   total 227328K, used 128641K [0x0000000080000000, 0x0000000100000000)
  region size 1024K, 8 young (8192K), 8 survivors (8192K)
 Metaspace       used 101101K, capacity 103443K, committed 103756K, reserved 1138688K
  class space    used 12724K, capacity 13558K, committed 13644K, reserved 1048576K
}
Event: 69.225 GC heap before
{Heap before GC invocations=31 (full 0):
 garbage-first heap   total 227328K, used 177793K [0x0000000080000000, 0x0000000100000000)
  region size 1024K, 56 young (57344K), 8 survivors (8192K)
 Metaspace       used 106115K, capacity 108705K, committed 108748K, reserved 1144832K
  class space    used 13342K, capacity 14264K, committed 14284K, reserved 1048576K
}
Event: 69.262 GC heap after
{Heap after GC invocations=32 (full 0):
 garbage-first heap   total 227328K, used 131082K [0x0000000080000000, 0x0000000100000000)
  region size 1024K, 2 young (2048K), 2 survivors (2048K)
 Metaspace       used 106115K, capacity 108705K, committed 108748K, reserved 1144832K
  class space    used 13342K, capacity 14264K, committed 14284K, reserved 1048576K
}

