# JRE version: OpenJDK Runtime Environment (11.0.8+10) (build 11.0.8+10-b944.6842174)
# Java VM: OpenJDK 64-Bit Server VM (11.0.8+10-b944.6842174, mixed mode, tiered, compressed oops, g1 gc, windows-amd64)
Heap:
 garbage-first heap   total 477184K, used 231833K [0x0000000080000000, 0x0000000100000000)
  region size 1024K, 3 young (3072K), 3 survivors (3072K)
 Metaspace       used 94041K, capacity 96543K, committed 96588K, reserved 1132544K
  class space    used 11940K, capacity 12837K, committed 12876K, reserved 1048576K
GC Heap History (20 events):
Event: 944.635 GC heap after
{Heap after GC invocations=33 (full 0):
 garbage-first heap   total 231424K, used 166076K [0x0000000080000000, 0x0000000100000000)
  region size 1024K, 5 young (5120K), 5 survivors (5120K)
 Metaspace       used 89116K, capacity 91331K, committed 91596K, reserved 1128448K
  class space    used 11336K, capacity 12139K, committed 12236K, reserved 1048576K
}
Event: 944.915 GC heap before
{Heap before GC invocations=34 (full 0):
 garbage-first heap   total 231424K, used 188604K [0x0000000080000000, 0x0000000100000000)
  region size 1024K, 27 young (27648K), 5 survivors (5120K)
 Metaspace       used 91347K, capacity 93671K, committed 93772K, reserved 1130496K
  class space    used 11742K, capacity 12581K, committed 12620K, reserved 1048576K
}
Event: 944.945 GC heap after
{Heap after GC invocations=35 (full 0):
 garbage-first heap   total 231424K, used 172032K [0x0000000080000000, 0x0000000100000000)
  region size 1024K, 4 young (4096K), 4 survivors (4096K)
 Metaspace       used 91347K, capacity 93671K, committed 93772K, reserved 1130496K
  class space    used 11742K, capacity 12581K, committed 12620K, reserved 1048576K
}
Event: 945.084 GC heap before
{Heap before GC invocations=35 (full 0):
 garbage-first heap   total 231424K, used 179200K [0x0000000080000000, 0x0000000100000000)
  region size 1024K, 11 young (11264K), 4 survivors (4096K)
 Metaspace       used 91692K, capacity 94003K, committed 94284K, reserved 1130496K
  class space    used 11768K, capacity 12583K, committed 12620K, reserved 1048576K
}
Event: 945.108 GC heap after
{Heap after GC invocations=36 (full 0):
 garbage-first heap   total 231424K, used 171965K [0x0000000080000000, 0x0000000100000000)
  region size 1024K, 2 young (2048K), 2 survivors (2048K)
 Metaspace       used 91692K, capacity 94003K, committed 94284K, reserved 1130496K
  class space    used 11768K, capacity 12583K, committed 12620K, reserved 1048576K
}
Event: 945.382 GC heap before
{Heap before GC invocations=36 (full 0):
 garbage-first heap   total 231424K, used 191421K [0x0000000080000000, 0x0000000100000000)
  region size 1024K, 21 young (21504K), 2 survivors (2048K)
 Metaspace       used 92053K, capacity 94394K, committed 94668K, reserved 1130496K
  class space    used 11787K, capacity 12626K, committed 12748K, reserved 1048576K
}
Event: 945.400 GC heap after
{Heap after GC invocations=37 (full 0):
 garbage-first heap   total 231424K, used 180953K [0x0000000080000000, 0x0000000100000000)
  region size 1024K, 3 young (3072K), 3 survivors (3072K)
 Metaspace       used 92053K, capacity 94394K, committed 94668K, reserved 1130496K
  class space    used 11787K, capacity 12626K, committed 12748K, reserved 1048576K
}
Event: 945.713 GC heap before
{Heap before GC invocations=37 (full 0):
 garbage-first heap   total 231424K, used 194265K [0x0000000080000000, 0x0000000100000000)
  region size 1024K, 16 young (16384K), 3 survivors (3072K)
 Metaspace       used 92381K, capacity 94773K, committed 94924K, reserved 1132544K
  class space    used 11811K, capacity 12645K, committed 12748K, reserved 1048576K
}
Event: 945.728 GC heap after
{Heap after GC invocations=38 (full 0):
 garbage-first heap   total 231424K, used 188127K [0x0000000080000000, 0x0000000100000000)
  region size 1024K, 2 young (2048K), 2 survivors (2048K)
 Metaspace       used 92381K, capacity 94773K, committed 94924K, reserved 1132544K
  class space    used 11811K, capacity 12645K, committed 12748K, reserved 1048576K
}
Event: 946.038 GC heap before
{Heap before GC invocations=38 (full 0):
 garbage-first heap   total 231424K, used 197343K [0x0000000080000000, 0x0000000100000000)
  region size 1024K, 11 young (11264K), 2 survivors (2048K)
 Metaspace       used 92769K, capacity 95118K, committed 95436K, reserved 1132544K
  class space    used 11831K, capacity 12669K, committed 12748K, reserved 1048576K
}
Event: 946.050 GC heap after
{Heap after GC invocations=39 (full 0):
 garbage-first heap   total 231424K, used 192512K [0x0000000080000000, 0x0000000100000000)
  region size 1024K, 2 young (2048K), 2 survivors (2048K)
 Metaspace       used 92769K, capacity 95118K, committed 95436K, reserved 1132544K
  class space    used 11831K, capacity 12669K, committed 12748K, reserved 1048576K
}
Event: 946.190 GC heap before
{Heap before GC invocations=40 (full 0):
 garbage-first heap   total 231424K, used 201728K [0x0000000080000000, 0x0000000100000000)
  region size 1024K, 11 young (11264K), 2 survivors (2048K)
 Metaspace       used 92921K, capacity 95293K, committed 95436K, reserved 1132544K
  class space    used 11842K, capacity 12684K, committed 12748K, reserved 1048576K
}
Event: 946.204 GC heap after
{Heap after GC invocations=41 (full 0):
 garbage-first heap   total 289792K, used 197515K [0x0000000080000000, 0x0000000100000000)
  region size 1024K, 2 young (2048K), 2 survivors (2048K)
 Metaspace       used 92921K, capacity 95293K, committed 95436K, reserved 1132544K
  class space    used 11842K, capacity 12684K, committed 12748K, reserved 1048576K
}
Event: 946.303 GC heap before
{Heap before GC invocations=41 (full 0):
 garbage-first heap   total 289792K, used 209803K [0x0000000080000000, 0x0000000100000000)
  region size 1024K, 14 young (14336K), 2 survivors (2048K)
 Metaspace       used 93048K, capacity 95393K, committed 95692K, reserved 1132544K
  class space    used 11862K, capacity 12696K, committed 12748K, reserved 1048576K
}
Event: 946.318 GC heap after
{Heap after GC invocations=42 (full 0):
 garbage-first heap   total 289792K, used 203776K [0x0000000080000000, 0x0000000100000000)
  region size 1024K, 2 young (2048K), 2 survivors (2048K)
 Metaspace       used 93048K, capacity 95393K, committed 95692K, reserved 1132544K
  class space    used 11862K, capacity 12696K, committed 12748K, reserved 1048576K
}
Event: 946.491 GC heap before
{Heap before GC invocations=42 (full 0):
 garbage-first heap   total 289792K, used 226304K [0x0000000080000000, 0x0000000100000000)
  region size 1024K, 24 young (24576K), 2 survivors (2048K)
 Metaspace       used 93375K, capacity 95759K, committed 96076K, reserved 1132544K
  class space    used 11898K, capacity 12754K, committed 12876K, reserved 1048576K
}
Event: 946.515 GC heap after
{Heap after GC invocations=43 (full 0):
 garbage-first heap   total 289792K, used 214292K [0x0000000080000000, 0x0000000100000000)
  region size 1024K, 3 young (3072K), 3 survivors (3072K)
 Metaspace       used 93375K, capacity 95759K, committed 96076K, reserved 1132544K
  class space    used 11898K, capacity 12754K, committed 12876K, reserved 1048576K
}
Event: 946.978 GC heap before
{Heap before GC invocations=43 (full 0):
 garbage-first heap   total 289792K, used 233748K [0x0000000080000000, 0x0000000100000000)
  region size 1024K, 22 young (22528K), 3 survivors (3072K)
 Metaspace       used 93911K, capacity 96403K, committed 96588K, reserved 1132544K
  class space    used 11939K, capacity 12837K, committed 12876K, reserved 1048576K
}
Event: 946.995 GC heap after
{Heap after GC invocations=44 (full 0):
 garbage-first heap   total 289792K, used 223625K [0x0000000080000000, 0x0000000100000000)
  region size 1024K, 3 young (3072K), 3 survivors (3072K)
 Metaspace       used 93911K, capacity 96403K, committed 96588K, reserved 1132544K
  class space    used 11939K, capacity 12837K, committed 12876K, reserved 1048576K
}
Event: 947.107 GC heap before
{Heap before GC invocations=44 (full 0):
 garbage-first heap   total 289792K, used 238985K [0x0000000080000000, 0x0000000100000000)
  region size 1024K, 18 young (18432K), 3 survivors (3072K)
 Metaspace       used 94041K, capacity 96543K, committed 96588K, reserved 1132544K
  class space    used 11940K, capacity 12837K, committed 12876K, reserved 1048576K
}

