# JRE version: OpenJDK Runtime Environment (11.0.8+10) (build 11.0.8+10-b944.6842174)
# Java VM: OpenJDK 64-Bit Server VM (11.0.8+10-b944.6842174, mixed mode, tiered, compressed oops, g1 gc, windows-amd64)
Heap:
 garbage-first heap   total 157696K, used 89026K [0x0000000080000000, 0x0000000100000000)
  region size 1024K, 9 young (9216K), 6 survivors (6144K)
 Metaspace       used 82504K, capacity 84719K, committed 84988K, reserved 1122304K
  class space    used 10664K, capacity 11356K, committed 11392K, reserved 1048576K
GC Heap History (20 events):
Event: 7.256 GC heap before
{Heap before GC invocations=9 (full 0):
 garbage-first heap   total 131072K, used 100590K [0x0000000080000000, 0x0000000100000000)
  region size 1024K, 64 young (65536K), 8 survivors (8192K)
 Metaspace       used 40687K, capacity 41814K, committed 41852K, reserved 1085440K
  class space    used 5215K, capacity 5597K, committed 5632K, reserved 1048576K
}
Event: 7.272 GC heap after
{Heap after GC invocations=10 (full 0):
 garbage-first heap   total 157696K, used 45985K [0x0000000080000000, 0x0000000100000000)
  region size 1024K, 8 young (8192K), 8 survivors (8192K)
 Metaspace       used 40687K, capacity 41814K, committed 41852K, reserved 1085440K
  class space    used 5215K, capacity 5597K, committed 5632K, reserved 1048576K
}
Event: 8.364 GC heap before
{Heap before GC invocations=10 (full 0):
 garbage-first heap   total 157696K, used 108449K [0x0000000080000000, 0x0000000100000000)
  region size 1024K, 69 young (70656K), 8 survivors (8192K)
 Metaspace       used 45363K, capacity 46619K, committed 46844K, reserved 1089536K
  class space    used 5852K, capacity 6235K, committed 6272K, reserved 1048576K
}
Event: 8.378 GC heap after
{Heap after GC invocations=11 (full 0):
 garbage-first heap   total 157696K, used 50380K [0x0000000080000000, 0x0000000100000000)
  region size 1024K, 5 young (5120K), 5 survivors (5120K)
 Metaspace       used 45363K, capacity 46619K, committed 46844K, reserved 1089536K
  class space    used 5852K, capacity 6235K, committed 6272K, reserved 1048576K
}
Event: 26.786 GC heap before
{Heap before GC invocations=11 (full 0):
 garbage-first heap   total 157696K, used 115916K [0x0000000080000000, 0x0000000100000000)
  region size 1024K, 67 young (68608K), 5 survivors (5120K)
 Metaspace       used 49499K, capacity 50971K, committed 51196K, reserved 1093632K
  class space    used 6267K, capacity 6722K, committed 6784K, reserved 1048576K
}
Event: 26.797 GC heap after
{Heap after GC invocations=12 (full 0):
 garbage-first heap   total 157696K, used 61440K [0x0000000080000000, 0x0000000100000000)
  region size 1024K, 9 young (9216K), 9 survivors (9216K)
 Metaspace       used 49499K, capacity 50971K, committed 51196K, reserved 1093632K
  class space    used 6267K, capacity 6722K, committed 6784K, reserved 1048576K
}
Event: 28.243 GC heap before
{Heap before GC invocations=12 (full 0):
 garbage-first heap   total 157696K, used 120832K [0x0000000080000000, 0x0000000100000000)
  region size 1024K, 67 young (68608K), 9 survivors (9216K)
 Metaspace       used 53814K, capacity 55516K, committed 55804K, reserved 1097728K
  class space    used 6709K, capacity 7201K, committed 7296K, reserved 1048576K
}
Event: 28.255 GC heap after
{Heap after GC invocations=13 (full 0):
 garbage-first heap   total 157696K, used 65485K [0x0000000080000000, 0x0000000100000000)
  region size 1024K, 4 young (4096K), 4 survivors (4096K)
 Metaspace       used 53814K, capacity 55516K, committed 55804K, reserved 1097728K
  class space    used 6709K, capacity 7201K, committed 7296K, reserved 1048576K
}
Event: 28.819 GC heap before
{Heap before GC invocations=13 (full 0):
 garbage-first heap   total 157696K, used 93133K [0x0000000080000000, 0x0000000100000000)
  region size 1024K, 32 young (32768K), 4 survivors (4096K)
 Metaspace       used 58077K, capacity 59863K, committed 59900K, reserved 1101824K
  class space    used 7260K, capacity 7775K, committed 7808K, reserved 1048576K
}
Event: 28.829 GC heap after
{Heap after GC invocations=14 (full 0):
 garbage-first heap   total 157696K, used 66486K [0x0000000080000000, 0x0000000100000000)
  region size 1024K, 5 young (5120K), 5 survivors (5120K)
 Metaspace       used 58077K, capacity 59863K, committed 59900K, reserved 1101824K
  class space    used 7260K, capacity 7775K, committed 7808K, reserved 1048576K
}
Event: 29.964 GC heap before
{Heap before GC invocations=15 (full 0):
 garbage-first heap   total 157696K, used 122806K [0x0000000080000000, 0x0000000100000000)
  region size 1024K, 59 young (60416K), 5 survivors (5120K)
 Metaspace       used 64530K, capacity 66446K, committed 66684K, reserved 1107968K
  class space    used 8052K, capacity 8637K, committed 8704K, reserved 1048576K
}
Event: 29.977 GC heap after
{Heap after GC invocations=16 (full 0):
 garbage-first heap   total 157696K, used 71666K [0x0000000080000000, 0x0000000100000000)
  region size 1024K, 7 young (7168K), 7 survivors (7168K)
 Metaspace       used 64530K, capacity 66446K, committed 66684K, reserved 1107968K
  class space    used 8052K, capacity 8637K, committed 8704K, reserved 1048576K
}
Event: 30.733 GC heap before
{Heap before GC invocations=16 (full 0):
 garbage-first heap   total 157696K, used 122866K [0x0000000080000000, 0x0000000100000000)
  region size 1024K, 58 young (59392K), 7 survivors (7168K)
 Metaspace       used 67457K, capacity 69509K, committed 69756K, reserved 1110016K
  class space    used 8453K, capacity 9118K, committed 9216K, reserved 1048576K
}
Event: 30.745 GC heap after
{Heap after GC invocations=17 (full 0):
 garbage-first heap   total 157696K, used 74929K [0x0000000080000000, 0x0000000100000000)
  region size 1024K, 5 young (5120K), 5 survivors (5120K)
 Metaspace       used 67457K, capacity 69509K, committed 69756K, reserved 1110016K
  class space    used 8453K, capacity 9118K, committed 9216K, reserved 1048576K
}
Event: 31.730 GC heap before
{Heap before GC invocations=17 (full 0):
 garbage-first heap   total 157696K, used 125105K [0x0000000080000000, 0x0000000100000000)
  region size 1024K, 54 young (55296K), 5 survivors (5120K)
 Metaspace       used 71690K, capacity 73814K, committed 74108K, reserved 1114112K
  class space    used 9182K, capacity 9868K, committed 9984K, reserved 1048576K
}
Event: 31.741 GC heap after
{Heap after GC invocations=18 (full 0):
 garbage-first heap   total 157696K, used 78465K [0x0000000080000000, 0x0000000100000000)
  region size 1024K, 4 young (4096K), 4 survivors (4096K)
 Metaspace       used 71690K, capacity 73814K, committed 74108K, reserved 1114112K
  class space    used 9182K, capacity 9868K, committed 9984K, reserved 1048576K
}
Event: 32.698 GC heap before
{Heap before GC invocations=18 (full 0):
 garbage-first heap   total 157696K, used 126593K [0x0000000080000000, 0x0000000100000000)
  region size 1024K, 52 young (53248K), 4 survivors (4096K)
 Metaspace       used 76151K, capacity 78388K, committed 78716K, reserved 1118208K
  class space    used 9715K, capacity 10404K, committed 10496K, reserved 1048576K
}
Event: 32.709 GC heap after
{Heap after GC invocations=19 (full 0):
 garbage-first heap   total 157696K, used 81250K [0x0000000080000000, 0x0000000100000000)
  region size 1024K, 7 young (7168K), 7 survivors (7168K)
 Metaspace       used 76151K, capacity 78388K, committed 78716K, reserved 1118208K
  class space    used 9715K, capacity 10404K, committed 10496K, reserved 1048576K
}
Event: 33.464 GC heap before
{Heap before GC invocations=20 (full 0):
 garbage-first heap   total 157696K, used 128354K [0x0000000080000000, 0x0000000100000000)
  region size 1024K, 53 young (54272K), 7 survivors (7168K)
 Metaspace       used 78528K, capacity 80742K, committed 80892K, reserved 1120256K
  class space    used 10094K, capacity 10808K, committed 10880K, reserved 1048576K
}
Event: 33.478 GC heap after
{Heap after GC invocations=21 (full 0):
 garbage-first heap   total 157696K, used 84074K [0x0000000080000000, 0x0000000100000000)
  region size 1024K, 6 young (6144K), 6 survivors (6144K)
 Metaspace       used 78528K, capacity 80742K, committed 80892K, reserved 1120256K
  class space    used 10094K, capacity 10808K, committed 10880K, reserved 1048576K
}

