# JRE version: OpenJDK Runtime Environment (11.0.8+10) (build 11.0.8+10-b944.6842174)
# Java VM: OpenJDK 64-Bit Server VM (11.0.8+10-b944.6842174, mixed mode, tiered, compressed oops, g1 gc, windows-amd64)
Heap:
 garbage-first heap   total 189440K, used 144116K [0x0000000080000000, 0x0000000100000000)
  region size 1024K, 8 young (8192K), 2 survivors (2048K)
 Metaspace       used 112972K, capacity 115805K, committed 116044K, reserved 1150976K
  class space    used 13959K, capacity 14969K, committed 15000K, reserved 1048576K
GC Heap History (20 events):
Event: 1205.353 GC heap before
{Heap before GC invocations=75 (full 0):
 garbage-first heap   total 189440K, used 147153K [0x0000000080000000, 0x0000000100000000)
  region size 1024K, 9 young (9216K), 1 survivors (1024K)
 Metaspace       used 112395K, capacity 115225K, committed 115532K, reserved 1150976K
  class space    used 13934K, capacity 14931K, committed 15000K, reserved 1048576K
}
Event: 1205.358 GC heap after
{Heap after GC invocations=76 (full 0):
 garbage-first heap   total 189440K, used 137933K [0x0000000080000000, 0x0000000100000000)
  region size 1024K, 1 young (1024K), 1 survivors (1024K)
 Metaspace       used 112395K, capacity 115225K, committed 115532K, reserved 1150976K
  class space    used 13934K, capacity 14931K, committed 15000K, reserved 1048576K
}
Event: 1205.547 GC heap before
{Heap before GC invocations=76 (full 0):
 garbage-first heap   total 189440K, used 158413K [0x0000000080000000, 0x0000000100000000)
  region size 1024K, 21 young (21504K), 1 survivors (1024K)
 Metaspace       used 112399K, capacity 115225K, committed 115532K, reserved 1150976K
  class space    used 13934K, capacity 14931K, committed 15000K, reserved 1048576K
}
Event: 1205.550 GC heap after
{Heap after GC invocations=77 (full 0):
 garbage-first heap   total 189440K, used 137911K [0x0000000080000000, 0x0000000100000000)
  region size 1024K, 1 young (1024K), 1 survivors (1024K)
 Metaspace       used 112399K, capacity 115225K, committed 115532K, reserved 1150976K
  class space    used 13934K, capacity 14931K, committed 15000K, reserved 1048576K
}
Event: 1205.936 GC heap before
{Heap before GC invocations=77 (full 0):
 garbage-first heap   total 189440K, used 159415K [0x0000000080000000, 0x0000000100000000)
  region size 1024K, 22 young (22528K), 1 survivors (1024K)
 Metaspace       used 112402K, capacity 115225K, committed 115532K, reserved 1150976K
  class space    used 13935K, capacity 14931K, committed 15000K, reserved 1048576K
}
Event: 1205.938 GC heap after
{Heap after GC invocations=78 (full 0):
 garbage-first heap   total 189440K, used 137977K [0x0000000080000000, 0x0000000100000000)
  region size 1024K, 1 young (1024K), 1 survivors (1024K)
 Metaspace       used 112402K, capacity 115225K, committed 115532K, reserved 1150976K
  class space    used 13935K, capacity 14931K, committed 15000K, reserved 1048576K
}
Event: 1206.195 GC heap before
{Heap before GC invocations=79 (full 0):
 garbage-first heap   total 189440K, used 161529K [0x0000000080000000, 0x0000000100000000)
  region size 1024K, 24 young (24576K), 1 survivors (1024K)
 Metaspace       used 112405K, capacity 115226K, committed 115532K, reserved 1150976K
  class space    used 13935K, capacity 14931K, committed 15000K, reserved 1048576K
}
Event: 1206.196 GC heap after
{Heap after GC invocations=80 (full 0):
 garbage-first heap   total 189440K, used 137982K [0x0000000080000000, 0x0000000100000000)
  region size 1024K, 1 young (1024K), 1 survivors (1024K)
 Metaspace       used 112405K, capacity 115226K, committed 115532K, reserved 1150976K
  class space    used 13935K, capacity 14931K, committed 15000K, reserved 1048576K
}
Event: 1206.228 GC heap before
{Heap before GC invocations=80 (full 0):
 garbage-first heap   total 189440K, used 146174K [0x0000000080000000, 0x0000000100000000)
  region size 1024K, 9 young (9216K), 1 survivors (1024K)
 Metaspace       used 112413K, capacity 115226K, committed 115532K, reserved 1150976K
  class space    used 13935K, capacity 14931K, committed 15000K, reserved 1048576K
}
Event: 1206.231 GC heap after
{Heap after GC invocations=81 (full 0):
 garbage-first heap   total 189440K, used 137416K [0x0000000080000000, 0x0000000100000000)
  region size 1024K, 1 young (1024K), 1 survivors (1024K)
 Metaspace       used 112413K, capacity 115226K, committed 115532K, reserved 1150976K
  class space    used 13935K, capacity 14931K, committed 15000K, reserved 1048576K
}
Event: 1206.404 GC heap before
{Heap before GC invocations=81 (full 0):
 garbage-first heap   total 189440K, used 161992K [0x0000000080000000, 0x0000000100000000)
  region size 1024K, 25 young (25600K), 1 survivors (1024K)
 Metaspace       used 112413K, capacity 115226K, committed 115532K, reserved 1150976K
  class space    used 13935K, capacity 14931K, committed 15000K, reserved 1048576K
}
Event: 1206.406 GC heap after
{Heap after GC invocations=82 (full 0):
 garbage-first heap   total 189440K, used 137445K [0x0000000080000000, 0x0000000100000000)
  region size 1024K, 1 young (1024K), 1 survivors (1024K)
 Metaspace       used 112413K, capacity 115226K, committed 115532K, reserved 1150976K
  class space    used 13935K, capacity 14931K, committed 15000K, reserved 1048576K
}
Event: 1206.603 GC heap before
{Heap before GC invocations=82 (full 0):
 garbage-first heap   total 189440K, used 163045K [0x0000000080000000, 0x0000000100000000)
  region size 1024K, 26 young (26624K), 1 survivors (1024K)
 Metaspace       used 112416K, capacity 115227K, committed 115532K, reserved 1150976K
  class space    used 13935K, capacity 14931K, committed 15000K, reserved 1048576K
}
Event: 1206.605 GC heap after
{Heap after GC invocations=83 (full 0):
 garbage-first heap   total 189440K, used 137504K [0x0000000080000000, 0x0000000100000000)
  region size 1024K, 1 young (1024K), 1 survivors (1024K)
 Metaspace       used 112416K, capacity 115227K, committed 115532K, reserved 1150976K
  class space    used 13935K, capacity 14931K, committed 15000K, reserved 1048576K
}
Event: 1207.665 GC heap before
{Heap before GC invocations=84 (full 0):
 garbage-first heap   total 189440K, used 164128K [0x0000000080000000, 0x0000000100000000)
  region size 1024K, 27 young (27648K), 1 survivors (1024K)
 Metaspace       used 112686K, capacity 115476K, committed 115532K, reserved 1150976K
  class space    used 13958K, capacity 14968K, committed 15000K, reserved 1048576K
}
Event: 1207.672 GC heap after
{Heap after GC invocations=85 (full 0):
 garbage-first heap   total 189440K, used 137804K [0x0000000080000000, 0x0000000100000000)
  region size 1024K, 1 young (1024K), 1 survivors (1024K)
 Metaspace       used 112686K, capacity 115476K, committed 115532K, reserved 1150976K
  class space    used 13958K, capacity 14968K, committed 15000K, reserved 1048576K
}
Event: 1208.690 GC heap before
{Heap before GC invocations=85 (full 0):
 garbage-first heap   total 189440K, used 164428K [0x0000000080000000, 0x0000000100000000)
  region size 1024K, 27 young (27648K), 1 survivors (1024K)
 Metaspace       used 112911K, capacity 115738K, committed 115788K, reserved 1150976K
  class space    used 13959K, capacity 14969K, committed 15000K, reserved 1048576K
}
Event: 1208.696 GC heap after
{Heap after GC invocations=86 (full 0):
 garbage-first heap   total 189440K, used 138454K [0x0000000080000000, 0x0000000100000000)
  region size 1024K, 2 young (2048K), 2 survivors (2048K)
 Metaspace       used 112911K, capacity 115738K, committed 115788K, reserved 1150976K
  class space    used 13959K, capacity 14969K, committed 15000K, reserved 1048576K
}
Event: 1209.430 GC heap before
{Heap before GC invocations=87 (full 0):
 garbage-first heap   total 189440K, used 163030K [0x0000000080000000, 0x0000000100000000)
  region size 1024K, 27 young (27648K), 2 survivors (2048K)
 Metaspace       used 112954K, capacity 115741K, committed 115788K, reserved 1150976K
  class space    used 13959K, capacity 14969K, committed 15000K, reserved 1048576K
}
Event: 1209.435 GC heap after
{Heap after GC invocations=88 (full 0):
 garbage-first heap   total 189440K, used 138996K [0x0000000080000000, 0x0000000100000000)
  region size 1024K, 2 young (2048K), 2 survivors (2048K)
 Metaspace       used 112954K, capacity 115741K, committed 115788K, reserved 1150976K
  class space    used 13959K, capacity 14969K, committed 15000K, reserved 1048576K
}

