# JRE version: OpenJDK Runtime Environment (11.0.8+10) (build 11.0.8+10-b944.6842174)
# Java VM: OpenJDK 64-Bit Server VM (11.0.8+10-b944.6842174, mixed mode, tiered, compressed oops, g1 gc, windows-amd64)
Heap:
 garbage-first heap   total 227328K, used 128641K [0x0000000080000000, 0x0000000100000000)
  region size 1024K, 20 young (20480K), 2 survivors (2048K)
 Metaspace       used 111974K, capacity 114540K, committed 115404K, reserved 1148928K
  class space    used 13861K, capacity 14787K, committed 15052K, reserved 1048576K
GC Heap History (20 events):
Event: 118.498 GC heap before
{Heap before GC invocations=45 (full 0):
 garbage-first heap   total 227328K, used 173959K [0x0000000080000000, 0x0000000100000000)
  region size 1024K, 71 young (72704K), 1 survivors (1024K)
 Metaspace       used 111374K, capacity 114069K, committed 114252K, reserved 1148928K
  class space    used 13928K, capacity 14902K, committed 14924K, reserved 1048576K
}
Event: 118.508 GC heap after
{Heap after GC invocations=46 (full 0):
 garbage-first heap   total 227328K, used 105535K [0x0000000080000000, 0x0000000100000000)
  region size 1024K, 3 young (3072K), 3 survivors (3072K)
 Metaspace       used 111374K, capacity 114069K, committed 114252K, reserved 1148928K
  class space    used 13928K, capacity 14902K, committed 14924K, reserved 1048576K
}
Event: 120.576 GC heap before
{Heap before GC invocations=46 (full 0):
 garbage-first heap   total 227328K, used 178239K [0x0000000080000000, 0x0000000100000000)
  region size 1024K, 75 young (76800K), 3 survivors (3072K)
 Metaspace       used 111381K, capacity 114070K, committed 114252K, reserved 1148928K
  class space    used 13929K, capacity 14902K, committed 14924K, reserved 1048576K
}
Event: 120.584 GC heap after
{Heap after GC invocations=47 (full 0):
 garbage-first heap   total 227328K, used 106519K [0x0000000080000000, 0x0000000100000000)
  region size 1024K, 4 young (4096K), 4 survivors (4096K)
 Metaspace       used 111381K, capacity 114070K, committed 114252K, reserved 1148928K
  class space    used 13929K, capacity 14902K, committed 14924K, reserved 1048576K
}
Event: 121.856 GC heap before
{Heap before GC invocations=47 (full 0):
 garbage-first heap   total 227328K, used 180247K [0x0000000080000000, 0x0000000100000000)
  region size 1024K, 77 young (78848K), 4 survivors (4096K)
 Metaspace       used 111402K, capacity 114074K, committed 114252K, reserved 1148928K
  class space    used 13930K, capacity 14903K, committed 14924K, reserved 1048576K
}
Event: 121.865 GC heap after
{Heap after GC invocations=48 (full 0):
 garbage-first heap   total 227328K, used 107551K [0x0000000080000000, 0x0000000100000000)
  region size 1024K, 5 young (5120K), 5 survivors (5120K)
 Metaspace       used 111402K, capacity 114074K, committed 114252K, reserved 1148928K
  class space    used 13930K, capacity 14903K, committed 14924K, reserved 1048576K
}
Event: 2234.976 GC heap before
{Heap before GC invocations=49 (full 0):
 garbage-first heap   total 227328K, used 184351K [0x0000000080000000, 0x0000000100000000)
  region size 1024K, 80 young (81920K), 5 survivors (5120K)
 Metaspace       used 111763K, capacity 114550K, committed 114764K, reserved 1148928K
  class space    used 13933K, capacity 14906K, committed 14924K, reserved 1048576K
}
Event: 2234.987 GC heap after
{Heap after GC invocations=50 (full 0):
 garbage-first heap   total 227328K, used 107113K [0x0000000080000000, 0x0000000100000000)
  region size 1024K, 5 young (5120K), 5 survivors (5120K)
 Metaspace       used 111763K, capacity 114550K, committed 114764K, reserved 1148928K
  class space    used 13933K, capacity 14906K, committed 14924K, reserved 1048576K
}
Event: 2235.280 GC heap before
{Heap before GC invocations=50 (full 0):
 garbage-first heap   total 227328K, used 113257K [0x0000000080000000, 0x0000000100000000)
  region size 1024K, 11 young (11264K), 5 survivors (5120K)
 Metaspace       used 111865K, capacity 114665K, committed 114764K, reserved 1148928K
  class space    used 13938K, capacity 14915K, committed 14924K, reserved 1048576K
}
Event: 2235.301 GC heap after
{Heap after GC invocations=51 (full 0):
 garbage-first heap   total 227328K, used 107653K [0x0000000080000000, 0x0000000100000000)
  region size 1024K, 2 young (2048K), 2 survivors (2048K)
 Metaspace       used 111865K, capacity 114665K, committed 114764K, reserved 1148928K
  class space    used 13938K, capacity 14915K, committed 14924K, reserved 1048576K
}
Event: 2236.676 GC heap before
{Heap before GC invocations=51 (full 0):
 garbage-first heap   total 227328K, used 184453K [0x0000000080000000, 0x0000000100000000)
  region size 1024K, 78 young (79872K), 2 survivors (2048K)
 Metaspace       used 112031K, capacity 114813K, committed 115020K, reserved 1148928K
  class space    used 13940K, capacity 14917K, committed 14924K, reserved 1048576K
}
Event: 2236.687 GC heap after
{Heap after GC invocations=52 (full 0):
 garbage-first heap   total 227328K, used 110747K [0x0000000080000000, 0x0000000100000000)
  region size 1024K, 5 young (5120K), 5 survivors (5120K)
 Metaspace       used 112031K, capacity 114813K, committed 115020K, reserved 1148928K
  class space    used 13940K, capacity 14917K, committed 14924K, reserved 1048576K
}
Event: 2237.277 GC heap before
{Heap before GC invocations=52 (full 0):
 garbage-first heap   total 227328K, used 186523K [0x0000000080000000, 0x0000000100000000)
  region size 1024K, 80 young (81920K), 5 survivors (5120K)
 Metaspace       used 112051K, capacity 114831K, committed 115020K, reserved 1148928K
  class space    used 13943K, capacity 14923K, committed 14924K, reserved 1048576K
}
Event: 2237.306 GC heap after
{Heap after GC invocations=53 (full 0):
 garbage-first heap   total 227328K, used 112187K [0x0000000080000000, 0x0000000100000000)
  region size 1024K, 6 young (6144K), 6 survivors (6144K)
 Metaspace       used 112051K, capacity 114831K, committed 115020K, reserved 1148928K
  class space    used 13943K, capacity 14923K, committed 14924K, reserved 1048576K
}
Event: 2243.204 GC heap before
{Heap before GC invocations=54 (full 0):
 garbage-first heap   total 227328K, used 190011K [0x0000000080000000, 0x0000000100000000)
  region size 1024K, 82 young (83968K), 6 survivors (6144K)
 Metaspace       used 111786K, capacity 114246K, committed 115020K, reserved 1148928K
  class space    used 13849K, capacity 14738K, committed 14924K, reserved 1048576K
}
Event: 2243.264 GC heap after
{Heap after GC invocations=55 (full 0):
 garbage-first heap   total 227328K, used 125946K [0x0000000080000000, 0x0000000100000000)
  region size 1024K, 11 young (11264K), 11 survivors (11264K)
 Metaspace       used 111786K, capacity 114246K, committed 115020K, reserved 1148928K
  class space    used 13849K, capacity 14738K, committed 14924K, reserved 1048576K
}
Event: 2243.327 GC heap before
{Heap before GC invocations=55 (full 0):
 garbage-first heap   total 227328K, used 126970K [0x0000000080000000, 0x0000000100000000)
  region size 1024K, 12 young (12288K), 11 survivors (11264K)
 Metaspace       used 111801K, capacity 114311K, committed 115020K, reserved 1148928K
  class space    used 13849K, capacity 14738K, committed 14924K, reserved 1048576K
}
Event: 2243.393 GC heap after
{Heap after GC invocations=56 (full 0):
 garbage-first heap   total 227328K, used 113850K [0x0000000080000000, 0x0000000100000000)
  region size 1024K, 2 young (2048K), 2 survivors (2048K)
 Metaspace       used 111801K, capacity 114311K, committed 115020K, reserved 1148928K
  class space    used 13849K, capacity 14738K, committed 14924K, reserved 1048576K
}
Event: 2243.924 GC heap before
{Heap before GC invocations=56 (full 0):
 garbage-first heap   total 227328K, used 122042K [0x0000000080000000, 0x0000000100000000)
  region size 1024K, 11 young (11264K), 2 survivors (2048K)
 Metaspace       used 111974K, capacity 114540K, committed 115404K, reserved 1148928K
  class space    used 13861K, capacity 14787K, committed 15052K, reserved 1048576K
}
Event: 2243.962 GC heap after
{Heap after GC invocations=57 (full 0):
 garbage-first heap   total 227328K, used 111233K [0x0000000080000000, 0x0000000100000000)
  region size 1024K, 2 young (2048K), 2 survivors (2048K)
 Metaspace       used 111974K, capacity 114540K, committed 115404K, reserved 1148928K
  class space    used 13861K, capacity 14787K, committed 15052K, reserved 1048576K
}

