# JRE version: OpenJDK Runtime Environment (11.0.8+10) (build 11.0.8+10-b944.6842174)
# Java VM: OpenJDK 64-Bit Server VM (11.0.8+10-b944.6842174, mixed mode, tiered, compressed oops, g1 gc, windows-amd64)
Heap:
 garbage-first heap   total 480256K, used 249849K [0x0000000080000000, 0x0000000100000000)
  region size 1024K, 87 young (89088K), 21 survivors (21504K)
 Metaspace       used 96053K, capacity 98515K, committed 98688K, reserved 1134592K
  class space    used 12200K, capacity 13076K, committed 13184K, reserved 1048576K
GC Heap History (20 events):
Event: 146.174 GC heap before
{Heap before GC invocations=146 (full 0):
 garbage-first heap   total 412672K, used 353895K [0x0000000080000000, 0x0000000100000000)
  region size 1024K, 190 young (194560K), 7 survivors (7168K)
 Metaspace       used 95984K, capacity 98360K, committed 98688K, reserved 1134592K
  class space    used 12195K, capacity 13071K, committed 13184K, reserved 1048576K
}
Event: 146.192 GC heap after
{Heap after GC invocations=147 (full 0):
 garbage-first heap   total 412672K, used 169063K [0x0000000080000000, 0x0000000100000000)
  region size 1024K, 9 young (9216K), 9 survivors (9216K)
 Metaspace       used 95984K, capacity 98360K, committed 98688K, reserved 1134592K
  class space    used 12195K, capacity 13071K, committed 13184K, reserved 1048576K
}
Event: 146.966 GC heap before
{Heap before GC invocations=147 (full 0):
 garbage-first heap   total 412672K, used 354407K [0x0000000080000000, 0x0000000100000000)
  region size 1024K, 190 young (194560K), 9 survivors (9216K)
 Metaspace       used 95991K, capacity 98361K, committed 98688K, reserved 1134592K
  class space    used 12195K, capacity 13071K, committed 13184K, reserved 1048576K
}
Event: 146.983 GC heap after
{Heap after GC invocations=148 (full 0):
 garbage-first heap   total 412672K, used 169063K [0x0000000080000000, 0x0000000100000000)
  region size 1024K, 9 young (9216K), 9 survivors (9216K)
 Metaspace       used 95991K, capacity 98361K, committed 98688K, reserved 1134592K
  class space    used 12195K, capacity 13071K, committed 13184K, reserved 1048576K
}
Event: 147.968 GC heap before
{Heap before GC invocations=148 (full 0):
 garbage-first heap   total 412672K, used 355431K [0x0000000080000000, 0x0000000100000000)
  region size 1024K, 191 young (195584K), 9 survivors (9216K)
 Metaspace       used 96018K, capacity 98501K, committed 98688K, reserved 1134592K
  class space    used 12198K, capacity 13075K, committed 13184K, reserved 1048576K
}
Event: 147.996 GC heap after
{Heap after GC invocations=149 (full 0):
 garbage-first heap   total 412672K, used 171533K [0x0000000080000000, 0x0000000100000000)
  region size 1024K, 12 young (12288K), 12 survivors (12288K)
 Metaspace       used 96018K, capacity 98501K, committed 98688K, reserved 1134592K
  class space    used 12198K, capacity 13075K, committed 13184K, reserved 1048576K
}
Event: 148.757 GC heap before
{Heap before GC invocations=149 (full 0):
 garbage-first heap   total 412672K, used 353805K [0x0000000080000000, 0x0000000100000000)
  region size 1024K, 190 young (194560K), 12 survivors (12288K)
 Metaspace       used 96022K, capacity 98502K, committed 98688K, reserved 1134592K
  class space    used 12198K, capacity 13075K, committed 13184K, reserved 1048576K
}
Event: 148.781 GC heap after
{Heap after GC invocations=150 (full 0):
 garbage-first heap   total 412672K, used 171623K [0x0000000080000000, 0x0000000100000000)
  region size 1024K, 12 young (12288K), 12 survivors (12288K)
 Metaspace       used 96022K, capacity 98502K, committed 98688K, reserved 1134592K
  class space    used 12198K, capacity 13075K, committed 13184K, reserved 1048576K
}
Event: 149.753 GC heap before
{Heap before GC invocations=150 (full 0):
 garbage-first heap   total 412672K, used 355943K [0x0000000080000000, 0x0000000100000000)
  region size 1024K, 192 young (196608K), 12 survivors (12288K)
 Metaspace       used 96032K, capacity 98510K, committed 98688K, reserved 1134592K
  class space    used 12198K, capacity 13075K, committed 13184K, reserved 1048576K
}
Event: 149.782 GC heap after
{Heap after GC invocations=151 (full 0):
 garbage-first heap   total 412672K, used 174183K [0x0000000080000000, 0x0000000100000000)
  region size 1024K, 14 young (14336K), 14 survivors (14336K)
 Metaspace       used 96032K, capacity 98510K, committed 98688K, reserved 1134592K
  class space    used 12198K, capacity 13075K, committed 13184K, reserved 1048576K
}
Event: 150.728 GC heap before
{Heap before GC invocations=151 (full 0):
 garbage-first heap   total 412672K, used 354407K [0x0000000080000000, 0x0000000100000000)
  region size 1024K, 190 young (194560K), 14 survivors (14336K)
 Metaspace       used 96032K, capacity 98510K, committed 98688K, reserved 1134592K
  class space    used 12198K, capacity 13075K, committed 13184K, reserved 1048576K
}
Event: 150.757 GC heap after
{Heap after GC invocations=152 (full 0):
 garbage-first heap   total 412672K, used 173500K [0x0000000080000000, 0x0000000100000000)
  region size 1024K, 12 young (12288K), 12 survivors (12288K)
 Metaspace       used 96032K, capacity 98510K, committed 98688K, reserved 1134592K
  class space    used 12198K, capacity 13075K, committed 13184K, reserved 1048576K
}
Event: 151.647 GC heap before
{Heap before GC invocations=152 (full 0):
 garbage-first heap   total 412672K, used 356796K [0x0000000080000000, 0x0000000100000000)
  region size 1024K, 191 young (195584K), 12 survivors (12288K)
 Metaspace       used 96033K, capacity 98510K, committed 98688K, reserved 1134592K
  class space    used 12198K, capacity 13075K, committed 13184K, reserved 1048576K
}
Event: 151.677 GC heap after
{Heap after GC invocations=153 (full 0):
 garbage-first heap   total 412672K, used 175036K [0x0000000080000000, 0x0000000100000000)
  region size 1024K, 14 young (14336K), 14 survivors (14336K)
 Metaspace       used 96033K, capacity 98510K, committed 98688K, reserved 1134592K
  class space    used 12198K, capacity 13075K, committed 13184K, reserved 1048576K
}
Event: 152.535 GC heap before
{Heap before GC invocations=153 (full 0):
 garbage-first heap   total 412672K, used 355260K [0x0000000080000000, 0x0000000100000000)
  region size 1024K, 190 young (194560K), 14 survivors (14336K)
 Metaspace       used 96034K, capacity 98510K, committed 98688K, reserved 1134592K
  class space    used 12198K, capacity 13075K, committed 13184K, reserved 1048576K
}
Event: 152.573 GC heap after
{Heap after GC invocations=154 (full 0):
 garbage-first heap   total 480256K, used 176121K [0x0000000080000000, 0x0000000100000000)
  region size 1024K, 14 young (14336K), 14 survivors (14336K)
 Metaspace       used 96034K, capacity 98510K, committed 98688K, reserved 1134592K
  class space    used 12198K, capacity 13075K, committed 13184K, reserved 1048576K
}
Event: 153.737 GC heap before
{Heap before GC invocations=154 (full 0):
 garbage-first heap   total 480256K, used 402425K [0x0000000080000000, 0x0000000100000000)
  region size 1024K, 234 young (239616K), 14 survivors (14336K)
 Metaspace       used 96037K, capacity 98512K, committed 98688K, reserved 1134592K
  class space    used 12198K, capacity 13075K, committed 13184K, reserved 1048576K
}
Event: 153.767 GC heap after
{Heap after GC invocations=155 (full 0):
 garbage-first heap   total 480256K, used 175097K [0x0000000080000000, 0x0000000100000000)
  region size 1024K, 13 young (13312K), 13 survivors (13312K)
 Metaspace       used 96037K, capacity 98512K, committed 98688K, reserved 1134592K
  class space    used 12198K, capacity 13075K, committed 13184K, reserved 1048576K
}
Event: 154.791 GC heap before
{Heap before GC invocations=155 (full 0):
 garbage-first heap   total 480256K, used 403449K [0x0000000080000000, 0x0000000100000000)
  region size 1024K, 236 young (241664K), 13 survivors (13312K)
 Metaspace       used 96043K, capacity 98512K, committed 98688K, reserved 1134592K
  class space    used 12198K, capacity 13075K, committed 13184K, reserved 1048576K
}
Event: 154.834 GC heap after
{Heap after GC invocations=156 (full 0):
 garbage-first heap   total 480256K, used 183289K [0x0000000080000000, 0x0000000100000000)
  region size 1024K, 21 young (21504K), 21 survivors (21504K)
 Metaspace       used 96043K, capacity 98512K, committed 98688K, reserved 1134592K
  class space    used 12198K, capacity 13075K, committed 13184K, reserved 1048576K
}

