# JRE version: OpenJDK Runtime Environment (11.0.8+10) (build 11.0.8+10-b944.6842174)
# Java VM: OpenJDK 64-Bit Server VM (11.0.8+10-b944.6842174, mixed mode, tiered, compressed oops, g1 gc, windows-amd64)
Heap:
 garbage-first heap   total 440320K, used 239960K [0x0000000080000000, 0x0000000100000000)
  region size 1024K, 27 young (27648K), 6 survivors (6144K)
 Metaspace       used 120398K, capacity 124501K, committed 124928K, reserved 1159168K
  class space    used 14634K, capacity 16095K, committed 16256K, reserved 1048576K
GC Heap History (20 events):
Event: 1925.635 GC heap before
{Heap before GC invocations=151 (full 0):
 garbage-first heap   total 440320K, used 230689K [0x0000000080000000, 0x0000000100000000)
  region size 1024K, 23 young (23552K), 2 survivors (2048K)
 Metaspace       used 119950K, capacity 124105K, committed 124288K, reserved 1157120K
  class space    used 14637K, capacity 16120K, committed 16128K, reserved 1048576K
}
Event: 1925.648 GC heap after
{Heap after GC invocations=152 (full 0):
 garbage-first heap   total 440320K, used 210388K [0x0000000080000000, 0x0000000100000000)
  region size 1024K, 2 young (2048K), 2 survivors (2048K)
 Metaspace       used 119950K, capacity 124105K, committed 124288K, reserved 1157120K
  class space    used 14637K, capacity 16120K, committed 16128K, reserved 1048576K
}
Event: 1926.455 GC heap before
{Heap before GC invocations=153 (full 0):
 garbage-first heap   total 440320K, used 263636K [0x0000000080000000, 0x0000000100000000)
  region size 1024K, 126 young (129024K), 2 survivors (2048K)
 Metaspace       used 119869K, capacity 123957K, committed 124288K, reserved 1157120K
  class space    used 14591K, capacity 16029K, committed 16128K, reserved 1048576K
}
Event: 1926.468 GC heap after
{Heap after GC invocations=154 (full 0):
 garbage-first heap   total 440320K, used 120453K [0x0000000080000000, 0x0000000100000000)
  region size 1024K, 4 young (4096K), 4 survivors (4096K)
 Metaspace       used 119869K, capacity 123957K, committed 124288K, reserved 1157120K
  class space    used 14591K, capacity 16029K, committed 16128K, reserved 1048576K
}
Event: 1926.560 GC heap before
{Heap before GC invocations=154 (full 0):
 garbage-first heap   total 440320K, used 136837K [0x0000000080000000, 0x0000000100000000)
  region size 1024K, 21 young (21504K), 4 survivors (4096K)
 Metaspace       used 119869K, capacity 123957K, committed 124288K, reserved 1157120K
  class space    used 14591K, capacity 16029K, committed 16128K, reserved 1048576K
}
Event: 1926.571 GC heap after
{Heap after GC invocations=155 (full 0):
 garbage-first heap   total 440320K, used 94697K [0x0000000080000000, 0x0000000100000000)
  region size 1024K, 1 young (1024K), 1 survivors (1024K)
 Metaspace       used 119869K, capacity 123957K, committed 124288K, reserved 1157120K
  class space    used 14591K, capacity 16029K, committed 16128K, reserved 1048576K
}
Event: 1930.297 GC heap before
{Heap before GC invocations=155 (full 0):
 garbage-first heap   total 440320K, used 187881K [0x0000000080000000, 0x0000000100000000)
  region size 1024K, 94 young (96256K), 1 survivors (1024K)
 Metaspace       used 119948K, capacity 124008K, committed 124288K, reserved 1157120K
  class space    used 14599K, capacity 16043K, committed 16128K, reserved 1048576K
}
Event: 1930.310 GC heap after
{Heap after GC invocations=156 (full 0):
 garbage-first heap   total 440320K, used 98070K [0x0000000080000000, 0x0000000100000000)
  region size 1024K, 4 young (4096K), 4 survivors (4096K)
 Metaspace       used 119948K, capacity 124008K, committed 124288K, reserved 1157120K
  class space    used 14599K, capacity 16043K, committed 16128K, reserved 1048576K
}
Event: 1934.802 GC heap before
{Heap before GC invocations=157 (full 0):
 garbage-first heap   total 440320K, used 328470K [0x0000000080000000, 0x0000000100000000)
  region size 1024K, 193 young (197632K), 4 survivors (4096K)
 Metaspace       used 120383K, capacity 124504K, committed 124928K, reserved 1159168K
  class space    used 14635K, capacity 16096K, committed 16256K, reserved 1048576K
}
Event: 1934.850 GC heap after
{Heap after GC invocations=158 (full 0):
 garbage-first heap   total 440320K, used 135270K [0x0000000080000000, 0x0000000100000000)
  region size 1024K, 22 young (22528K), 22 survivors (22528K)
 Metaspace       used 120383K, capacity 124504K, committed 124928K, reserved 1159168K
  class space    used 14635K, capacity 16096K, committed 16256K, reserved 1048576K
}
Event: 1934.857 GC heap before
{Heap before GC invocations=158 (full 0):
 garbage-first heap   total 440320K, used 136294K [0x0000000080000000, 0x0000000100000000)
  region size 1024K, 23 young (23552K), 22 survivors (22528K)
 Metaspace       used 120383K, capacity 124504K, committed 124928K, reserved 1159168K
  class space    used 14635K, capacity 16096K, committed 16256K, reserved 1048576K
}
Event: 1934.894 GC heap after
{Heap after GC invocations=159 (full 0):
 garbage-first heap   total 440320K, used 131998K [0x0000000080000000, 0x0000000100000000)
  region size 1024K, 2 young (2048K), 2 survivors (2048K)
 Metaspace       used 120383K, capacity 124504K, committed 124928K, reserved 1159168K
  class space    used 14635K, capacity 16096K, committed 16256K, reserved 1048576K
}
Event: 1934.912 GC heap before
{Heap before GC invocations=159 (full 0):
 garbage-first heap   total 440320K, used 131998K [0x0000000080000000, 0x0000000100000000)
  region size 1024K, 3 young (3072K), 2 survivors (2048K)
 Metaspace       used 120383K, capacity 124504K, committed 124928K, reserved 1159168K
  class space    used 14635K, capacity 16096K, committed 16256K, reserved 1048576K
}
Event: 1934.921 GC heap after
{Heap after GC invocations=160 (full 0):
 garbage-first heap   total 440320K, used 130665K [0x0000000080000000, 0x0000000100000000)
  region size 1024K, 1 young (1024K), 1 survivors (1024K)
 Metaspace       used 120383K, capacity 124504K, committed 124928K, reserved 1159168K
  class space    used 14635K, capacity 16096K, committed 16256K, reserved 1048576K
}
Event: 1940.376 GC heap before
{Heap before GC invocations=161 (full 0):
 garbage-first heap   total 440320K, used 337513K [0x0000000080000000, 0x0000000100000000)
  region size 1024K, 175 young (179200K), 1 survivors (1024K)
 Metaspace       used 120398K, capacity 124501K, committed 124928K, reserved 1159168K
  class space    used 14634K, capacity 16095K, committed 16256K, reserved 1048576K
}
Event: 1940.468 GC heap after
{Heap after GC invocations=162 (full 0):
 garbage-first heap   total 440320K, used 212096K [0x0000000080000000, 0x0000000100000000)
  region size 1024K, 22 young (22528K), 22 survivors (22528K)
 Metaspace       used 120398K, capacity 124501K, committed 124928K, reserved 1159168K
  class space    used 14634K, capacity 16095K, committed 16256K, reserved 1048576K
}
Event: 1940.472 GC heap before
{Heap before GC invocations=162 (full 0):
 garbage-first heap   total 440320K, used 213120K [0x0000000080000000, 0x0000000100000000)
  region size 1024K, 23 young (23552K), 22 survivors (22528K)
 Metaspace       used 120398K, capacity 124501K, committed 124928K, reserved 1159168K
  class space    used 14634K, capacity 16095K, committed 16256K, reserved 1048576K
}
Event: 1940.545 GC heap after
{Heap after GC invocations=163 (full 0):
 garbage-first heap   total 440320K, used 214528K [0x0000000080000000, 0x0000000100000000)
  region size 1024K, 2 young (2048K), 2 survivors (2048K)
 Metaspace       used 120398K, capacity 124501K, committed 124928K, reserved 1159168K
  class space    used 14634K, capacity 16095K, committed 16256K, reserved 1048576K
}
Event: 1940.618 GC heap before
{Heap before GC invocations=163 (full 0):
 garbage-first heap   total 440320K, used 241152K [0x0000000080000000, 0x0000000100000000)
  region size 1024K, 29 young (29696K), 2 survivors (2048K)
 Metaspace       used 120398K, capacity 124501K, committed 124928K, reserved 1159168K
  class space    used 14634K, capacity 16095K, committed 16256K, reserved 1048576K
}
Event: 1940.637 GC heap after
{Heap after GC invocations=164 (full 0):
 garbage-first heap   total 440320K, used 218456K [0x0000000080000000, 0x0000000100000000)
  region size 1024K, 6 young (6144K), 6 survivors (6144K)
 Metaspace       used 120398K, capacity 124501K, committed 124928K, reserved 1159168K
  class space    used 14634K, capacity 16095K, committed 16256K, reserved 1048576K
}

