# JRE version: OpenJDK Runtime Environment (11.0.8+10) (build 11.0.8+10-b944.6842174)
# Java VM: OpenJDK 64-Bit Server VM (11.0.8+10-b944.6842174, mixed mode, tiered, compressed oops, g1 gc, windows-amd64)
Heap:
 garbage-first heap   total 131072K, used 93565K [0x0000000080000000, 0x0000000100000000)
  region size 1024K, 36 young (36864K), 4 survivors (4096K)
 Metaspace       used 76520K, capacity 78354K, committed 78540K, reserved 1118208K
  class space    used 9929K, capacity 10583K, committed 10700K, reserved 1048576K
GC Heap History (20 events):
Event: 22.553 GC heap before
{Heap before GC invocations=9 (full 0):
 garbage-first heap   total 131072K, used 81878K [0x0000000080000000, 0x0000000100000000)
  region size 1024K, 62 young (63488K), 6 survivors (6144K)
 Metaspace       used 40769K, capacity 41614K, committed 41932K, reserved 1085440K
  class space    used 5203K, capacity 5501K, committed 5580K, reserved 1048576K
}
Event: 22.572 GC heap after
{Heap after GC invocations=10 (full 0):
 garbage-first heap   total 131072K, used 24292K [0x0000000080000000, 0x0000000100000000)
  region size 1024K, 7 young (7168K), 7 survivors (7168K)
 Metaspace       used 40769K, capacity 41614K, committed 41932K, reserved 1085440K
  class space    used 5203K, capacity 5501K, committed 5580K, reserved 1048576K
}
Event: 25.697 GC heap before
{Heap before GC invocations=10 (full 0):
 garbage-first heap   total 131072K, used 83684K [0x0000000080000000, 0x0000000100000000)
  region size 1024K, 65 young (66560K), 7 survivors (7168K)
 Metaspace       used 44369K, capacity 45325K, committed 45516K, reserved 1089536K
  class space    used 5668K, capacity 6038K, committed 6092K, reserved 1048576K
}
Event: 25.715 GC heap after
{Heap after GC invocations=11 (full 0):
 garbage-first heap   total 131072K, used 27985K [0x0000000080000000, 0x0000000100000000)
  region size 1024K, 7 young (7168K), 7 survivors (7168K)
 Metaspace       used 44369K, capacity 45325K, committed 45516K, reserved 1089536K
  class space    used 5668K, capacity 6038K, committed 6092K, reserved 1048576K
}
Event: 27.944 GC heap before
{Heap before GC invocations=11 (full 0):
 garbage-first heap   total 131072K, used 93521K [0x0000000080000000, 0x0000000100000000)
  region size 1024K, 69 young (70656K), 7 survivors (7168K)
 Metaspace       used 51047K, capacity 52247K, committed 52300K, reserved 1095680K
  class space    used 6511K, capacity 6946K, committed 6988K, reserved 1048576K
}
Event: 27.965 GC heap after
{Heap after GC invocations=12 (full 0):
 garbage-first heap   total 131072K, used 39209K [0x0000000080000000, 0x0000000100000000)
  region size 1024K, 9 young (9216K), 9 survivors (9216K)
 Metaspace       used 51047K, capacity 52247K, committed 52300K, reserved 1095680K
  class space    used 6511K, capacity 6946K, committed 6988K, reserved 1048576K
}
Event: 33.131 GC heap before
{Heap before GC invocations=12 (full 0):
 garbage-first heap   total 131072K, used 95529K [0x0000000080000000, 0x0000000100000000)
  region size 1024K, 64 young (65536K), 9 survivors (9216K)
 Metaspace       used 58119K, capacity 59464K, committed 59596K, reserved 1101824K
  class space    used 7377K, capacity 7864K, committed 7884K, reserved 1048576K
}
Event: 33.146 GC heap after
{Heap after GC invocations=13 (full 0):
 garbage-first heap   total 131072K, used 43542K [0x0000000080000000, 0x0000000100000000)
  region size 1024K, 5 young (5120K), 5 survivors (5120K)
 Metaspace       used 58119K, capacity 59464K, committed 59596K, reserved 1101824K
  class space    used 7377K, capacity 7864K, committed 7884K, reserved 1048576K
}
Event: 33.740 GC heap before
{Heap before GC invocations=13 (full 0):
 garbage-first heap   total 131072K, used 49686K [0x0000000080000000, 0x0000000100000000)
  region size 1024K, 12 young (12288K), 5 survivors (5120K)
 Metaspace       used 58781K, capacity 60109K, committed 60236K, reserved 1101824K
  class space    used 7424K, capacity 7903K, committed 8012K, reserved 1048576K
}
Event: 33.749 GC heap after
{Heap after GC invocations=14 (full 0):
 garbage-first heap   total 131072K, used 44717K [0x0000000080000000, 0x0000000100000000)
  region size 1024K, 6 young (6144K), 6 survivors (6144K)
 Metaspace       used 58781K, capacity 60109K, committed 60236K, reserved 1101824K
  class space    used 7424K, capacity 7903K, committed 8012K, reserved 1048576K
}
Event: 36.158 GC heap before
{Heap before GC invocations=15 (full 0):
 garbage-first heap   total 131072K, used 94893K [0x0000000080000000, 0x0000000100000000)
  region size 1024K, 55 young (56320K), 6 survivors (6144K)
 Metaspace       used 61354K, capacity 62791K, committed 62924K, reserved 1103872K
  class space    used 7794K, capacity 8303K, committed 8396K, reserved 1048576K
}
Event: 36.176 GC heap after
{Heap after GC invocations=16 (full 0):
 garbage-first heap   total 131072K, used 48348K [0x0000000080000000, 0x0000000100000000)
  region size 1024K, 5 young (5120K), 5 survivors (5120K)
 Metaspace       used 61354K, capacity 62791K, committed 62924K, reserved 1103872K
  class space    used 7794K, capacity 8303K, committed 8396K, reserved 1048576K
}
Event: 40.590 GC heap before
{Heap before GC invocations=16 (full 0):
 garbage-first heap   total 131072K, used 98524K [0x0000000080000000, 0x0000000100000000)
  region size 1024K, 54 young (55296K), 5 survivors (5120K)
 Metaspace       used 65214K, capacity 66759K, committed 66892K, reserved 1107968K
  class space    used 8461K, capacity 8979K, committed 9036K, reserved 1048576K
}
Event: 40.602 GC heap after
{Heap after GC invocations=17 (full 0):
 garbage-first heap   total 131072K, used 51856K [0x0000000080000000, 0x0000000100000000)
  region size 1024K, 4 young (4096K), 4 survivors (4096K)
 Metaspace       used 65214K, capacity 66759K, committed 66892K, reserved 1107968K
  class space    used 8461K, capacity 8979K, committed 9036K, reserved 1048576K
}
Event: 43.487 GC heap before
{Heap before GC invocations=17 (full 0):
 garbage-first heap   total 131072K, used 101008K [0x0000000080000000, 0x0000000100000000)
  region size 1024K, 52 young (53248K), 4 survivors (4096K)
 Metaspace       used 70805K, capacity 72480K, committed 72652K, reserved 1112064K
  class space    used 9274K, capacity 9845K, committed 9932K, reserved 1048576K
}
Event: 43.506 GC heap after
{Heap after GC invocations=18 (full 0):
 garbage-first heap   total 131072K, used 54800K [0x0000000080000000, 0x0000000100000000)
  region size 1024K, 7 young (7168K), 7 survivors (7168K)
 Metaspace       used 70805K, capacity 72480K, committed 72652K, reserved 1112064K
  class space    used 9274K, capacity 9845K, committed 9932K, reserved 1048576K
}
Event: 48.289 GC heap before
{Heap before GC invocations=18 (full 0):
 garbage-first heap   total 131072K, used 101904K [0x0000000080000000, 0x0000000100000000)
  region size 1024K, 54 young (55296K), 7 survivors (7168K)
 Metaspace       used 74998K, capacity 76735K, committed 76748K, reserved 1116160K
  class space    used 9815K, capacity 10432K, committed 10444K, reserved 1048576K
}
Event: 48.306 GC heap after
{Heap after GC invocations=19 (full 0):
 garbage-first heap   total 131072K, used 58832K [0x0000000080000000, 0x0000000100000000)
  region size 1024K, 7 young (7168K), 7 survivors (7168K)
 Metaspace       used 74998K, capacity 76735K, committed 76748K, reserved 1116160K
  class space    used 9815K, capacity 10432K, committed 10444K, reserved 1048576K
}
Event: 51.895 GC heap before
{Heap before GC invocations=19 (full 0):
 garbage-first heap   total 131072K, used 102864K [0x0000000080000000, 0x0000000100000000)
  region size 1024K, 51 young (52224K), 7 survivors (7168K)
 Metaspace       used 76394K, capacity 78224K, committed 78540K, reserved 1118208K
  class space    used 9929K, capacity 10583K, committed 10700K, reserved 1048576K
}
Event: 51.911 GC heap after
{Heap after GC invocations=20 (full 0):
 garbage-first heap   total 131072K, used 62845K [0x0000000080000000, 0x0000000100000000)
  region size 1024K, 4 young (4096K), 4 survivors (4096K)
 Metaspace       used 76394K, capacity 78224K, committed 78540K, reserved 1118208K
  class space    used 9929K, capacity 10583K, committed 10700K, reserved 1048576K
}

