# JRE version: OpenJDK Runtime Environment (11.0.8+10) (build 11.0.8+10-b944.6842174)
# Java VM: OpenJDK 64-Bit Server VM (11.0.8+10-b944.6842174, mixed mode, tiered, compressed oops, g1 gc, windows-amd64)
Heap:
 garbage-first heap   total 131072K, used 89167K [0x0000000080000000, 0x0000000100000000)
  region size 1024K, 71 young (72704K), 7 survivors (7168K)
 Metaspace       used 44438K, capacity 45495K, committed 45772K, reserved 1089536K
  class space    used 5677K, capacity 6070K, committed 6092K, reserved 1048576K
GC Heap History (16 events):
Event: 1.260 GC heap before
{Heap before GC invocations=0 (full 0):
 garbage-first heap   total 131072K, used 19456K [0x0000000080000000, 0x0000000100000000)
  region size 1024K, 14 young (14336K), 0 survivors (0K)
 Metaspace       used 7472K, capacity 7663K, committed 7936K, reserved 1056768K
  class space    used 687K, capacity 748K, committed 768K, reserved 1048576K
}
Event: 1.271 GC heap after
{Heap after GC invocations=1 (full 0):
 garbage-first heap   total 131072K, used 7964K [0x0000000080000000, 0x0000000100000000)
  region size 1024K, 2 young (2048K), 2 survivors (2048K)
 Metaspace       used 7472K, capacity 7663K, committed 7936K, reserved 1056768K
  class space    used 687K, capacity 748K, committed 768K, reserved 1048576K
}
Event: 2.139 GC heap before
{Heap before GC invocations=1 (full 0):
 garbage-first heap   total 131072K, used 19228K [0x0000000080000000, 0x0000000100000000)
  region size 1024K, 13 young (13312K), 2 survivors (2048K)
 Metaspace       used 10455K, capacity 10628K, committed 10752K, reserved 1058816K
  class space    used 1100K, capacity 1164K, committed 1280K, reserved 1048576K
}
Event: 2.142 GC heap after
{Heap after GC invocations=2 (full 0):
 garbage-first heap   total 131072K, used 8660K [0x0000000080000000, 0x0000000100000000)
  region size 1024K, 1 young (1024K), 1 survivors (1024K)
 Metaspace       used 10455K, capacity 10628K, committed 10752K, reserved 1058816K
  class space    used 1100K, capacity 1164K, committed 1280K, reserved 1048576K
}
Event: 3.299 GC heap before
{Heap before GC invocations=2 (full 0):
 garbage-first heap   total 131072K, used 35284K [0x0000000080000000, 0x0000000100000000)
  region size 1024K, 28 young (28672K), 1 survivors (1024K)
 Metaspace       used 10624K, capacity 10821K, committed 11008K, reserved 1058816K
  class space    used 1101K, capacity 1164K, committed 1280K, reserved 1048576K
}
Event: 3.303 GC heap after
{Heap after GC invocations=3 (full 0):
 garbage-first heap   total 131072K, used 12466K [0x0000000080000000, 0x0000000100000000)
  region size 1024K, 4 young (4096K), 4 survivors (4096K)
 Metaspace       used 10624K, capacity 10821K, committed 11008K, reserved 1058816K
  class space    used 1101K, capacity 1164K, committed 1280K, reserved 1048576K
}
Event: 9.111 GC heap before
{Heap before GC invocations=3 (full 0):
 garbage-first heap   total 131072K, used 52402K [0x0000000080000000, 0x0000000100000000)
  region size 1024K, 43 young (44032K), 4 survivors (4096K)
 Metaspace       used 18526K, capacity 18969K, committed 19072K, reserved 1067008K
  class space    used 2212K, capacity 2359K, committed 2432K, reserved 1048576K
}
Event: 9.160 GC heap after
{Heap after GC invocations=4 (full 0):
 garbage-first heap   total 131072K, used 15659K [0x0000000080000000, 0x0000000100000000)
  region size 1024K, 4 young (4096K), 4 survivors (4096K)
 Metaspace       used 18526K, capacity 18969K, committed 19072K, reserved 1067008K
  class space    used 2212K, capacity 2359K, committed 2432K, reserved 1048576K
}
Event: 9.566 GC heap before
{Heap before GC invocations=4 (full 0):
 garbage-first heap   total 131072K, used 31019K [0x0000000080000000, 0x0000000100000000)
  region size 1024K, 20 young (20480K), 4 survivors (4096K)
 Metaspace       used 20584K, capacity 21093K, committed 21248K, reserved 1067008K
  class space    used 2519K, capacity 2710K, committed 2816K, reserved 1048576K
}
Event: 9.576 GC heap after
{Heap after GC invocations=5 (full 0):
 garbage-first heap   total 131072K, used 16139K [0x0000000080000000, 0x0000000100000000)
  region size 1024K, 4 young (4096K), 4 survivors (4096K)
 Metaspace       used 20584K, capacity 21093K, committed 21248K, reserved 1067008K
  class space    used 2519K, capacity 2710K, committed 2816K, reserved 1048576K
}
Event: 11.510 GC heap before
{Heap before GC invocations=6 (full 0):
 garbage-first heap   total 131072K, used 69387K [0x0000000080000000, 0x0000000100000000)
  region size 1024K, 56 young (57344K), 4 survivors (4096K)
 Metaspace       used 26498K, capacity 27128K, committed 27264K, reserved 1073152K
  class space    used 3473K, capacity 3704K, committed 3712K, reserved 1048576K
}
Event: 11.519 GC heap after
{Heap after GC invocations=7 (full 0):
 garbage-first heap   total 131072K, used 18190K [0x0000000080000000, 0x0000000100000000)
  region size 1024K, 6 young (6144K), 6 survivors (6144K)
 Metaspace       used 26498K, capacity 27128K, committed 27264K, reserved 1073152K
  class space    used 3473K, capacity 3704K, committed 3712K, reserved 1048576K
}
Event: 13.873 GC heap before
{Heap before GC invocations=7 (full 0):
 garbage-first heap   total 131072K, used 62222K [0x0000000080000000, 0x0000000100000000)
  region size 1024K, 51 young (52224K), 6 survivors (6144K)
 Metaspace       used 35066K, capacity 35811K, committed 35840K, reserved 1081344K
  class space    used 4559K, capacity 4854K, committed 4864K, reserved 1048576K
}
Event: 13.903 GC heap after
{Heap after GC invocations=8 (full 0):
 garbage-first heap   total 131072K, used 21548K [0x0000000080000000, 0x0000000100000000)
  region size 1024K, 6 young (6144K), 6 survivors (6144K)
 Metaspace       used 35066K, capacity 35811K, committed 35840K, reserved 1081344K
  class space    used 4559K, capacity 4854K, committed 4864K, reserved 1048576K
}
Event: 16.777 GC heap before
{Heap before GC invocations=9 (full 0):
 garbage-first heap   total 131072K, used 87084K [0x0000000080000000, 0x0000000100000000)
  region size 1024K, 67 young (68608K), 6 survivors (6144K)
 Metaspace       used 41124K, capacity 42023K, committed 42188K, reserved 1085440K
  class space    used 5262K, capacity 5574K, committed 5580K, reserved 1048576K
}
Event: 16.797 GC heap after
{Heap after GC invocations=10 (full 0):
 garbage-first heap   total 131072K, used 24655K [0x0000000080000000, 0x0000000100000000)
  region size 1024K, 7 young (7168K), 7 survivors (7168K)
 Metaspace       used 41124K, capacity 42023K, committed 42188K, reserved 1085440K
  class space    used 5262K, capacity 5574K, committed 5580K, reserved 1048576K
}

