# JRE version: OpenJDK Runtime Environment (11.0.8+10) (build 11.0.8+10-b944.6842174)
# Java VM: OpenJDK 64-Bit Server VM (11.0.8+10-b944.6842174, mixed mode, tiered, compressed oops, g1 gc, windows-amd64)
Heap:
 garbage-first heap   total 623616K, used 335536K [0x0000000080000000, 0x0000000100000000)
  region size 1024K, 9 young (9216K), 9 survivors (9216K)
 Metaspace       used 100670K, capacity 103060K, committed 103244K, reserved 1138688K
  class space    used 12577K, capacity 13408K, committed 13440K, reserved 1048576K
GC Heap History (20 events):
Event: 51.222 GC heap after
{Heap after GC invocations=48 (full 0):
 garbage-first heap   total 328704K, used 166148K [0x0000000080000000, 0x0000000100000000)
  region size 1024K, 2 young (2048K), 2 survivors (2048K)
 Metaspace       used 95470K, capacity 97667K, committed 97868K, reserved 1134592K
  class space    used 11868K, capacity 12603K, committed 12672K, reserved 1048576K
}
Event: 51.578 GC heap before
{Heap before GC invocations=48 (full 0):
 garbage-first heap   total 328704K, used 198916K [0x0000000080000000, 0x0000000100000000)
  region size 1024K, 36 young (36864K), 2 survivors (2048K)
 Metaspace       used 95500K, capacity 97731K, committed 97868K, reserved 1134592K
  class space    used 11869K, capacity 12603K, committed 12672K, reserved 1048576K
}
Event: 51.605 GC heap after
{Heap after GC invocations=49 (full 0):
 garbage-first heap   total 328704K, used 174282K [0x0000000080000000, 0x0000000100000000)
  region size 1024K, 10 young (10240K), 10 survivors (10240K)
 Metaspace       used 95500K, capacity 97731K, committed 97868K, reserved 1134592K
  class space    used 11869K, capacity 12603K, committed 12672K, reserved 1048576K
}
Event: 52.609 GC heap before
{Heap before GC invocations=50 (full 0):
 garbage-first heap   total 328704K, used 243914K [0x0000000080000000, 0x0000000100000000)
  region size 1024K, 71 young (72704K), 10 survivors (10240K)
 Metaspace       used 95785K, capacity 98010K, committed 98124K, reserved 1134592K
  class space    used 11874K, capacity 12605K, committed 12672K, reserved 1048576K
}
Event: 52.717 GC heap after
{Heap after GC invocations=51 (full 0):
 garbage-first heap   total 328704K, used 200849K [0x0000000080000000, 0x0000000100000000)
  region size 1024K, 9 young (9216K), 9 survivors (9216K)
 Metaspace       used 95785K, capacity 98010K, committed 98124K, reserved 1134592K
  class space    used 11874K, capacity 12605K, committed 12672K, reserved 1048576K
}
Event: 52.956 GC heap before
{Heap before GC invocations=51 (full 0):
 garbage-first heap   total 328704K, used 206993K [0x0000000080000000, 0x0000000100000000)
  region size 1024K, 16 young (16384K), 9 survivors (9216K)
 Metaspace       used 95913K, capacity 98084K, committed 98380K, reserved 1134592K
  class space    used 11886K, capacity 12608K, committed 12672K, reserved 1048576K
}
Event: 53.016 GC heap after
{Heap after GC invocations=52 (full 0):
 garbage-first heap   total 328704K, used 200704K [0x0000000080000000, 0x0000000100000000)
  region size 1024K, 2 young (2048K), 2 survivors (2048K)
 Metaspace       used 95913K, capacity 98084K, committed 98380K, reserved 1134592K
  class space    used 11886K, capacity 12608K, committed 12672K, reserved 1048576K
}
Event: 55.423 GC heap before
{Heap before GC invocations=52 (full 0):
 garbage-first heap   total 328704K, used 250880K [0x0000000080000000, 0x0000000100000000)
  region size 1024K, 51 young (52224K), 2 survivors (2048K)
 Metaspace       used 98080K, capacity 100339K, committed 100556K, reserved 1136640K
  class space    used 12249K, capacity 13030K, committed 13056K, reserved 1048576K
}
Event: 55.482 GC heap after
{Heap after GC invocations=53 (full 0):
 garbage-first heap   total 328704K, used 223232K [0x0000000080000000, 0x0000000100000000)
  region size 1024K, 7 young (7168K), 7 survivors (7168K)
 Metaspace       used 98080K, capacity 100339K, committed 100556K, reserved 1136640K
  class space    used 12249K, capacity 13030K, committed 13056K, reserved 1048576K
}
Event: 55.940 GC heap before
{Heap before GC invocations=53 (full 0):
 garbage-first heap   total 328704K, used 260096K [0x0000000080000000, 0x0000000100000000)
  region size 1024K, 43 young (44032K), 7 survivors (7168K)
 Metaspace       used 98274K, capacity 100566K, committed 100940K, reserved 1136640K
  class space    used 12274K, capacity 13062K, committed 13184K, reserved 1048576K
}
Event: 56.015 GC heap after
{Heap after GC invocations=54 (full 0):
 garbage-first heap   total 328704K, used 244224K [0x0000000080000000, 0x0000000100000000)
  region size 1024K, 6 young (6144K), 6 survivors (6144K)
 Metaspace       used 98274K, capacity 100566K, committed 100940K, reserved 1136640K
  class space    used 12274K, capacity 13062K, committed 13184K, reserved 1048576K
}
Event: 56.216 GC heap before
{Heap before GC invocations=54 (full 0):
 garbage-first heap   total 328704K, used 267776K [0x0000000080000000, 0x0000000100000000)
  region size 1024K, 29 young (29696K), 6 survivors (6144K)
 Metaspace       used 98274K, capacity 100566K, committed 100940K, reserved 1136640K
  class space    used 12274K, capacity 13062K, committed 13184K, reserved 1048576K
}
Event: 56.262 GC heap after
{Heap after GC invocations=55 (full 0):
 garbage-first heap   total 484352K, used 258048K [0x0000000080000000, 0x0000000100000000)
  region size 1024K, 4 young (4096K), 4 survivors (4096K)
 Metaspace       used 98274K, capacity 100566K, committed 100940K, reserved 1136640K
  class space    used 12274K, capacity 13062K, committed 13184K, reserved 1048576K
}
Event: 57.405 GC heap before
{Heap before GC invocations=56 (full 0):
 garbage-first heap   total 484352K, used 331776K [0x0000000080000000, 0x0000000100000000)
  region size 1024K, 78 young (79872K), 4 survivors (4096K)
 Metaspace       used 98331K, capacity 100593K, committed 100940K, reserved 1136640K
  class space    used 12285K, capacity 13074K, committed 13184K, reserved 1048576K
}
Event: 57.505 GC heap after
{Heap after GC invocations=57 (full 0):
 garbage-first heap   total 484352K, used 299008K [0x0000000080000000, 0x0000000100000000)
  region size 1024K, 10 young (10240K), 10 survivors (10240K)
 Metaspace       used 98331K, capacity 100593K, committed 100940K, reserved 1136640K
  class space    used 12285K, capacity 13074K, committed 13184K, reserved 1048576K
}
Event: 59.214 GC heap before
{Heap before GC invocations=57 (full 0):
 garbage-first heap   total 484352K, used 358400K [0x0000000080000000, 0x0000000100000000)
  region size 1024K, 68 young (69632K), 10 survivors (10240K)
 Metaspace       used 100287K, capacity 102623K, committed 102732K, reserved 1138688K
  class space    used 12539K, capacity 13353K, committed 13440K, reserved 1048576K
}
Event: 59.271 GC heap after
{Heap after GC invocations=58 (full 0):
 garbage-first heap   total 484352K, used 311296K [0x0000000080000000, 0x0000000100000000)
  region size 1024K, 9 young (9216K), 9 survivors (9216K)
 Metaspace       used 100287K, capacity 102623K, committed 102732K, reserved 1138688K
  class space    used 12539K, capacity 13353K, committed 13440K, reserved 1048576K
}
Event: 60.117 GC heap before
{Heap before GC invocations=58 (full 0):
 garbage-first heap   total 484352K, used 369664K [0x0000000080000000, 0x0000000100000000)
  region size 1024K, 66 young (67584K), 9 survivors (9216K)
 Metaspace       used 100608K, capacity 102981K, committed 103244K, reserved 1138688K
  class space    used 12569K, capacity 13403K, committed 13440K, reserved 1048576K
}
Event: 60.158 GC heap after
{Heap after GC invocations=59 (full 0):
 garbage-first heap   total 484352K, used 319425K [0x0000000080000000, 0x0000000100000000)
  region size 1024K, 7 young (7168K), 7 survivors (7168K)
 Metaspace       used 100608K, capacity 102981K, committed 103244K, reserved 1138688K
  class space    used 12569K, capacity 13403K, committed 13440K, reserved 1048576K
}
Event: 62.427 GC heap before
{Heap before GC invocations=59 (full 0):
 garbage-first heap   total 484352K, used 384961K [0x0000000080000000, 0x0000000100000000)
  region size 1024K, 65 young (66560K), 7 survivors (7168K)
 Metaspace       used 100670K, capacity 103060K, committed 103244K, reserved 1138688K
  class space    used 12577K, capacity 13408K, committed 13440K, reserved 1048576K
}

