# JRE version: OpenJDK Runtime Environment (11.0.8+10) (build 11.0.8+10-b944.6842174)
# Java VM: OpenJDK 64-Bit Server VM (11.0.8+10-b944.6842174, mixed mode, tiered, compressed oops, g1 gc, windows-amd64)
Heap:
 garbage-first heap   total 227328K, used 123305K [0x0000000080000000, 0x0000000100000000)
  region size 1024K, 11 young (11264K), 10 survivors (10240K)
 Metaspace       used 110540K, capacity 113568K, committed 113612K, reserved 1148928K
  class space    used 13909K, capacity 15010K, committed 15052K, reserved 1048576K
GC Heap History (20 events):
Event: 1172.099 GC heap before
{Heap before GC invocations=46 (full 0):
 garbage-first heap   total 227328K, used 202712K [0x0000000080000000, 0x0000000100000000)
  region size 1024K, 81 young (82944K), 4 survivors (4096K)
 Metaspace       used 109358K, capacity 112349K, committed 112588K, reserved 1146880K
  class space    used 13901K, capacity 15005K, committed 15052K, reserved 1048576K
}
Event: 1172.117 GC heap after
{Heap after GC invocations=47 (full 0):
 garbage-first heap   total 227328K, used 110560K [0x0000000080000000, 0x0000000100000000)
  region size 1024K, 9 young (9216K), 9 survivors (9216K)
 Metaspace       used 109358K, capacity 112349K, committed 112588K, reserved 1146880K
  class space    used 13901K, capacity 15005K, committed 15052K, reserved 1048576K
}
Event: 1172.833 GC heap before
{Heap before GC invocations=47 (full 0):
 garbage-first heap   total 227328K, used 185312K [0x0000000080000000, 0x0000000100000000)
  region size 1024K, 83 young (84992K), 9 survivors (9216K)
 Metaspace       used 109374K, capacity 112349K, committed 112588K, reserved 1146880K
  class space    used 13901K, capacity 15005K, committed 15052K, reserved 1048576K
}
Event: 1172.852 GC heap after
{Heap after GC invocations=48 (full 0):
 garbage-first heap   total 227328K, used 112300K [0x0000000080000000, 0x0000000100000000)
  region size 1024K, 7 young (7168K), 7 survivors (7168K)
 Metaspace       used 109374K, capacity 112349K, committed 112588K, reserved 1146880K
  class space    used 13901K, capacity 15005K, committed 15052K, reserved 1048576K
}
Event: 1173.699 GC heap before
{Heap before GC invocations=49 (full 0):
 garbage-first heap   total 227328K, used 188076K [0x0000000080000000, 0x0000000100000000)
  region size 1024K, 82 young (83968K), 7 survivors (7168K)
 Metaspace       used 109397K, capacity 112358K, committed 112588K, reserved 1146880K
  class space    used 13902K, capacity 15007K, committed 15052K, reserved 1048576K
}
Event: 1173.722 GC heap after
{Heap after GC invocations=50 (full 0):
 garbage-first heap   total 227328K, used 114206K [0x0000000080000000, 0x0000000100000000)
  region size 1024K, 4 young (4096K), 4 survivors (4096K)
 Metaspace       used 109397K, capacity 112358K, committed 112588K, reserved 1146880K
  class space    used 13902K, capacity 15007K, committed 15052K, reserved 1048576K
}
Event: 1173.942 GC heap before
{Heap before GC invocations=50 (full 0):
 garbage-first heap   total 227328K, used 121374K [0x0000000080000000, 0x0000000100000000)
  region size 1024K, 11 young (11264K), 4 survivors (4096K)
 Metaspace       used 109450K, capacity 112428K, committed 112588K, reserved 1146880K
  class space    used 13907K, capacity 15008K, committed 15052K, reserved 1048576K
}
Event: 1173.966 GC heap after
{Heap after GC invocations=51 (full 0):
 garbage-first heap   total 227328K, used 110660K [0x0000000080000000, 0x0000000100000000)
  region size 1024K, 1 young (1024K), 1 survivors (1024K)
 Metaspace       used 109450K, capacity 112428K, committed 112588K, reserved 1146880K
  class space    used 13907K, capacity 15008K, committed 15052K, reserved 1048576K
}
Event: 1176.836 GC heap before
{Heap before GC invocations=51 (full 0):
 garbage-first heap   total 227328K, used 189508K [0x0000000080000000, 0x0000000100000000)
  region size 1024K, 77 young (78848K), 1 survivors (1024K)
 Metaspace       used 109832K, capacity 112821K, committed 113100K, reserved 1146880K
  class space    used 13907K, capacity 15008K, committed 15052K, reserved 1048576K
}
Event: 1176.847 GC heap after
{Heap after GC invocations=52 (full 0):
 garbage-first heap   total 227328K, used 114620K [0x0000000080000000, 0x0000000100000000)
  region size 1024K, 3 young (3072K), 3 survivors (3072K)
 Metaspace       used 109832K, capacity 112821K, committed 113100K, reserved 1146880K
  class space    used 13907K, capacity 15008K, committed 15052K, reserved 1048576K
}
Event: 1177.431 GC heap before
{Heap before GC invocations=53 (full 0):
 garbage-first heap   total 227328K, used 188348K [0x0000000080000000, 0x0000000100000000)
  region size 1024K, 77 young (78848K), 3 survivors (3072K)
 Metaspace       used 109853K, capacity 112822K, committed 113100K, reserved 1146880K
  class space    used 13907K, capacity 15008K, committed 15052K, reserved 1048576K
}
Event: 1177.439 GC heap after
{Heap after GC invocations=54 (full 0):
 garbage-first heap   total 227328K, used 110798K [0x0000000080000000, 0x0000000100000000)
  region size 1024K, 2 young (2048K), 2 survivors (2048K)
 Metaspace       used 109853K, capacity 112822K, committed 113100K, reserved 1146880K
  class space    used 13907K, capacity 15008K, committed 15052K, reserved 1048576K
}
Event: 1177.496 GC heap before
{Heap before GC invocations=54 (full 0):
 garbage-first heap   total 227328K, used 118990K [0x0000000080000000, 0x0000000100000000)
  region size 1024K, 11 young (11264K), 2 survivors (2048K)
 Metaspace       used 109853K, capacity 112822K, committed 113100K, reserved 1146880K
  class space    used 13907K, capacity 15008K, committed 15052K, reserved 1048576K
}
Event: 1177.503 GC heap after
{Heap after GC invocations=55 (full 0):
 garbage-first heap   total 227328K, used 106072K [0x0000000080000000, 0x0000000100000000)
  region size 1024K, 1 young (1024K), 1 survivors (1024K)
 Metaspace       used 109853K, capacity 112822K, committed 113100K, reserved 1146880K
  class space    used 13907K, capacity 15008K, committed 15052K, reserved 1048576K
}
Event: 1443.683 GC heap before
{Heap before GC invocations=55 (full 0):
 garbage-first heap   total 227328K, used 206424K [0x0000000080000000, 0x0000000100000000)
  region size 1024K, 81 young (82944K), 1 survivors (1024K)
 Metaspace       used 110315K, capacity 113300K, committed 113356K, reserved 1146880K
  class space    used 13907K, capacity 15009K, committed 15052K, reserved 1048576K
}
Event: 1443.687 GC heap after
{Heap after GC invocations=56 (full 0):
 garbage-first heap   total 227328K, used 106309K [0x0000000080000000, 0x0000000100000000)
  region size 1024K, 1 young (1024K), 1 survivors (1024K)
 Metaspace       used 110315K, capacity 113300K, committed 113356K, reserved 1146880K
  class space    used 13907K, capacity 15009K, committed 15052K, reserved 1048576K
}
Event: 1494.632 GC heap before
{Heap before GC invocations=56 (full 0):
 garbage-first heap   total 227328K, used 190277K [0x0000000080000000, 0x0000000100000000)
  region size 1024K, 83 young (84992K), 1 survivors (1024K)
 Metaspace       used 110440K, capacity 113437K, committed 113612K, reserved 1148928K
  class space    used 13909K, capacity 15010K, committed 15052K, reserved 1048576K
}
Event: 1494.642 GC heap after
{Heap after GC invocations=57 (full 0):
 garbage-first heap   total 227328K, used 111734K [0x0000000080000000, 0x0000000100000000)
  region size 1024K, 6 young (6144K), 6 survivors (6144K)
 Metaspace       used 110440K, capacity 113437K, committed 113612K, reserved 1148928K
  class space    used 13909K, capacity 15010K, committed 15052K, reserved 1048576K
}
Event: 1495.063 GC heap before
{Heap before GC invocations=57 (full 0):
 garbage-first heap   total 227328K, used 189558K [0x0000000080000000, 0x0000000100000000)
  region size 1024K, 83 young (84992K), 6 survivors (6144K)
 Metaspace       used 110449K, capacity 113437K, committed 113612K, reserved 1148928K
  class space    used 13909K, capacity 15010K, committed 15052K, reserved 1048576K
}
Event: 1495.074 GC heap after
{Heap after GC invocations=58 (full 0):
 garbage-first heap   total 227328K, used 113292K [0x0000000080000000, 0x0000000100000000)
  region size 1024K, 7 young (7168K), 7 survivors (7168K)
 Metaspace       used 110449K, capacity 113437K, committed 113612K, reserved 1148928K
  class space    used 13909K, capacity 15010K, committed 15052K, reserved 1048576K
}

