# JRE version: OpenJDK Runtime Environment (11.0.8+10) (build 11.0.8+10-b944.6842174)
# Java VM: OpenJDK 64-Bit Server VM (11.0.8+10-b944.6842174, mixed mode, tiered, compressed oops, g1 gc, windows-amd64)
Heap:
 garbage-first heap   total 157696K, used 73001K [0x0000000080000000, 0x0000000100000000)
  region size 1024K, 22 young (22528K), 10 survivors (10240K)
 Metaspace       used 55298K, capacity 56853K, committed 57036K, reserved 1099776K
  class space    used 7053K, capacity 7523K, committed 7628K, reserved 1048576K
GC Heap History (20 events):
Event: 0.665 GC heap before
{Heap before GC invocations=0 (full 0):
 garbage-first heap   total 131072K, used 19456K [0x0000000080000000, 0x0000000100000000)
  region size 1024K, 14 young (14336K), 0 survivors (0K)
 Metaspace       used 7481K, capacity 7679K, committed 7936K, reserved 1056768K
  class space    used 688K, capacity 748K, committed 768K, reserved 1048576K
}
Event: 0.674 GC heap after
{Heap after GC invocations=1 (full 0):
 garbage-first heap   total 131072K, used 7728K [0x0000000080000000, 0x0000000100000000)
  region size 1024K, 2 young (2048K), 2 survivors (2048K)
 Metaspace       used 7481K, capacity 7679K, committed 7936K, reserved 1056768K
  class space    used 688K, capacity 748K, committed 768K, reserved 1048576K
}
Event: 1.056 GC heap before
{Heap before GC invocations=1 (full 0):
 garbage-first heap   total 131072K, used 18992K [0x0000000080000000, 0x0000000100000000)
  region size 1024K, 13 young (13312K), 2 survivors (2048K)
 Metaspace       used 10440K, capacity 10644K, committed 11008K, reserved 1058816K
  class space    used 1100K, capacity 1164K, committed 1280K, reserved 1048576K
}
Event: 1.059 GC heap after
{Heap after GC invocations=2 (full 0):
 garbage-first heap   total 131072K, used 8504K [0x0000000080000000, 0x0000000100000000)
  region size 1024K, 1 young (1024K), 1 survivors (1024K)
 Metaspace       used 10440K, capacity 10644K, committed 11008K, reserved 1058816K
  class space    used 1100K, capacity 1164K, committed 1280K, reserved 1048576K
}
Event: 1.522 GC heap before
{Heap before GC invocations=2 (full 0):
 garbage-first heap   total 131072K, used 35128K [0x0000000080000000, 0x0000000100000000)
  region size 1024K, 28 young (28672K), 1 survivors (1024K)
 Metaspace       used 10614K, capacity 10773K, committed 11008K, reserved 1058816K
  class space    used 1101K, capacity 1164K, committed 1280K, reserved 1048576K
}
Event: 1.526 GC heap after
{Heap after GC invocations=3 (full 0):
 garbage-first heap   total 131072K, used 12491K [0x0000000080000000, 0x0000000100000000)
  region size 1024K, 4 young (4096K), 4 survivors (4096K)
 Metaspace       used 10614K, capacity 10773K, committed 11008K, reserved 1058816K
  class space    used 1101K, capacity 1164K, committed 1280K, reserved 1048576K
}
Event: 2.945 GC heap before
{Heap before GC invocations=3 (full 0):
 garbage-first heap   total 131072K, used 52427K [0x0000000080000000, 0x0000000100000000)
  region size 1024K, 43 young (44032K), 4 survivors (4096K)
 Metaspace       used 18416K, capacity 18821K, committed 19072K, reserved 1067008K
  class space    used 2205K, capacity 2337K, committed 2432K, reserved 1048576K
}
Event: 2.957 GC heap after
{Heap after GC invocations=4 (full 0):
 garbage-first heap   total 131072K, used 15526K [0x0000000080000000, 0x0000000100000000)
  region size 1024K, 4 young (4096K), 4 survivors (4096K)
 Metaspace       used 18416K, capacity 18821K, committed 19072K, reserved 1067008K
  class space    used 2205K, capacity 2337K, committed 2432K, reserved 1048576K
}
Event: 3.164 GC heap before
{Heap before GC invocations=4 (full 0):
 garbage-first heap   total 131072K, used 30886K [0x0000000080000000, 0x0000000100000000)
  region size 1024K, 20 young (20480K), 4 survivors (4096K)
 Metaspace       used 20622K, capacity 21108K, committed 21248K, reserved 1067008K
  class space    used 2530K, capacity 2721K, committed 2816K, reserved 1048576K
}
Event: 3.169 GC heap after
{Heap after GC invocations=5 (full 0):
 garbage-first heap   total 131072K, used 16079K [0x0000000080000000, 0x0000000100000000)
  region size 1024K, 4 young (4096K), 4 survivors (4096K)
 Metaspace       used 20622K, capacity 21108K, committed 21248K, reserved 1067008K
  class space    used 2530K, capacity 2721K, committed 2816K, reserved 1048576K
}
Event: 3.952 GC heap before
{Heap before GC invocations=6 (full 0):
 garbage-first heap   total 131072K, used 78543K [0x0000000080000000, 0x0000000100000000)
  region size 1024K, 57 young (58368K), 4 survivors (4096K)
 Metaspace       used 26179K, capacity 26880K, committed 27008K, reserved 1073152K
  class space    used 3415K, capacity 3651K, committed 3712K, reserved 1048576K
}
Event: 3.965 GC heap after
{Heap after GC invocations=7 (full 0):
 garbage-first heap   total 131072K, used 29392K [0x0000000080000000, 0x0000000100000000)
  region size 1024K, 8 young (8192K), 8 survivors (8192K)
 Metaspace       used 26179K, capacity 26880K, committed 27008K, reserved 1073152K
  class space    used 3415K, capacity 3651K, committed 3712K, reserved 1048576K
}
Event: 4.859 GC heap before
{Heap before GC invocations=7 (full 0):
 garbage-first heap   total 131072K, used 79568K [0x0000000080000000, 0x0000000100000000)
  region size 1024K, 59 young (60416K), 8 survivors (8192K)
 Metaspace       used 35060K, capacity 35835K, committed 35840K, reserved 1081344K
  class space    used 4547K, capacity 4862K, committed 4864K, reserved 1048576K
}
Event: 4.872 GC heap after
{Heap after GC invocations=8 (full 0):
 garbage-first heap   total 157696K, used 33347K [0x0000000080000000, 0x0000000100000000)
  region size 1024K, 9 young (9216K), 9 survivors (9216K)
 Metaspace       used 35060K, capacity 35835K, committed 35840K, reserved 1081344K
  class space    used 4547K, capacity 4862K, committed 4864K, reserved 1048576K
}
Event: 6.222 GC heap before
{Heap before GC invocations=9 (full 0):
 garbage-first heap   total 157696K, used 112195K [0x0000000080000000, 0x0000000100000000)
  region size 1024K, 76 young (77824K), 9 survivors (9216K)
 Metaspace       used 42147K, capacity 43209K, committed 43340K, reserved 1087488K
  class space    used 5316K, capacity 5673K, committed 5708K, reserved 1048576K
}
Event: 6.238 GC heap after
{Heap after GC invocations=10 (full 0):
 garbage-first heap   total 157696K, used 46720K [0x0000000080000000, 0x0000000100000000)
  region size 1024K, 10 young (10240K), 10 survivors (10240K)
 Metaspace       used 42147K, capacity 43209K, committed 43340K, reserved 1087488K
  class space    used 5316K, capacity 5673K, committed 5708K, reserved 1048576K
}
Event: 7.415 GC heap before
{Heap before GC invocations=10 (full 0):
 garbage-first heap   total 157696K, used 119424K [0x0000000080000000, 0x0000000100000000)
  region size 1024K, 81 young (82944K), 10 survivors (10240K)
 Metaspace       used 46724K, capacity 48029K, committed 48204K, reserved 1091584K
  class space    used 5990K, capacity 6401K, committed 6476K, reserved 1048576K
}
Event: 7.432 GC heap after
{Heap after GC invocations=11 (full 0):
 garbage-first heap   total 157696K, used 51775K [0x0000000080000000, 0x0000000100000000)
  region size 1024K, 5 young (5120K), 5 survivors (5120K)
 Metaspace       used 46724K, capacity 48029K, committed 48204K, reserved 1091584K
  class space    used 5990K, capacity 6401K, committed 6476K, reserved 1048576K
}
Event: 8.568 GC heap before
{Heap before GC invocations=11 (full 0):
 garbage-first heap   total 157696K, used 123455K [0x0000000080000000, 0x0000000100000000)
  region size 1024K, 73 young (74752K), 5 survivors (5120K)
 Metaspace       used 53896K, capacity 55391K, committed 55500K, reserved 1097728K
  class space    used 6868K, capacity 7336K, committed 7372K, reserved 1048576K
}
Event: 8.579 GC heap after
{Heap after GC invocations=12 (full 0):
 garbage-first heap   total 157696K, used 61737K [0x0000000080000000, 0x0000000100000000)
  region size 1024K, 10 young (10240K), 10 survivors (10240K)
 Metaspace       used 53896K, capacity 55391K, committed 55500K, reserved 1097728K
  class space    used 6868K, capacity 7336K, committed 7372K, reserved 1048576K
}

