# JRE version: OpenJDK Runtime Environment (11.0.8+10) (build 11.0.8+10-b944.6842174)
# Java VM: OpenJDK 64-Bit Server VM (11.0.8+10-b944.6842174, mixed mode, tiered, compressed oops, g1 gc, windows-amd64)
Heap:
 garbage-first heap   total 227328K, used 184509K [0x0000000080000000, 0x0000000100000000)
  region size 1024K, 29 young (29696K), 3 survivors (3072K)
 Metaspace       used 118836K, capacity 121886K, committed 121984K, reserved 1155072K
  class space    used 14706K, capacity 15731K, committed 15744K, reserved 1048576K
GC Heap History (20 events):
Event: 8575.823 GC heap before
{Heap before GC invocations=61 (full 0):
 garbage-first heap   total 227328K, used 217088K [0x0000000080000000, 0x0000000100000000)
  region size 1024K, 20 young (20480K), 5 survivors (5120K)
 Metaspace       used 117599K, capacity 120550K, committed 120704K, reserved 1155072K
  class space    used 14602K, capacity 15642K, committed 15744K, reserved 1048576K
}
Event: 8575.849 GC heap after
{Heap after GC invocations=62 (full 0):
 garbage-first heap   total 227328K, used 174592K [0x0000000080000000, 0x0000000100000000)
  region size 1024K, 1 young (1024K), 1 survivors (1024K)
 Metaspace       used 117599K, capacity 120550K, committed 120704K, reserved 1155072K
  class space    used 14602K, capacity 15642K, committed 15744K, reserved 1048576K
}
Event: 8575.974 GC heap before
{Heap before GC invocations=62 (full 0):
 garbage-first heap   total 227328K, used 186879K [0x0000000080000000, 0x0000000100000000)
  region size 1024K, 11 young (11264K), 1 survivors (1024K)
 Metaspace       used 117614K, capacity 120574K, committed 120704K, reserved 1155072K
  class space    used 14604K, capacity 15646K, committed 15744K, reserved 1048576K
}
Event: 8576.007 GC heap after
{Heap after GC invocations=63 (full 0):
 garbage-first heap   total 227328K, used 161792K [0x0000000080000000, 0x0000000100000000)
  region size 1024K, 1 young (1024K), 1 survivors (1024K)
 Metaspace       used 117614K, capacity 120574K, committed 120704K, reserved 1155072K
  class space    used 14604K, capacity 15646K, committed 15744K, reserved 1048576K
}
Event: 8576.267 GC heap before
{Heap before GC invocations=63 (full 0):
 garbage-first heap   total 227328K, used 171008K [0x0000000080000000, 0x0000000100000000)
  region size 1024K, 11 young (11264K), 1 survivors (1024K)
 Metaspace       used 118036K, capacity 120953K, committed 121216K, reserved 1155072K
  class space    used 14659K, capacity 15685K, committed 15744K, reserved 1048576K
}
Event: 8576.295 GC heap after
{Heap after GC invocations=64 (full 0):
 garbage-first heap   total 227328K, used 157813K [0x0000000080000000, 0x0000000100000000)
  region size 1024K, 2 young (2048K), 2 survivors (2048K)
 Metaspace       used 118036K, capacity 120953K, committed 121216K, reserved 1155072K
  class space    used 14659K, capacity 15685K, committed 15744K, reserved 1048576K
}
Event: 8576.962 GC heap before
{Heap before GC invocations=64 (full 0):
 garbage-first heap   total 227328K, used 181365K [0x0000000080000000, 0x0000000100000000)
  region size 1024K, 25 young (25600K), 2 survivors (2048K)
 Metaspace       used 118247K, capacity 121210K, committed 121472K, reserved 1155072K
  class space    used 14661K, capacity 15685K, committed 15744K, reserved 1048576K
}
Event: 8576.970 GC heap after
{Heap after GC invocations=65 (full 0):
 garbage-first heap   total 227328K, used 158443K [0x0000000080000000, 0x0000000100000000)
  region size 1024K, 2 young (2048K), 2 survivors (2048K)
 Metaspace       used 118247K, capacity 121210K, committed 121472K, reserved 1155072K
  class space    used 14661K, capacity 15685K, committed 15744K, reserved 1048576K
}
Event: 8577.537 GC heap before
{Heap before GC invocations=65 (full 0):
 garbage-first heap   total 227328K, used 184043K [0x0000000080000000, 0x0000000100000000)
  region size 1024K, 27 young (27648K), 2 survivors (2048K)
 Metaspace       used 118449K, capacity 121426K, committed 121728K, reserved 1155072K
  class space    used 14676K, capacity 15692K, committed 15744K, reserved 1048576K
}
Event: 8577.542 GC heap after
{Heap after GC invocations=66 (full 0):
 garbage-first heap   total 227328K, used 158942K [0x0000000080000000, 0x0000000100000000)
  region size 1024K, 3 young (3072K), 3 survivors (3072K)
 Metaspace       used 118449K, capacity 121426K, committed 121728K, reserved 1155072K
  class space    used 14676K, capacity 15692K, committed 15744K, reserved 1048576K
}
Event: 8578.256 GC heap before
{Heap before GC invocations=66 (full 0):
 garbage-first heap   total 227328K, used 184542K [0x0000000080000000, 0x0000000100000000)
  region size 1024K, 29 young (29696K), 3 survivors (3072K)
 Metaspace       used 118809K, capacity 121811K, committed 121984K, reserved 1155072K
  class space    used 14705K, capacity 15730K, committed 15744K, reserved 1048576K
}
Event: 8578.261 GC heap after
{Heap after GC invocations=67 (full 0):
 garbage-first heap   total 227328K, used 158423K [0x0000000080000000, 0x0000000100000000)
  region size 1024K, 2 young (2048K), 2 survivors (2048K)
 Metaspace       used 118809K, capacity 121811K, committed 121984K, reserved 1155072K
  class space    used 14705K, capacity 15730K, committed 15744K, reserved 1048576K
}
Event: 8579.124 GC heap before
{Heap before GC invocations=67 (full 0):
 garbage-first heap   total 227328K, used 186071K [0x0000000080000000, 0x0000000100000000)
  region size 1024K, 30 young (30720K), 2 survivors (2048K)
 Metaspace       used 118813K, capacity 121812K, committed 121984K, reserved 1155072K
  class space    used 14705K, capacity 15730K, committed 15744K, reserved 1048576K
}
Event: 8579.128 GC heap after
{Heap after GC invocations=68 (full 0):
 garbage-first heap   total 227328K, used 158752K [0x0000000080000000, 0x0000000100000000)
  region size 1024K, 2 young (2048K), 2 survivors (2048K)
 Metaspace       used 118813K, capacity 121812K, committed 121984K, reserved 1155072K
  class space    used 14705K, capacity 15730K, committed 15744K, reserved 1048576K
}
Event: 8579.817 GC heap before
{Heap before GC invocations=68 (full 0):
 garbage-first heap   total 227328K, used 187424K [0x0000000080000000, 0x0000000100000000)
  region size 1024K, 31 young (31744K), 2 survivors (2048K)
 Metaspace       used 118816K, capacity 121812K, committed 121984K, reserved 1155072K
  class space    used 14705K, capacity 15730K, committed 15744K, reserved 1048576K
}
Event: 8579.821 GC heap after
{Heap after GC invocations=69 (full 0):
 garbage-first heap   total 227328K, used 159135K [0x0000000080000000, 0x0000000100000000)
  region size 1024K, 3 young (3072K), 3 survivors (3072K)
 Metaspace       used 118816K, capacity 121812K, committed 121984K, reserved 1155072K
  class space    used 14705K, capacity 15730K, committed 15744K, reserved 1048576K
}
Event: 8580.206 GC heap before
{Heap before GC invocations=69 (full 0):
 garbage-first heap   total 227328K, used 188831K [0x0000000080000000, 0x0000000100000000)
  region size 1024K, 33 young (33792K), 3 survivors (3072K)
 Metaspace       used 118816K, capacity 121812K, committed 121984K, reserved 1155072K
  class space    used 14705K, capacity 15730K, committed 15744K, reserved 1048576K
}
Event: 8580.211 GC heap after
{Heap after GC invocations=70 (full 0):
 garbage-first heap   total 227328K, used 159430K [0x0000000080000000, 0x0000000100000000)
  region size 1024K, 3 young (3072K), 3 survivors (3072K)
 Metaspace       used 118816K, capacity 121812K, committed 121984K, reserved 1155072K
  class space    used 14705K, capacity 15730K, committed 15744K, reserved 1048576K
}
Event: 8581.020 GC heap before
{Heap before GC invocations=70 (full 0):
 garbage-first heap   total 227328K, used 190150K [0x0000000080000000, 0x0000000100000000)
  region size 1024K, 34 young (34816K), 3 survivors (3072K)
 Metaspace       used 118829K, capacity 121880K, committed 121984K, reserved 1155072K
  class space    used 14705K, capacity 15730K, committed 15744K, reserved 1048576K
}
Event: 8581.026 GC heap after
{Heap after GC invocations=71 (full 0):
 garbage-first heap   total 227328K, used 159933K [0x0000000080000000, 0x0000000100000000)
  region size 1024K, 3 young (3072K), 3 survivors (3072K)
 Metaspace       used 118829K, capacity 121880K, committed 121984K, reserved 1155072K
  class space    used 14705K, capacity 15730K, committed 15744K, reserved 1048576K
}

