# JRE version: OpenJDK Runtime Environment (11.0.8+10) (build 11.0.8+10-b944.6842174)
# Java VM: OpenJDK 64-Bit Server VM (11.0.8+10-b944.6842174, mixed mode, tiered, compressed oops, g1 gc, windows-amd64)
Heap:
 garbage-first heap   total 227328K, used 149023K [0x0000000080000000, 0x0000000100000000)
  region size 1024K, 39 young (39936K), 6 survivors (6144K)
 Metaspace       used 89469K, capacity 91576K, committed 91852K, reserved 1128448K
  class space    used 11193K, capacity 11943K, committed 11980K, reserved 1048576K
GC Heap History (20 events):
Event: 31.625 GC heap before
{Heap before GC invocations=20 (full 0):
 garbage-first heap   total 227328K, used 174811K [0x0000000080000000, 0x0000000100000000)
  region size 1024K, 108 young (110592K), 10 survivors (10240K)
 Metaspace       used 80505K, capacity 82461K, committed 82508K, reserved 1120256K
  class space    used 10404K, capacity 11071K, committed 11084K, reserved 1048576K
}
Event: 31.658 GC heap after
{Heap after GC invocations=21 (full 0):
 garbage-first heap   total 227328K, used 79963K [0x0000000080000000, 0x0000000100000000)
  region size 1024K, 10 young (10240K), 10 survivors (10240K)
 Metaspace       used 80505K, capacity 82461K, committed 82508K, reserved 1120256K
  class space    used 10404K, capacity 11071K, committed 11084K, reserved 1048576K
}
Event: 33.600 GC heap before
{Heap before GC invocations=21 (full 0):
 garbage-first heap   total 227328K, used 179291K [0x0000000080000000, 0x0000000100000000)
  region size 1024K, 108 young (110592K), 10 survivors (10240K)
 Metaspace       used 81555K, capacity 83515K, committed 83660K, reserved 1122304K
  class space    used 10515K, capacity 11190K, committed 11212K, reserved 1048576K
}
Event: 33.634 GC heap after
{Heap after GC invocations=22 (full 0):
 garbage-first heap   total 227328K, used 84616K [0x0000000080000000, 0x0000000100000000)
  region size 1024K, 10 young (10240K), 10 survivors (10240K)
 Metaspace       used 81555K, capacity 83515K, committed 83660K, reserved 1122304K
  class space    used 10515K, capacity 11190K, committed 11212K, reserved 1048576K
}
Event: 42.262 GC heap before
{Heap before GC invocations=22 (full 0):
 garbage-first heap   total 227328K, used 181896K [0x0000000080000000, 0x0000000100000000)
  region size 1024K, 106 young (108544K), 10 survivors (10240K)
 Metaspace       used 82780K, capacity 84746K, committed 84812K, reserved 1122304K
  class space    used 10630K, capacity 11302K, committed 11340K, reserved 1048576K
}
Event: 42.312 GC heap after
{Heap after GC invocations=23 (full 0):
 garbage-first heap   total 227328K, used 92420K [0x0000000080000000, 0x0000000100000000)
  region size 1024K, 13 young (13312K), 13 survivors (13312K)
 Metaspace       used 82780K, capacity 84746K, committed 84812K, reserved 1122304K
  class space    used 10630K, capacity 11302K, committed 11340K, reserved 1048576K
}
Event: 46.236 GC heap before
{Heap before GC invocations=23 (full 0):
 garbage-first heap   total 227328K, used 204036K [0x0000000080000000, 0x0000000100000000)
  region size 1024K, 102 young (104448K), 13 survivors (13312K)
 Metaspace       used 87122K, capacity 89201K, committed 89420K, reserved 1126400K
  class space    used 11110K, capacity 11822K, committed 11852K, reserved 1048576K
}
Event: 46.269 GC heap after
{Heap after GC invocations=24 (full 0):
 garbage-first heap   total 227328K, used 88693K [0x0000000080000000, 0x0000000100000000)
  region size 1024K, 3 young (3072K), 3 survivors (3072K)
 Metaspace       used 87122K, capacity 89201K, committed 89420K, reserved 1126400K
  class space    used 11110K, capacity 11822K, committed 11852K, reserved 1048576K
}
Event: 228.988 GC heap before
{Heap before GC invocations=24 (full 0):
 garbage-first heap   total 227328K, used 185973K [0x0000000080000000, 0x0000000100000000)
  region size 1024K, 99 young (101376K), 3 survivors (3072K)
 Metaspace       used 88958K, capacity 91205K, committed 91340K, reserved 1128448K
  class space    used 11193K, capacity 11947K, committed 11980K, reserved 1048576K
}
Event: 229.014 GC heap after
{Heap after GC invocations=25 (full 0):
 garbage-first heap   total 227328K, used 93692K [0x0000000080000000, 0x0000000100000000)
  region size 1024K, 8 young (8192K), 8 survivors (8192K)
 Metaspace       used 88958K, capacity 91205K, committed 91340K, reserved 1128448K
  class space    used 11193K, capacity 11947K, committed 11980K, reserved 1048576K
}
Event: 231.486 GC heap before
{Heap before GC invocations=25 (full 0):
 garbage-first heap   total 227328K, used 185852K [0x0000000080000000, 0x0000000100000000)
  region size 1024K, 99 young (101376K), 8 survivors (8192K)
 Metaspace       used 88981K, capacity 91205K, committed 91340K, reserved 1128448K
  class space    used 11193K, capacity 11947K, committed 11980K, reserved 1048576K
}
Event: 231.511 GC heap after
{Heap after GC invocations=26 (full 0):
 garbage-first heap   total 227328K, used 95332K [0x0000000080000000, 0x0000000100000000)
  region size 1024K, 8 young (8192K), 8 survivors (8192K)
 Metaspace       used 88981K, capacity 91205K, committed 91340K, reserved 1128448K
  class space    used 11193K, capacity 11947K, committed 11980K, reserved 1048576K
}
Event: 234.394 GC heap before
{Heap before GC invocations=26 (full 0):
 garbage-first heap   total 227328K, used 187492K [0x0000000080000000, 0x0000000100000000)
  region size 1024K, 99 young (101376K), 8 survivors (8192K)
 Metaspace       used 89069K, capacity 91216K, committed 91340K, reserved 1128448K
  class space    used 11194K, capacity 11949K, committed 11980K, reserved 1048576K
}
Event: 234.419 GC heap after
{Heap after GC invocations=27 (full 0):
 garbage-first heap   total 227328K, used 97253K [0x0000000080000000, 0x0000000100000000)
  region size 1024K, 5 young (5120K), 5 survivors (5120K)
 Metaspace       used 89069K, capacity 91216K, committed 91340K, reserved 1128448K
  class space    used 11194K, capacity 11949K, committed 11980K, reserved 1048576K
}
Event: 244.831 GC heap before
{Heap before GC invocations=27 (full 0):
 garbage-first heap   total 227328K, used 188389K [0x0000000080000000, 0x0000000100000000)
  region size 1024K, 95 young (97280K), 5 survivors (5120K)
 Metaspace       used 89096K, capacity 91221K, committed 91340K, reserved 1128448K
  class space    used 11195K, capacity 11950K, committed 11980K, reserved 1048576K
}
Event: 244.847 GC heap after
{Heap after GC invocations=28 (full 0):
 garbage-first heap   total 227328K, used 99661K [0x0000000080000000, 0x0000000100000000)
  region size 1024K, 7 young (7168K), 7 survivors (7168K)
 Metaspace       used 89096K, capacity 91221K, committed 91340K, reserved 1128448K
  class space    used 11195K, capacity 11950K, committed 11980K, reserved 1048576K
}
Event: 246.405 GC heap before
{Heap before GC invocations=28 (full 0):
 garbage-first heap   total 227328K, used 191821K [0x0000000080000000, 0x0000000100000000)
  region size 1024K, 96 young (98304K), 7 survivors (7168K)
 Metaspace       used 89232K, capacity 91422K, committed 91596K, reserved 1128448K
  class space    used 11196K, capacity 11951K, committed 11980K, reserved 1048576K
}
Event: 246.419 GC heap after
{Heap after GC invocations=29 (full 0):
 garbage-first heap   total 227328K, used 101003K [0x0000000080000000, 0x0000000100000000)
  region size 1024K, 7 young (7168K), 7 survivors (7168K)
 Metaspace       used 89232K, capacity 91422K, committed 91596K, reserved 1128448K
  class space    used 11196K, capacity 11951K, committed 11980K, reserved 1048576K
}
Event: 246.722 GC heap before
{Heap before GC invocations=29 (full 0):
 garbage-first heap   total 227328K, used 114315K [0x0000000080000000, 0x0000000100000000)
  region size 1024K, 13 young (13312K), 7 survivors (7168K)
 Metaspace       used 89279K, capacity 91433K, committed 91596K, reserved 1128448K
  class space    used 11197K, capacity 11952K, committed 11980K, reserved 1048576K
}
Event: 246.741 GC heap after
{Heap after GC invocations=30 (full 0):
 garbage-first heap   total 227328K, used 108063K [0x0000000080000000, 0x0000000100000000)
  region size 1024K, 6 young (6144K), 6 survivors (6144K)
 Metaspace       used 89279K, capacity 91433K, committed 91596K, reserved 1128448K
  class space    used 11197K, capacity 11952K, committed 11980K, reserved 1048576K
}

