# JRE version: OpenJDK Runtime Environment (11.0.8+10) (build 11.0.8+10-b944.6842174)
# Java VM: OpenJDK 64-Bit Server VM (11.0.8+10-b944.6842174, mixed mode, tiered, compressed oops, g1 gc, windows-amd64)
Heap:
 garbage-first heap   total 178176K, used 143834K [0x0000000080000000, 0x0000000100000000)
  region size 1024K, 12 young (12288K), 3 survivors (3072K)
 Metaspace       used 109408K, capacity 112162K, committed 112384K, reserved 1146880K
  class space    used 13960K, capacity 14982K, committed 15104K, reserved 1048576K
GC Heap History (20 events):
Event: 677.459 GC heap before
{Heap before GC invocations=50 (full 0):
 garbage-first heap   total 167936K, used 141845K [0x0000000080000000, 0x0000000100000000)
  region size 1024K, 11 young (11264K), 2 survivors (2048K)
 Metaspace       used 107453K, capacity 110082K, committed 110336K, reserved 1144832K
  class space    used 13781K, capacity 14746K, committed 14848K, reserved 1048576K
}
Event: 677.469 GC heap after
{Heap after GC invocations=51 (full 0):
 garbage-first heap   total 167936K, used 136178K [0x0000000080000000, 0x0000000100000000)
  region size 1024K, 2 young (2048K), 2 survivors (2048K)
 Metaspace       used 107453K, capacity 110082K, committed 110336K, reserved 1144832K
  class space    used 13781K, capacity 14746K, committed 14848K, reserved 1048576K
}
Event: 677.613 GC heap before
{Heap before GC invocations=51 (full 0):
 garbage-first heap   total 167936K, used 141298K [0x0000000080000000, 0x0000000100000000)
  region size 1024K, 8 young (8192K), 2 survivors (2048K)
 Metaspace       used 107465K, capacity 110146K, committed 110336K, reserved 1144832K
  class space    used 13781K, capacity 14746K, committed 14848K, reserved 1048576K
}
Event: 677.643 GC heap after
{Heap after GC invocations=52 (full 0):
 garbage-first heap   total 167936K, used 132008K [0x0000000080000000, 0x0000000100000000)
  region size 1024K, 1 young (1024K), 1 survivors (1024K)
 Metaspace       used 107465K, capacity 110146K, committed 110336K, reserved 1144832K
  class space    used 13781K, capacity 14746K, committed 14848K, reserved 1048576K
}
Event: 678.034 GC heap before
{Heap before GC invocations=52 (full 0):
 garbage-first heap   total 178176K, used 167848K [0x0000000080000000, 0x0000000100000000)
  region size 1024K, 8 young (8192K), 1 survivors (1024K)
 Metaspace       used 107871K, capacity 110631K, committed 110848K, reserved 1144832K
  class space    used 13817K, capacity 14817K, committed 14848K, reserved 1048576K
}
Event: 678.043 GC heap after
{Heap after GC invocations=53 (full 0):
 garbage-first heap   total 178176K, used 133595K [0x0000000080000000, 0x0000000100000000)
  region size 1024K, 1 young (1024K), 1 survivors (1024K)
 Metaspace       used 107871K, capacity 110631K, committed 110848K, reserved 1144832K
  class space    used 13817K, capacity 14817K, committed 14848K, reserved 1048576K
}
Event: 678.528 GC heap before
{Heap before GC invocations=53 (full 0):
 garbage-first heap   total 178176K, used 144859K [0x0000000080000000, 0x0000000100000000)
  region size 1024K, 13 young (13312K), 1 survivors (1024K)
 Metaspace       used 108811K, capacity 111626K, committed 111744K, reserved 1146880K
  class space    used 13897K, capacity 14914K, committed 14976K, reserved 1048576K
}
Event: 678.532 GC heap after
{Heap after GC invocations=54 (full 0):
 garbage-first heap   total 178176K, used 133924K [0x0000000080000000, 0x0000000100000000)
  region size 1024K, 1 young (1024K), 1 survivors (1024K)
 Metaspace       used 108811K, capacity 111626K, committed 111744K, reserved 1146880K
  class space    used 13897K, capacity 14914K, committed 14976K, reserved 1048576K
}
Event: 679.064 GC heap before
{Heap before GC invocations=54 (full 0):
 garbage-first heap   total 178176K, used 149284K [0x0000000080000000, 0x0000000100000000)
  region size 1024K, 14 young (14336K), 1 survivors (1024K)
 Metaspace       used 108968K, capacity 111693K, committed 112000K, reserved 1146880K
  class space    used 13921K, capacity 14915K, committed 14976K, reserved 1048576K
}
Event: 679.068 GC heap after
{Heap after GC invocations=55 (full 0):
 garbage-first heap   total 178176K, used 134280K [0x0000000080000000, 0x0000000100000000)
  region size 1024K, 2 young (2048K), 2 survivors (2048K)
 Metaspace       used 108968K, capacity 111693K, committed 112000K, reserved 1146880K
  class space    used 13921K, capacity 14915K, committed 14976K, reserved 1048576K
}
Event: 679.399 GC heap before
{Heap before GC invocations=55 (full 0):
 garbage-first heap   total 178176K, used 147592K [0x0000000080000000, 0x0000000100000000)
  region size 1024K, 16 young (16384K), 2 survivors (2048K)
 Metaspace       used 108968K, capacity 111693K, committed 112000K, reserved 1146880K
  class space    used 13921K, capacity 14915K, committed 14976K, reserved 1048576K
}
Event: 679.403 GC heap after
{Heap after GC invocations=56 (full 0):
 garbage-first heap   total 178176K, used 134522K [0x0000000080000000, 0x0000000100000000)
  region size 1024K, 2 young (2048K), 2 survivors (2048K)
 Metaspace       used 108968K, capacity 111693K, committed 112000K, reserved 1146880K
  class space    used 13921K, capacity 14915K, committed 14976K, reserved 1048576K
}
Event: 679.860 GC heap before
{Heap before GC invocations=56 (full 0):
 garbage-first heap   total 178176K, used 147834K [0x0000000080000000, 0x0000000100000000)
  region size 1024K, 16 young (16384K), 2 survivors (2048K)
 Metaspace       used 108974K, capacity 111693K, committed 112000K, reserved 1146880K
  class space    used 13921K, capacity 14915K, committed 14976K, reserved 1048576K
}
Event: 679.863 GC heap after
{Heap after GC invocations=57 (full 0):
 garbage-first heap   total 178176K, used 134786K [0x0000000080000000, 0x0000000100000000)
  region size 1024K, 2 young (2048K), 2 survivors (2048K)
 Metaspace       used 108974K, capacity 111693K, committed 112000K, reserved 1146880K
  class space    used 13921K, capacity 14915K, committed 14976K, reserved 1048576K
}
Event: 680.709 GC heap before
{Heap before GC invocations=57 (full 0):
 garbage-first heap   total 178176K, used 149122K [0x0000000080000000, 0x0000000100000000)
  region size 1024K, 17 young (17408K), 2 survivors (2048K)
 Metaspace       used 108974K, capacity 111693K, committed 112000K, reserved 1146880K
  class space    used 13921K, capacity 14915K, committed 14976K, reserved 1048576K
}
Event: 680.713 GC heap after
{Heap after GC invocations=58 (full 0):
 garbage-first heap   total 178176K, used 134864K [0x0000000080000000, 0x0000000100000000)
  region size 1024K, 2 young (2048K), 2 survivors (2048K)
 Metaspace       used 108974K, capacity 111693K, committed 112000K, reserved 1146880K
  class space    used 13921K, capacity 14915K, committed 14976K, reserved 1048576K
}
Event: 681.072 GC heap before
{Heap before GC invocations=58 (full 0):
 garbage-first heap   total 178176K, used 151248K [0x0000000080000000, 0x0000000100000000)
  region size 1024K, 18 young (18432K), 2 survivors (2048K)
 Metaspace       used 108974K, capacity 111693K, committed 112000K, reserved 1146880K
  class space    used 13921K, capacity 14915K, committed 14976K, reserved 1048576K
}
Event: 681.076 GC heap after
{Heap after GC invocations=59 (full 0):
 garbage-first heap   total 178176K, used 135344K [0x0000000080000000, 0x0000000100000000)
  region size 1024K, 2 young (2048K), 2 survivors (2048K)
 Metaspace       used 108974K, capacity 111693K, committed 112000K, reserved 1146880K
  class space    used 13921K, capacity 14915K, committed 14976K, reserved 1048576K
}
Event: 681.499 GC heap before
{Heap before GC invocations=59 (full 0):
 garbage-first heap   total 178176K, used 151728K [0x0000000080000000, 0x0000000100000000)
  region size 1024K, 19 young (19456K), 2 survivors (2048K)
 Metaspace       used 109160K, capacity 111938K, committed 112000K, reserved 1146880K
  class space    used 13930K, capacity 14950K, committed 14976K, reserved 1048576K
}
Event: 681.503 GC heap after
{Heap after GC invocations=60 (full 0):
 garbage-first heap   total 178176K, used 136666K [0x0000000080000000, 0x0000000100000000)
  region size 1024K, 3 young (3072K), 3 survivors (3072K)
 Metaspace       used 109160K, capacity 111938K, committed 112000K, reserved 1146880K
  class space    used 13930K, capacity 14950K, committed 14976K, reserved 1048576K
}

